{"C:\\Users\\CHair\\Documents\\Program Elvis\\Github\\COSC4353_SoftwareDesignGroup1_Summer2026\\Assignment_3_Group_1\\AdminBackend\\QSAdminBackend.js": {"path":"C:\\Users\\CHair\\Documents\\Program Elvis\\Github\\COSC4353_SoftwareDesignGroup1_Summer2026\\Assignment_3_Group_1\\AdminBackend\\QSAdminBackend.js","statementMap":{"0":{"start":{"line":5,"column":13},"end":{"line":5,"column":28}},"1":{"start":{"line":6,"column":16},"end":{"line":6,"column":34}},"2":{"start":{"line":7,"column":13},"end":{"line":7,"column":28}},"3":{"start":{"line":8,"column":19},"end":{"line":8,"column":39}},"4":{"start":{"line":9,"column":11},"end":{"line":9,"column":24}},"5":{"start":{"line":10,"column":13},"end":{"line":10,"column":28}},"6":{"start":{"line":11,"column":11},"end":{"line":11,"column":24}},"7":{"start":{"line":12,"column":18},"end":{"line":12,"column":34}},"8":{"start":{"line":14,"column":13},"end":{"line":14,"column":82}},"9":{"start":{"line":16,"column":12},"end":{"line":16,"column":21}},"10":{"start":{"line":17,"column":0},"end":{"line":17,"column":16}},"11":{"start":{"line":18,"column":0},"end":{"line":18,"column":24}},"12":{"start":{"line":21,"column":15},"end":{"line":21,"column":37}},"13":{"start":{"line":22,"column":11},"end":{"line":22,"column":56}},"14":{"start":{"line":25,"column":16},"end":{"line":25,"column":25}},"15":{"start":{"line":26,"column":0},"end":{"line":26,"column":20}},"16":{"start":{"line":27,"column":0},"end":{"line":27,"column":28}},"17":{"start":{"line":28,"column":19},"end":{"line":28,"column":45}},"18":{"start":{"line":31,"column":18},"end":{"line":31,"column":20}},"19":{"start":{"line":37,"column":4},"end":{"line":37,"column":41}},"20":{"start":{"line":38,"column":4},"end":{"line":38,"column":27}},"21":{"start":{"line":39,"column":4},"end":{"line":39,"column":31}},"22":{"start":{"line":40,"column":4},"end":{"line":40,"column":29}},"23":{"start":{"line":41,"column":4},"end":{"line":41,"column":35}},"24":{"start":{"line":42,"column":4},"end":{"line":42,"column":31}},"25":{"start":{"line":48,"column":16},"end":{"line":48,"column":18}},"26":{"start":{"line":64,"column":45},"end":{"line":64,"column":101}},"27":{"start":{"line":64,"column":76},"end":{"line":64,"column":99}},"28":{"start":{"line":68,"column":16},"end":{"line":68,"column":51}},"29":{"start":{"line":69,"column":2},"end":{"line":69,"column":63}},"30":{"start":{"line":69,"column":47},"end":{"line":69,"column":63}},"31":{"start":{"line":70,"column":2},"end":{"line":70,"column":16}},"32":{"start":{"line":75,"column":2},"end":{"line":119,"column":3}},"33":{"start":{"line":77,"column":15},"end":{"line":77,"column":28}},"34":{"start":{"line":78,"column":17},"end":{"line":78,"column":32}},"35":{"start":{"line":80,"column":26},"end":{"line":80,"column":104}},"36":{"start":{"line":81,"column":26},"end":{"line":81,"column":108}},"37":{"start":{"line":83,"column":19},"end":{"line":83,"column":57}},"38":{"start":{"line":84,"column":19},"end":{"line":84,"column":57}},"39":{"start":{"line":87,"column":24},"end":{"line":91,"column":39}},"40":{"start":{"line":87,"column":33},"end":{"line":91,"column":39}},"41":{"start":{"line":93,"column":4},"end":{"line":93,"column":37}},"42":{"start":{"line":94,"column":4},"end":{"line":94,"column":37}},"43":{"start":{"line":97,"column":27},"end":{"line":100,"column":32}},"44":{"start":{"line":99,"column":16},"end":{"line":99,"column":71}},"45":{"start":{"line":100,"column":19},"end":{"line":100,"column":31}},"46":{"start":{"line":106,"column":27},"end":{"line":109,"column":32}},"47":{"start":{"line":108,"column":16},"end":{"line":108,"column":71}},"48":{"start":{"line":109,"column":19},"end":{"line":109,"column":31}},"49":{"start":{"line":114,"column":4},"end":{"line":114,"column":82}},"50":{"start":{"line":118,"column":4},"end":{"line":118,"column":93}},"51":{"start":{"line":124,"column":2},"end":{"line":165,"column":3}},"52":{"start":{"line":126,"column":34},"end":{"line":126,"column":39}},"53":{"start":{"line":128,"column":4},"end":{"line":128,"column":92}},"54":{"start":{"line":130,"column":19},"end":{"line":130,"column":79}},"55":{"start":{"line":132,"column":22},"end":{"line":157,"column":6}},"56":{"start":{"line":134,"column":24},"end":{"line":134,"column":26}},"57":{"start":{"line":135,"column":6},"end":{"line":142,"column":77}},"58":{"start":{"line":137,"column":10},"end":{"line":139,"column":41}},"59":{"start":{"line":137,"column":16},"end":{"line":137,"column":58}},"60":{"start":{"line":139,"column":22},"end":{"line":139,"column":39}},"61":{"start":{"line":142,"column":11},"end":{"line":142,"column":77}},"62":{"start":{"line":142,"column":47},"end":{"line":142,"column":77}},"63":{"start":{"line":144,"column":6},"end":{"line":144,"column":62}},"64":{"start":{"line":144,"column":47},"end":{"line":144,"column":60}},"65":{"start":{"line":146,"column":6},"end":{"line":156,"column":8}},"66":{"start":{"line":159,"column":4},"end":{"line":159,"column":45}},"67":{"start":{"line":163,"column":4},"end":{"line":163,"column":98}},"68":{"start":{"line":164,"column":4},"end":{"line":164,"column":14}},"69":{"start":{"line":168,"column":25},"end":{"line":168,"column":27}},"70":{"start":{"line":175,"column":2},"end":{"line":175,"column":133}},"71":{"start":{"line":175,"column":73},"end":{"line":175,"column":133}},"72":{"start":{"line":176,"column":2},"end":{"line":176,"column":153}},"73":{"start":{"line":176,"column":94},"end":{"line":176,"column":153}},"74":{"start":{"line":177,"column":2},"end":{"line":177,"column":177}},"75":{"start":{"line":177,"column":112},"end":{"line":177,"column":177}},"76":{"start":{"line":179,"column":18},"end":{"line":179,"column":37}},"77":{"start":{"line":180,"column":2},"end":{"line":180,"column":105}},"78":{"start":{"line":180,"column":28},"end":{"line":180,"column":105}},"79":{"start":{"line":182,"column":25},"end":{"line":182,"column":50}},"80":{"start":{"line":183,"column":2},"end":{"line":183,"column":131}},"81":{"start":{"line":183,"column":52},"end":{"line":183,"column":131}},"82":{"start":{"line":185,"column":24},"end":{"line":185,"column":25}},"83":{"start":{"line":186,"column":23},"end":{"line":186,"column":31}},"84":{"start":{"line":188,"column":2},"end":{"line":199,"column":3}},"85":{"start":{"line":190,"column":22},"end":{"line":190,"column":59}},"86":{"start":{"line":191,"column":4},"end":{"line":198,"column":5}},"87":{"start":{"line":193,"column":28},"end":{"line":193,"column":48}},"88":{"start":{"line":193,"column":49},"end":{"line":193,"column":72}},"89":{"start":{"line":193,"column":73},"end":{"line":193,"column":79}},"90":{"start":{"line":194,"column":31},"end":{"line":194,"column":51}},"91":{"start":{"line":194,"column":52},"end":{"line":194,"column":78}},"92":{"start":{"line":194,"column":79},"end":{"line":194,"column":85}},"93":{"start":{"line":195,"column":29},"end":{"line":195,"column":49}},"94":{"start":{"line":195,"column":50},"end":{"line":195,"column":74}},"95":{"start":{"line":195,"column":75},"end":{"line":195,"column":81}},"96":{"start":{"line":201,"column":2},"end":{"line":210,"column":4}},"97":{"start":{"line":215,"column":24},"end":{"line":215,"column":97}},"98":{"start":{"line":215,"column":53},"end":{"line":215,"column":96}},"99":{"start":{"line":217,"column":2},"end":{"line":217,"column":34}},"100":{"start":{"line":217,"column":22},"end":{"line":217,"column":34}},"101":{"start":{"line":219,"column":26},"end":{"line":219,"column":53}},"102":{"start":{"line":221,"column":2},"end":{"line":221,"column":87}},"103":{"start":{"line":222,"column":2},"end":{"line":222,"column":51}},"104":{"start":{"line":223,"column":2},"end":{"line":223,"column":23}},"105":{"start":{"line":229,"column":2},"end":{"line":229,"column":47}},"106":{"start":{"line":231,"column":26},"end":{"line":231,"column":60}},"107":{"start":{"line":232,"column":2},"end":{"line":232,"column":89}},"108":{"start":{"line":232,"column":35},"end":{"line":232,"column":84}},"109":{"start":{"line":236,"column":0},"end":{"line":364,"column":3}},"110":{"start":{"line":239,"column":28},"end":{"line":239,"column":47}},"111":{"start":{"line":241,"column":14},"end":{"line":241,"column":24}},"112":{"start":{"line":242,"column":18},"end":{"line":242,"column":28}},"113":{"start":{"line":244,"column":2},"end":{"line":258,"column":3}},"114":{"start":{"line":247,"column":18},"end":{"line":247,"column":30}},"115":{"start":{"line":248,"column":19},"end":{"line":248,"column":61}},"116":{"start":{"line":249,"column":6},"end":{"line":249,"column":46}},"117":{"start":{"line":250,"column":6},"end":{"line":250,"column":37}},"118":{"start":{"line":251,"column":4},"end":{"line":251,"column":10}},"119":{"start":{"line":252,"column":18},"end":{"line":252,"column":89}},"120":{"start":{"line":252,"column":90},"end":{"line":252,"column":96}},"121":{"start":{"line":254,"column":27},"end":{"line":254,"column":61}},"122":{"start":{"line":255,"column":6},"end":{"line":255,"column":75}},"123":{"start":{"line":256,"column":4},"end":{"line":256,"column":10}},"124":{"start":{"line":257,"column":19},"end":{"line":257,"column":77}},"125":{"start":{"line":260,"column":29},"end":{"line":260,"column":83}},"126":{"start":{"line":262,"column":2},"end":{"line":363,"column":78}},"127":{"start":{"line":264,"column":31},"end":{"line":264,"column":101}},"128":{"start":{"line":270,"column":24},"end":{"line":270,"column":49}},"129":{"start":{"line":273,"column":14},"end":{"line":273,"column":24}},"130":{"start":{"line":274,"column":15},"end":{"line":274,"column":247}},"131":{"start":{"line":277,"column":23},"end":{"line":277,"column":73}},"132":{"start":{"line":278,"column":22},"end":{"line":278,"column":70}},"133":{"start":{"line":280,"column":4},"end":{"line":282,"column":5}},"134":{"start":{"line":281,"column":6},"end":{"line":281,"column":51}},"135":{"start":{"line":285,"column":17},"end":{"line":285,"column":33}},"136":{"start":{"line":286,"column":4},"end":{"line":286,"column":49}},"137":{"start":{"line":287,"column":4},"end":{"line":287,"column":51}},"138":{"start":{"line":288,"column":4},"end":{"line":288,"column":79}},"139":{"start":{"line":289,"column":4},"end":{"line":289,"column":77}},"140":{"start":{"line":290,"column":4},"end":{"line":290,"column":77}},"141":{"start":{"line":291,"column":4},"end":{"line":291,"column":81}},"142":{"start":{"line":292,"column":4},"end":{"line":292,"column":91}},"143":{"start":{"line":293,"column":4},"end":{"line":293,"column":51}},"144":{"start":{"line":294,"column":4},"end":{"line":294,"column":75}},"145":{"start":{"line":295,"column":4},"end":{"line":300,"column":5}},"146":{"start":{"line":297,"column":6},"end":{"line":299,"column":9}},"147":{"start":{"line":298,"column":8},"end":{"line":298,"column":119}},"148":{"start":{"line":301,"column":4},"end":{"line":301,"column":108}},"149":{"start":{"line":304,"column":18},"end":{"line":304,"column":138}},"150":{"start":{"line":313,"column":4},"end":{"line":313,"column":110}},"151":{"start":{"line":316,"column":19},"end":{"line":316,"column":30}},"152":{"start":{"line":317,"column":4},"end":{"line":317,"column":27}},"153":{"start":{"line":318,"column":4},"end":{"line":318,"column":92}},"154":{"start":{"line":319,"column":4},"end":{"line":319,"column":27}},"155":{"start":{"line":320,"column":4},"end":{"line":320,"column":47}},"156":{"start":{"line":321,"column":4},"end":{"line":321,"column":70}},"157":{"start":{"line":322,"column":4},"end":{"line":322,"column":89}},"158":{"start":{"line":323,"column":4},"end":{"line":323,"column":87}},"159":{"start":{"line":324,"column":4},"end":{"line":324,"column":87}},"160":{"start":{"line":325,"column":4},"end":{"line":325,"column":91}},"161":{"start":{"line":326,"column":4},"end":{"line":326,"column":98}},"162":{"start":{"line":327,"column":4},"end":{"line":327,"column":135}},"163":{"start":{"line":330,"column":20},"end":{"line":330,"column":31}},"164":{"start":{"line":331,"column":4},"end":{"line":331,"column":28}},"165":{"start":{"line":332,"column":4},"end":{"line":332,"column":96}},"166":{"start":{"line":333,"column":4},"end":{"line":333,"column":28}},"167":{"start":{"line":334,"column":4},"end":{"line":334,"column":48}},"168":{"start":{"line":335,"column":4},"end":{"line":335,"column":71}},"169":{"start":{"line":337,"column":12},"end":{"line":337,"column":14}},"170":{"start":{"line":357,"column":4},"end":{"line":357,"column":137}},"171":{"start":{"line":359,"column":4},"end":{"line":362,"column":7}},"172":{"start":{"line":363,"column":21},"end":{"line":363,"column":75}},"173":{"start":{"line":366,"column":0},"end":{"line":389,"column":3}},"174":{"start":{"line":368,"column":33},"end":{"line":368,"column":41}},"175":{"start":{"line":370,"column":2},"end":{"line":370,"column":119}},"176":{"start":{"line":370,"column":31},"end":{"line":370,"column":119}},"177":{"start":{"line":372,"column":2},"end":{"line":388,"column":76}},"178":{"start":{"line":374,"column":27},"end":{"line":374,"column":67}},"179":{"start":{"line":376,"column":4},"end":{"line":384,"column":5}},"180":{"start":{"line":378,"column":6},"end":{"line":378,"column":29}},"181":{"start":{"line":380,"column":6},"end":{"line":383,"column":9}},"182":{"start":{"line":386,"column":4},"end":{"line":386,"column":65}},"183":{"start":{"line":388,"column":19},"end":{"line":388,"column":73}},"184":{"start":{"line":391,"column":0},"end":{"line":425,"column":3}},"185":{"start":{"line":393,"column":21},"end":{"line":393,"column":53}},"186":{"start":{"line":394,"column":2},"end":{"line":394,"column":82}},"187":{"start":{"line":394,"column":25},"end":{"line":394,"column":82}},"188":{"start":{"line":396,"column":73},"end":{"line":396,"column":88}},"189":{"start":{"line":398,"column":26},"end":{"line":398,"column":71}},"190":{"start":{"line":398,"column":55},"end":{"line":398,"column":70}},"191":{"start":{"line":399,"column":2},"end":{"line":399,"column":104}},"192":{"start":{"line":399,"column":23},"end":{"line":399,"column":104}},"193":{"start":{"line":401,"column":2},"end":{"line":424,"column":76}},"194":{"start":{"line":403,"column":19},"end":{"line":403,"column":123}},"195":{"start":{"line":404,"column":24},"end":{"line":404,"column":47}},"196":{"start":{"line":406,"column":23},"end":{"line":413,"column":5}},"197":{"start":{"line":415,"column":22},"end":{"line":415,"column":78}},"198":{"start":{"line":415,"column":56},"end":{"line":415,"column":77}},"199":{"start":{"line":417,"column":4},"end":{"line":418,"column":63}},"200":{"start":{"line":417,"column":28},"end":{"line":417,"column":64}},"201":{"start":{"line":418,"column":9},"end":{"line":418,"column":63}},"202":{"start":{"line":420,"column":4},"end":{"line":420,"column":27}},"203":{"start":{"line":422,"column":4},"end":{"line":422,"column":98}},"204":{"start":{"line":424,"column":19},"end":{"line":424,"column":73}},"205":{"start":{"line":427,"column":0},"end":{"line":462,"column":3}},"206":{"start":{"line":429,"column":25},"end":{"line":429,"column":33}},"207":{"start":{"line":430,"column":2},"end":{"line":430,"column":85}},"208":{"start":{"line":430,"column":19},"end":{"line":430,"column":85}},"209":{"start":{"line":432,"column":21},"end":{"line":432,"column":53}},"210":{"start":{"line":433,"column":2},"end":{"line":433,"column":82}},"211":{"start":{"line":433,"column":25},"end":{"line":433,"column":82}},"212":{"start":{"line":435,"column":73},"end":{"line":435,"column":88}},"213":{"start":{"line":437,"column":24},"end":{"line":437,"column":102}},"214":{"start":{"line":437,"column":58},"end":{"line":437,"column":101}},"215":{"start":{"line":438,"column":2},"end":{"line":438,"column":89}},"216":{"start":{"line":438,"column":28},"end":{"line":438,"column":89}},"217":{"start":{"line":440,"column":2},"end":{"line":461,"column":76}},"218":{"start":{"line":442,"column":4},"end":{"line":442,"column":124}},"219":{"start":{"line":444,"column":26},"end":{"line":444,"column":59}},"220":{"start":{"line":445,"column":4},"end":{"line":445,"column":30}},"221":{"start":{"line":446,"column":4},"end":{"line":446,"column":44}},"222":{"start":{"line":447,"column":4},"end":{"line":447,"column":56}},"223":{"start":{"line":448,"column":4},"end":{"line":448,"column":38}},"224":{"start":{"line":451,"column":4},"end":{"line":451,"column":48}},"225":{"start":{"line":453,"column":22},"end":{"line":453,"column":78}},"226":{"start":{"line":453,"column":56},"end":{"line":453,"column":77}},"227":{"start":{"line":454,"column":4},"end":{"line":455,"column":66}},"228":{"start":{"line":454,"column":28},"end":{"line":454,"column":67}},"229":{"start":{"line":455,"column":9},"end":{"line":455,"column":66}},"230":{"start":{"line":457,"column":4},"end":{"line":457,"column":27}},"231":{"start":{"line":459,"column":4},"end":{"line":459,"column":101}},"232":{"start":{"line":461,"column":19},"end":{"line":461,"column":73}},"233":{"start":{"line":464,"column":0},"end":{"line":482,"column":3}},"234":{"start":{"line":466,"column":20},"end":{"line":466,"column":33}},"235":{"start":{"line":468,"column":16},"end":{"line":468,"column":93}},"236":{"start":{"line":468,"column":50},"end":{"line":468,"column":92}},"237":{"start":{"line":469,"column":2},"end":{"line":469,"column":81}},"238":{"start":{"line":469,"column":20},"end":{"line":469,"column":81}},"239":{"start":{"line":471,"column":2},"end":{"line":481,"column":76}},"240":{"start":{"line":473,"column":4},"end":{"line":473,"column":61}},"241":{"start":{"line":475,"column":4},"end":{"line":475,"column":40}},"242":{"start":{"line":477,"column":4},"end":{"line":477,"column":27}},"243":{"start":{"line":479,"column":4},"end":{"line":479,"column":77}},"244":{"start":{"line":481,"column":19},"end":{"line":481,"column":73}},"245":{"start":{"line":484,"column":0},"end":{"line":484,"column":94}},"246":{"start":{"line":484,"column":48},"end":{"line":484,"column":89}},"247":{"start":{"line":494,"column":17},"end":{"line":496,"column":18}},"248":{"start":{"line":497,"column":2},"end":{"line":497,"column":61}},"249":{"start":{"line":497,"column":52},"end":{"line":497,"column":59}},"250":{"start":{"line":499,"column":2},"end":{"line":503,"column":70}},"251":{"start":{"line":512,"column":2},"end":{"line":540,"column":3}},"252":{"start":{"line":514,"column":4},"end":{"line":526,"column":5}},"253":{"start":{"line":514,"column":17},"end":{"line":514,"column":18}},"254":{"start":{"line":516,"column":20},"end":{"line":516,"column":51}},"255":{"start":{"line":517,"column":6},"end":{"line":517,"column":50}},"256":{"start":{"line":517,"column":44},"end":{"line":517,"column":50}},"257":{"start":{"line":519,"column":6},"end":{"line":519,"column":29}},"258":{"start":{"line":520,"column":6},"end":{"line":525,"column":9}},"259":{"start":{"line":528,"column":4},"end":{"line":535,"column":5}},"260":{"start":{"line":528,"column":17},"end":{"line":528,"column":18}},"261":{"start":{"line":530,"column":20},"end":{"line":530,"column":51}},"262":{"start":{"line":534,"column":6},"end":{"line":534,"column":29}},"263":{"start":{"line":539,"column":4},"end":{"line":539,"column":99}},"264":{"start":{"line":548,"column":2},"end":{"line":560,"column":3}},"265":{"start":{"line":550,"column":4},"end":{"line":555,"column":7}},"266":{"start":{"line":559,"column":4},"end":{"line":559,"column":88}},"267":{"start":{"line":563,"column":0},"end":{"line":671,"column":3}},"268":{"start":{"line":565,"column":2},"end":{"line":565,"column":57}},"269":{"start":{"line":567,"column":2},"end":{"line":567,"column":51}},"270":{"start":{"line":569,"column":2},"end":{"line":572,"column":5}},"271":{"start":{"line":571,"column":6},"end":{"line":571,"column":88}},"272":{"start":{"line":574,"column":2},"end":{"line":607,"column":5}},"273":{"start":{"line":576,"column":43},"end":{"line":576,"column":53}},"274":{"start":{"line":577,"column":20},"end":{"line":577,"column":93}},"275":{"start":{"line":577,"column":49},"end":{"line":577,"column":92}},"276":{"start":{"line":579,"column":4},"end":{"line":606,"column":5}},"277":{"start":{"line":581,"column":25},"end":{"line":581,"column":29}},"278":{"start":{"line":582,"column":24},"end":{"line":582,"column":26}},"279":{"start":{"line":584,"column":6},"end":{"line":588,"column":27}},"280":{"start":{"line":586,"column":8},"end":{"line":586,"column":124}},"281":{"start":{"line":586,"column":60},"end":{"line":586,"column":122}},"282":{"start":{"line":588,"column":11},"end":{"line":588,"column":27}},"283":{"start":{"line":590,"column":6},"end":{"line":605,"column":7}},"284":{"start":{"line":592,"column":8},"end":{"line":592,"column":69}},"285":{"start":{"line":595,"column":8},"end":{"line":595,"column":34}},"286":{"start":{"line":597,"column":8},"end":{"line":597,"column":58}},"287":{"start":{"line":598,"column":8},"end":{"line":598,"column":31}},"288":{"start":{"line":600,"column":30},"end":{"line":600,"column":106}},"289":{"start":{"line":601,"column":8},"end":{"line":601,"column":50}},"290":{"start":{"line":604,"column":8},"end":{"line":604,"column":43}},"291":{"start":{"line":609,"column":2},"end":{"line":638,"column":5}},"292":{"start":{"line":611,"column":43},"end":{"line":611,"column":53}},"293":{"start":{"line":612,"column":20},"end":{"line":612,"column":93}},"294":{"start":{"line":612,"column":49},"end":{"line":612,"column":92}},"295":{"start":{"line":614,"column":4},"end":{"line":637,"column":5}},"296":{"start":{"line":616,"column":24},"end":{"line":616,"column":26}},"297":{"start":{"line":618,"column":6},"end":{"line":622,"column":27}},"298":{"start":{"line":620,"column":8},"end":{"line":620,"column":124}},"299":{"start":{"line":620,"column":60},"end":{"line":620,"column":122}},"300":{"start":{"line":622,"column":11},"end":{"line":622,"column":27}},"301":{"start":{"line":624,"column":6},"end":{"line":636,"column":7}},"302":{"start":{"line":626,"column":30},"end":{"line":626,"column":75}},"303":{"start":{"line":629,"column":8},"end":{"line":629,"column":34}},"304":{"start":{"line":631,"column":8},"end":{"line":631,"column":58}},"305":{"start":{"line":632,"column":8},"end":{"line":632,"column":31}},"306":{"start":{"line":635,"column":8},"end":{"line":635,"column":46}},"307":{"start":{"line":640,"column":2},"end":{"line":670,"column":5}},"308":{"start":{"line":642,"column":42},"end":{"line":642,"column":52}},"309":{"start":{"line":643,"column":20},"end":{"line":643,"column":93}},"310":{"start":{"line":643,"column":49},"end":{"line":643,"column":92}},"311":{"start":{"line":645,"column":4},"end":{"line":669,"column":5}},"312":{"start":{"line":647,"column":6},"end":{"line":647,"column":42}},"313":{"start":{"line":648,"column":6},"end":{"line":648,"column":56}},"314":{"start":{"line":651,"column":6},"end":{"line":666,"column":7}},"315":{"start":{"line":653,"column":8},"end":{"line":661,"column":9}},"316":{"start":{"line":653,"column":21},"end":{"line":653,"column":22}},"317":{"start":{"line":655,"column":24},"end":{"line":655,"column":46}},"318":{"start":{"line":656,"column":10},"end":{"line":660,"column":11}},"319":{"start":{"line":658,"column":12},"end":{"line":658,"column":35}},"320":{"start":{"line":659,"column":12},"end":{"line":659,"column":117}},"321":{"start":{"line":665,"column":8},"end":{"line":665,"column":88}},"322":{"start":{"line":668,"column":6},"end":{"line":668,"column":29}},"323":{"start":{"line":676,"column":0},"end":{"line":696,"column":3}},"324":{"start":{"line":678,"column":2},"end":{"line":678,"column":53}},"325":{"start":{"line":679,"column":2},"end":{"line":679,"column":45}},"326":{"start":{"line":680,"column":2},"end":{"line":680,"column":44}},"327":{"start":{"line":682,"column":19},"end":{"line":682,"column":29}},"328":{"start":{"line":683,"column":20},"end":{"line":683,"column":41}},"329":{"start":{"line":684,"column":2},"end":{"line":684,"column":30}},"330":{"start":{"line":686,"column":2},"end":{"line":686,"column":91}},"331":{"start":{"line":689,"column":2},"end":{"line":689,"column":63}},"332":{"start":{"line":691,"column":2},"end":{"line":695,"column":5}},"333":{"start":{"line":693,"column":4},"end":{"line":693,"column":71}},"334":{"start":{"line":693,"column":47},"end":{"line":693,"column":69}},"335":{"start":{"line":694,"column":4},"end":{"line":694,"column":97}},"336":{"start":{"line":698,"column":0},"end":{"line":712,"column":3}},"337":{"start":{"line":702,"column":18},"end":{"line":702,"column":91}},"338":{"start":{"line":702,"column":47},"end":{"line":702,"column":90}},"339":{"start":{"line":704,"column":2},"end":{"line":704,"column":84}},"340":{"start":{"line":704,"column":16},"end":{"line":704,"column":84}},"341":{"start":{"line":705,"column":2},"end":{"line":705,"column":90}},"342":{"start":{"line":705,"column":21},"end":{"line":705,"column":90}},"343":{"start":{"line":707,"column":2},"end":{"line":707,"column":41}},"344":{"start":{"line":708,"column":2},"end":{"line":708,"column":52}},"345":{"start":{"line":709,"column":2},"end":{"line":709,"column":25}},"346":{"start":{"line":711,"column":2},"end":{"line":711,"column":67}},"347":{"start":{"line":714,"column":0},"end":{"line":735,"column":3}},"348":{"start":{"line":718,"column":18},"end":{"line":718,"column":91}},"349":{"start":{"line":718,"column":47},"end":{"line":718,"column":90}},"350":{"start":{"line":720,"column":2},"end":{"line":720,"column":84}},"351":{"start":{"line":720,"column":16},"end":{"line":720,"column":84}},"352":{"start":{"line":721,"column":2},"end":{"line":721,"column":137}},"353":{"start":{"line":721,"column":63},"end":{"line":721,"column":137}},"354":{"start":{"line":723,"column":16},"end":{"line":723,"column":117}},"355":{"start":{"line":723,"column":54},"end":{"line":723,"column":116}},"356":{"start":{"line":726,"column":2},"end":{"line":732,"column":3}},"357":{"start":{"line":728,"column":4},"end":{"line":728,"column":41}},"358":{"start":{"line":729,"column":4},"end":{"line":729,"column":54}},"359":{"start":{"line":730,"column":4},"end":{"line":730,"column":27}},"360":{"start":{"line":731,"column":4},"end":{"line":731,"column":73}},"361":{"start":{"line":734,"column":2},"end":{"line":734,"column":82}},"362":{"start":{"line":739,"column":2},"end":{"line":739,"column":30}},"363":{"start":{"line":740,"column":2},"end":{"line":740,"column":53}},"364":{"start":{"line":743,"column":2},"end":{"line":745,"column":5}},"365":{"start":{"line":744,"column":4},"end":{"line":744,"column":77}},"366":{"start":{"line":748,"column":2},"end":{"line":751,"column":5}},"367":{"start":{"line":750,"column":4},"end":{"line":750,"column":83}},"368":{"start":{"line":757,"column":0},"end":{"line":763,"column":2}}},"fnMap":{"0":{"name":"(anonymous_0)","decl":{"start":{"line":35,"column":2},"end":{"line":35,"column":3}},"loc":{"start":{"line":36,"column":2},"end":{"line":43,"column":3}},"line":36},"1":{"name":"sortServicesByPriority","decl":{"start":{"line":64,"column":9},"end":{"line":64,"column":31}},"loc":{"start":{"line":64,"column":42},"end":{"line":64,"column":104}},"line":64},"2":{"name":"(anonymous_2)","decl":{"start":{"line":64,"column":66},"end":{"line":64,"column":67}},"loc":{"start":{"line":64,"column":76},"end":{"line":64,"column":99}},"line":64},"3":{"name":"normalizeStatus","decl":{"start":{"line":66,"column":9},"end":{"line":66,"column":24}},"loc":{"start":{"line":67,"column":0},"end":{"line":71,"column":1}},"line":67},"4":{"name":"Precompile_ProViews","decl":{"start":{"line":73,"column":15},"end":{"line":73,"column":34}},"loc":{"start":{"line":74,"column":0},"end":{"line":120,"column":1}},"line":74},"5":{"name":"(anonymous_5)","decl":{"start":{"line":87,"column":24},"end":{"line":87,"column":25}},"loc":{"start":{"line":87,"column":33},"end":{"line":91,"column":39}},"line":87},"6":{"name":"(anonymous_6)","decl":{"start":{"line":99,"column":11},"end":{"line":99,"column":12}},"loc":{"start":{"line":99,"column":16},"end":{"line":99,"column":71}},"line":99},"7":{"name":"(anonymous_7)","decl":{"start":{"line":100,"column":14},"end":{"line":100,"column":15}},"loc":{"start":{"line":100,"column":19},"end":{"line":100,"column":31}},"line":100},"8":{"name":"(anonymous_8)","decl":{"start":{"line":108,"column":11},"end":{"line":108,"column":12}},"loc":{"start":{"line":108,"column":16},"end":{"line":108,"column":71}},"line":108},"9":{"name":"(anonymous_9)","decl":{"start":{"line":109,"column":14},"end":{"line":109,"column":15}},"loc":{"start":{"line":109,"column":19},"end":{"line":109,"column":31}},"line":109},"10":{"name":"Container_Initializer","decl":{"start":{"line":122,"column":15},"end":{"line":122,"column":36}},"loc":{"start":{"line":123,"column":0},"end":{"line":166,"column":1}},"line":123},"11":{"name":"(anonymous_11)","decl":{"start":{"line":132,"column":31},"end":{"line":132,"column":32}},"loc":{"start":{"line":133,"column":4},"end":{"line":157,"column":5}},"line":133},"12":{"name":"(anonymous_12)","decl":{"start":{"line":144,"column":39},"end":{"line":144,"column":40}},"loc":{"start":{"line":144,"column":47},"end":{"line":144,"column":60}},"line":144},"13":{"name":"validateServicePayload","decl":{"start":{"line":170,"column":9},"end":{"line":170,"column":31}},"loc":{"start":{"line":171,"column":0},"end":{"line":211,"column":1}},"line":171},"14":{"name":"Status_Changer","decl":{"start":{"line":213,"column":15},"end":{"line":213,"column":29}},"loc":{"start":{"line":214,"column":0},"end":{"line":224,"column":1}},"line":214},"15":{"name":"(anonymous_15)","decl":{"start":{"line":215,"column":48},"end":{"line":215,"column":49}},"loc":{"start":{"line":215,"column":53},"end":{"line":215,"column":96}},"line":215},"16":{"name":"broadcastQueueUpdate","decl":{"start":{"line":227,"column":9},"end":{"line":227,"column":29}},"loc":{"start":{"line":228,"column":0},"end":{"line":233,"column":1}},"line":228},"17":{"name":"(anonymous_17)","decl":{"start":{"line":232,"column":22},"end":{"line":232,"column":23}},"loc":{"start":{"line":232,"column":32},"end":{"line":232,"column":87}},"line":232},"18":{"name":"(anonymous_18)","decl":{"start":{"line":236,"column":40},"end":{"line":236,"column":41}},"loc":{"start":{"line":236,"column":60},"end":{"line":364,"column":1}},"line":236},"19":{"name":"(anonymous_19)","decl":{"start":{"line":297,"column":26},"end":{"line":297,"column":27}},"loc":{"start":{"line":297,"column":33},"end":{"line":299,"column":7}},"line":297},"20":{"name":"(anonymous_20)","decl":{"start":{"line":366,"column":40},"end":{"line":366,"column":41}},"loc":{"start":{"line":367,"column":0},"end":{"line":389,"column":1}},"line":367},"21":{"name":"(anonymous_21)","decl":{"start":{"line":391,"column":32},"end":{"line":391,"column":33}},"loc":{"start":{"line":392,"column":0},"end":{"line":425,"column":1}},"line":392},"22":{"name":"(anonymous_22)","decl":{"start":{"line":398,"column":50},"end":{"line":398,"column":51}},"loc":{"start":{"line":398,"column":55},"end":{"line":398,"column":70}},"line":398},"23":{"name":"(anonymous_23)","decl":{"start":{"line":415,"column":51},"end":{"line":415,"column":52}},"loc":{"start":{"line":415,"column":56},"end":{"line":415,"column":77}},"line":415},"24":{"name":"(anonymous_24)","decl":{"start":{"line":427,"column":31},"end":{"line":427,"column":32}},"loc":{"start":{"line":428,"column":0},"end":{"line":462,"column":1}},"line":428},"25":{"name":"(anonymous_25)","decl":{"start":{"line":437,"column":53},"end":{"line":437,"column":54}},"loc":{"start":{"line":437,"column":58},"end":{"line":437,"column":101}},"line":437},"26":{"name":"(anonymous_26)","decl":{"start":{"line":453,"column":51},"end":{"line":453,"column":52}},"loc":{"start":{"line":453,"column":56},"end":{"line":453,"column":77}},"line":453},"27":{"name":"(anonymous_27)","decl":{"start":{"line":464,"column":38},"end":{"line":464,"column":39}},"loc":{"start":{"line":465,"column":0},"end":{"line":482,"column":1}},"line":465},"28":{"name":"(anonymous_28)","decl":{"start":{"line":468,"column":45},"end":{"line":468,"column":46}},"loc":{"start":{"line":468,"column":50},"end":{"line":468,"column":92}},"line":468},"29":{"name":"(anonymous_29)","decl":{"start":{"line":484,"column":31},"end":{"line":484,"column":32}},"loc":{"start":{"line":484,"column":45},"end":{"line":484,"column":92}},"line":484},"30":{"name":"notifyServed","decl":{"start":{"line":491,"column":9},"end":{"line":491,"column":21}},"loc":{"start":{"line":491,"column":49},"end":{"line":504,"column":1}},"line":491},"31":{"name":"(anonymous_31)","decl":{"start":{"line":503,"column":11},"end":{"line":503,"column":12}},"loc":{"start":{"line":503,"column":17},"end":{"line":503,"column":68}},"line":503},"32":{"name":"QE_Service_Shfit","decl":{"start":{"line":510,"column":15},"end":{"line":510,"column":31}},"loc":{"start":{"line":511,"column":0},"end":{"line":541,"column":1}},"line":511},"33":{"name":"QE_Remover","decl":{"start":{"line":543,"column":15},"end":{"line":543,"column":25}},"loc":{"start":{"line":544,"column":0},"end":{"line":561,"column":1}},"line":544},"34":{"name":"(anonymous_34)","decl":{"start":{"line":563,"column":20},"end":{"line":563,"column":21}},"loc":{"start":{"line":564,"column":0},"end":{"line":671,"column":1}},"line":564},"35":{"name":"(anonymous_35)","decl":{"start":{"line":569,"column":26},"end":{"line":569,"column":27}},"loc":{"start":{"line":570,"column":2},"end":{"line":572,"column":3}},"line":570},"36":{"name":"(anonymous_36)","decl":{"start":{"line":574,"column":28},"end":{"line":574,"column":29}},"loc":{"start":{"line":575,"column":2},"end":{"line":607,"column":3}},"line":575},"37":{"name":"(anonymous_37)","decl":{"start":{"line":577,"column":44},"end":{"line":577,"column":45}},"loc":{"start":{"line":577,"column":49},"end":{"line":577,"column":92}},"line":577},"38":{"name":"(anonymous_38)","decl":{"start":{"line":586,"column":52},"end":{"line":586,"column":53}},"loc":{"start":{"line":586,"column":60},"end":{"line":586,"column":122}},"line":586},"39":{"name":"(anonymous_39)","decl":{"start":{"line":609,"column":29},"end":{"line":609,"column":30}},"loc":{"start":{"line":610,"column":2},"end":{"line":638,"column":3}},"line":610},"40":{"name":"(anonymous_40)","decl":{"start":{"line":612,"column":44},"end":{"line":612,"column":45}},"loc":{"start":{"line":612,"column":49},"end":{"line":612,"column":92}},"line":612},"41":{"name":"(anonymous_41)","decl":{"start":{"line":620,"column":52},"end":{"line":620,"column":53}},"loc":{"start":{"line":620,"column":60},"end":{"line":620,"column":122}},"line":620},"42":{"name":"(anonymous_42)","decl":{"start":{"line":640,"column":29},"end":{"line":640,"column":30}},"loc":{"start":{"line":641,"column":2},"end":{"line":670,"column":3}},"line":641},"43":{"name":"(anonymous_43)","decl":{"start":{"line":643,"column":44},"end":{"line":643,"column":45}},"loc":{"start":{"line":643,"column":49},"end":{"line":643,"column":92}},"line":643},"44":{"name":"(anonymous_44)","decl":{"start":{"line":676,"column":39},"end":{"line":676,"column":40}},"loc":{"start":{"line":677,"column":0},"end":{"line":696,"column":1}},"line":677},"45":{"name":"(anonymous_45)","decl":{"start":{"line":691,"column":18},"end":{"line":691,"column":19}},"loc":{"start":{"line":692,"column":2},"end":{"line":695,"column":3}},"line":692},"46":{"name":"(anonymous_46)","decl":{"start":{"line":693,"column":37},"end":{"line":693,"column":38}},"loc":{"start":{"line":693,"column":47},"end":{"line":693,"column":69}},"line":693},"47":{"name":"(anonymous_47)","decl":{"start":{"line":698,"column":38},"end":{"line":698,"column":39}},"loc":{"start":{"line":699,"column":0},"end":{"line":712,"column":1}},"line":699},"48":{"name":"(anonymous_48)","decl":{"start":{"line":702,"column":42},"end":{"line":702,"column":43}},"loc":{"start":{"line":702,"column":47},"end":{"line":702,"column":90}},"line":702},"49":{"name":"(anonymous_49)","decl":{"start":{"line":714,"column":39},"end":{"line":714,"column":40}},"loc":{"start":{"line":715,"column":0},"end":{"line":735,"column":1}},"line":715},"50":{"name":"(anonymous_50)","decl":{"start":{"line":718,"column":42},"end":{"line":718,"column":43}},"loc":{"start":{"line":718,"column":47},"end":{"line":718,"column":90}},"line":718},"51":{"name":"(anonymous_51)","decl":{"start":{"line":723,"column":46},"end":{"line":723,"column":47}},"loc":{"start":{"line":723,"column":54},"end":{"line":723,"column":116}},"line":723},"52":{"name":"startServer","decl":{"start":{"line":737,"column":15},"end":{"line":737,"column":26}},"loc":{"start":{"line":738,"column":0},"end":{"line":752,"column":1}},"line":738},"53":{"name":"(anonymous_53)","decl":{"start":{"line":743,"column":30},"end":{"line":743,"column":31}},"loc":{"start":{"line":743,"column":36},"end":{"line":745,"column":3}},"line":743},"54":{"name":"(anonymous_54)","decl":{"start":{"line":748,"column":34},"end":{"line":748,"column":35}},"loc":{"start":{"line":749,"column":2},"end":{"line":751,"column":3}},"line":749}},"branchMap":{"0":{"loc":{"start":{"line":69,"column":2},"end":{"line":69,"column":63}},"type":"if","locations":[{"start":{"line":69,"column":2},"end":{"line":69,"column":63}},{"start":{},"end":{}}],"line":69},"1":{"loc":{"start":{"line":69,"column":6},"end":{"line":69,"column":45}},"type":"binary-expr","locations":[{"start":{"line":69,"column":6},"end":{"line":69,"column":23}},{"start":{"line":69,"column":27},"end":{"line":69,"column":45}}],"line":69},"2":{"loc":{"start":{"line":128,"column":4},"end":{"line":128,"column":92}},"type":"if","locations":[{"start":{},"end":{}}],"line":128},"3":{"loc":{"start":{"line":135,"column":6},"end":{"line":142,"column":77}},"type":"if","locations":[{"start":{"line":135,"column":6},"end":{"line":142,"column":77}},{"start":{"line":142,"column":11},"end":{"line":142,"column":77}}],"line":135},"4":{"loc":{"start":{"line":142,"column":11},"end":{"line":142,"column":77}},"type":"if","locations":[{"start":{"line":142,"column":11},"end":{"line":142,"column":77}},{"start":{},"end":{}}],"line":142},"5":{"loc":{"start":{"line":151,"column":8},"end":{"line":151,"column":33}},"type":"binary-expr","locations":[{"start":{"line":151,"column":8},"end":{"line":151,"column":28}},{"start":{"line":151,"column":32},"end":{"line":151,"column":33}}],"line":151},"6":{"loc":{"start":{"line":154,"column":24},"end":{"line":154,"column":54}},"type":"binary-expr","locations":[{"start":{"line":154,"column":24},"end":{"line":154,"column":44}},{"start":{"line":154,"column":48},"end":{"line":154,"column":54}}],"line":154},"7":{"loc":{"start":{"line":175,"column":2},"end":{"line":175,"column":133}},"type":"if","locations":[{"start":{"line":175,"column":2},"end":{"line":175,"column":133}},{"start":{},"end":{}}],"line":175},"8":{"loc":{"start":{"line":175,"column":6},"end":{"line":175,"column":71}},"type":"binary-expr","locations":[{"start":{"line":175,"column":6},"end":{"line":175,"column":24}},{"start":{"line":175,"column":28},"end":{"line":175,"column":41}},{"start":{"line":175,"column":45},"end":{"line":175,"column":71}}],"line":175},"9":{"loc":{"start":{"line":176,"column":2},"end":{"line":176,"column":153}},"type":"if","locations":[{"start":{"line":176,"column":2},"end":{"line":176,"column":153}},{"start":{},"end":{}}],"line":176},"10":{"loc":{"start":{"line":176,"column":6},"end":{"line":176,"column":92}},"type":"binary-expr","locations":[{"start":{"line":176,"column":6},"end":{"line":176,"column":31}},{"start":{"line":176,"column":35},"end":{"line":176,"column":55}},{"start":{"line":176,"column":59},"end":{"line":176,"column":92}}],"line":176},"11":{"loc":{"start":{"line":177,"column":2},"end":{"line":177,"column":177}},"type":"if","locations":[{"start":{"line":177,"column":2},"end":{"line":177,"column":177}},{"start":{},"end":{}}],"line":177},"12":{"loc":{"start":{"line":177,"column":6},"end":{"line":177,"column":110}},"type":"binary-expr","locations":[{"start":{"line":177,"column":6},"end":{"line":177,"column":37}},{"start":{"line":177,"column":41},"end":{"line":177,"column":67}},{"start":{"line":177,"column":71},"end":{"line":177,"column":110}}],"line":177},"13":{"loc":{"start":{"line":180,"column":2},"end":{"line":180,"column":105}},"type":"if","locations":[{"start":{"line":180,"column":2},"end":{"line":180,"column":105}},{"start":{},"end":{}}],"line":180},"14":{"loc":{"start":{"line":183,"column":2},"end":{"line":183,"column":131}},"type":"if","locations":[{"start":{"line":183,"column":2},"end":{"line":183,"column":131}},{"start":{},"end":{}}],"line":183},"15":{"loc":{"start":{"line":183,"column":6},"end":{"line":183,"column":50}},"type":"binary-expr","locations":[{"start":{"line":183,"column":6},"end":{"line":183,"column":27}},{"start":{"line":183,"column":31},"end":{"line":183,"column":50}}],"line":183},"16":{"loc":{"start":{"line":188,"column":2},"end":{"line":199,"column":3}},"type":"if","locations":[{"start":{"line":188,"column":2},"end":{"line":199,"column":3}},{"start":{},"end":{}}],"line":188},"17":{"loc":{"start":{"line":188,"column":6},"end":{"line":188,"column":83}},"type":"binary-expr","locations":[{"start":{"line":188,"column":6},"end":{"line":188,"column":28}},{"start":{"line":188,"column":32},"end":{"line":188,"column":49}},{"start":{"line":188,"column":53},"end":{"line":188,"column":83}}],"line":188},"18":{"loc":{"start":{"line":191,"column":4},"end":{"line":198,"column":5}},"type":"switch","locations":[{"start":{"line":193,"column":6},"end":{"line":193,"column":17}},{"start":{"line":193,"column":18},"end":{"line":193,"column":79}},{"start":{"line":194,"column":6},"end":{"line":194,"column":20}},{"start":{"line":194,"column":21},"end":{"line":194,"column":85}},{"start":{"line":195,"column":6},"end":{"line":195,"column":18}},{"start":{"line":195,"column":19},"end":{"line":195,"column":81}}],"line":191},"19":{"loc":{"start":{"line":217,"column":2},"end":{"line":217,"column":34}},"type":"if","locations":[{"start":{"line":217,"column":2},"end":{"line":217,"column":34}},{"start":{},"end":{}}],"line":217},"20":{"loc":{"start":{"line":239,"column":28},"end":{"line":239,"column":47}},"type":"binary-expr","locations":[{"start":{"line":239,"column":28},"end":{"line":239,"column":37}},{"start":{"line":239,"column":41},"end":{"line":239,"column":47}}],"line":239},"21":{"loc":{"start":{"line":244,"column":2},"end":{"line":258,"column":3}},"type":"switch","locations":[{"start":{"line":246,"column":4},"end":{"line":251,"column":10}},{"start":{"line":252,"column":4},"end":{"line":252,"column":96}},{"start":{"line":253,"column":4},"end":{"line":256,"column":10}},{"start":{"line":257,"column":4},"end":{"line":257,"column":77}}],"line":244},"22":{"loc":{"start":{"line":248,"column":42},"end":{"line":248,"column":60}},"type":"cond-expr","locations":[{"start":{"line":248,"column":54},"end":{"line":248,"column":56}},{"start":{"line":248,"column":59},"end":{"line":248,"column":60}}],"line":248},"23":{"loc":{"start":{"line":270,"column":24},"end":{"line":270,"column":49}},"type":"binary-expr","locations":[{"start":{"line":270,"column":24},"end":{"line":270,"column":43}},{"start":{"line":270,"column":47},"end":{"line":270,"column":49}}],"line":270},"24":{"loc":{"start":{"line":280,"column":4},"end":{"line":282,"column":5}},"type":"if","locations":[{"start":{"line":280,"column":4},"end":{"line":282,"column":5}},{"start":{},"end":{}}],"line":280},"25":{"loc":{"start":{"line":288,"column":37},"end":{"line":288,"column":74}},"type":"binary-expr","locations":[{"start":{"line":288,"column":37},"end":{"line":288,"column":69}},{"start":{"line":288,"column":73},"end":{"line":288,"column":74}}],"line":288},"26":{"loc":{"start":{"line":289,"column":36},"end":{"line":289,"column":72}},"type":"binary-expr","locations":[{"start":{"line":289,"column":36},"end":{"line":289,"column":67}},{"start":{"line":289,"column":71},"end":{"line":289,"column":72}}],"line":289},"27":{"loc":{"start":{"line":290,"column":36},"end":{"line":290,"column":72}},"type":"binary-expr","locations":[{"start":{"line":290,"column":36},"end":{"line":290,"column":67}},{"start":{"line":290,"column":71},"end":{"line":290,"column":72}}],"line":290},"28":{"loc":{"start":{"line":291,"column":38},"end":{"line":291,"column":76}},"type":"binary-expr","locations":[{"start":{"line":291,"column":38},"end":{"line":291,"column":71}},{"start":{"line":291,"column":75},"end":{"line":291,"column":76}}],"line":291},"29":{"loc":{"start":{"line":292,"column":41},"end":{"line":292,"column":84}},"type":"binary-expr","locations":[{"start":{"line":292,"column":41},"end":{"line":292,"column":79}},{"start":{"line":292,"column":83},"end":{"line":292,"column":84}}],"line":292},"30":{"loc":{"start":{"line":295,"column":4},"end":{"line":300,"column":5}},"type":"if","locations":[{"start":{"line":295,"column":4},"end":{"line":300,"column":5}},{"start":{},"end":{}}],"line":295},"31":{"loc":{"start":{"line":322,"column":40},"end":{"line":322,"column":77}},"type":"binary-expr","locations":[{"start":{"line":322,"column":40},"end":{"line":322,"column":72}},{"start":{"line":322,"column":76},"end":{"line":322,"column":77}}],"line":322},"32":{"loc":{"start":{"line":323,"column":39},"end":{"line":323,"column":75}},"type":"binary-expr","locations":[{"start":{"line":323,"column":39},"end":{"line":323,"column":70}},{"start":{"line":323,"column":74},"end":{"line":323,"column":75}}],"line":323},"33":{"loc":{"start":{"line":324,"column":39},"end":{"line":324,"column":75}},"type":"binary-expr","locations":[{"start":{"line":324,"column":39},"end":{"line":324,"column":70}},{"start":{"line":324,"column":74},"end":{"line":324,"column":75}}],"line":324},"34":{"loc":{"start":{"line":325,"column":41},"end":{"line":325,"column":79}},"type":"binary-expr","locations":[{"start":{"line":325,"column":41},"end":{"line":325,"column":74}},{"start":{"line":325,"column":78},"end":{"line":325,"column":79}}],"line":325},"35":{"loc":{"start":{"line":326,"column":38},"end":{"line":326,"column":81}},"type":"binary-expr","locations":[{"start":{"line":326,"column":38},"end":{"line":326,"column":76}},{"start":{"line":326,"column":80},"end":{"line":326,"column":81}}],"line":326},"36":{"loc":{"start":{"line":370,"column":2},"end":{"line":370,"column":119}},"type":"if","locations":[{"start":{"line":370,"column":2},"end":{"line":370,"column":119}},{"start":{},"end":{}}],"line":370},"37":{"loc":{"start":{"line":370,"column":8},"end":{"line":370,"column":28}},"type":"binary-expr","locations":[{"start":{"line":370,"column":8},"end":{"line":370,"column":18}},{"start":{"line":370,"column":22},"end":{"line":370,"column":28}}],"line":370},"38":{"loc":{"start":{"line":376,"column":4},"end":{"line":384,"column":5}},"type":"if","locations":[{"start":{"line":376,"column":4},"end":{"line":384,"column":5}},{"start":{},"end":{}}],"line":376},"39":{"loc":{"start":{"line":394,"column":2},"end":{"line":394,"column":82}},"type":"if","locations":[{"start":{"line":394,"column":2},"end":{"line":394,"column":82}},{"start":{},"end":{}}],"line":394},"40":{"loc":{"start":{"line":399,"column":2},"end":{"line":399,"column":104}},"type":"if","locations":[{"start":{"line":399,"column":2},"end":{"line":399,"column":104}},{"start":{},"end":{}}],"line":399},"41":{"loc":{"start":{"line":417,"column":4},"end":{"line":418,"column":63}},"type":"if","locations":[{"start":{"line":417,"column":4},"end":{"line":418,"column":63}},{"start":{"line":418,"column":9},"end":{"line":418,"column":63}}],"line":417},"42":{"loc":{"start":{"line":430,"column":2},"end":{"line":430,"column":85}},"type":"if","locations":[{"start":{"line":430,"column":2},"end":{"line":430,"column":85}},{"start":{},"end":{}}],"line":430},"43":{"loc":{"start":{"line":433,"column":2},"end":{"line":433,"column":82}},"type":"if","locations":[{"start":{"line":433,"column":2},"end":{"line":433,"column":82}},{"start":{},"end":{}}],"line":433},"44":{"loc":{"start":{"line":438,"column":2},"end":{"line":438,"column":89}},"type":"if","locations":[{"start":{"line":438,"column":2},"end":{"line":438,"column":89}},{"start":{},"end":{}}],"line":438},"45":{"loc":{"start":{"line":454,"column":4},"end":{"line":455,"column":66}},"type":"if","locations":[{"start":{"line":454,"column":4},"end":{"line":455,"column":66}},{"start":{"line":455,"column":9},"end":{"line":455,"column":66}}],"line":454},"46":{"loc":{"start":{"line":469,"column":2},"end":{"line":469,"column":81}},"type":"if","locations":[{"start":{"line":469,"column":2},"end":{"line":469,"column":81}},{"start":{},"end":{}}],"line":469},"47":{"loc":{"start":{"line":494,"column":17},"end":{"line":496,"column":18}},"type":"cond-expr","locations":[{"start":{"line":495,"column":6},"end":{"line":495,"column":25}},{"start":{"line":496,"column":6},"end":{"line":496,"column":18}}],"line":494},"48":{"loc":{"start":{"line":494,"column":18},"end":{"line":494,"column":66}},"type":"binary-expr","locations":[{"start":{"line":494,"column":18},"end":{"line":494,"column":30}},{"start":{"line":494,"column":34},"end":{"line":494,"column":66}}],"line":494},"49":{"loc":{"start":{"line":497,"column":2},"end":{"line":497,"column":61}},"type":"if","locations":[{"start":{"line":497,"column":2},"end":{"line":497,"column":61}},{"start":{},"end":{}}],"line":497},"50":{"loc":{"start":{"line":497,"column":8},"end":{"line":497,"column":47}},"type":"binary-expr","locations":[{"start":{"line":497,"column":8},"end":{"line":497,"column":28}},{"start":{"line":497,"column":32},"end":{"line":497,"column":47}}],"line":497},"51":{"loc":{"start":{"line":517,"column":6},"end":{"line":517,"column":50}},"type":"if","locations":[{"start":{"line":517,"column":6},"end":{"line":517,"column":50}},{"start":{},"end":{}}],"line":517},"52":{"loc":{"start":{"line":517,"column":12},"end":{"line":517,"column":41}},"type":"binary-expr","locations":[{"start":{"line":517,"column":12},"end":{"line":517,"column":17}},{"start":{"line":517,"column":21},"end":{"line":517,"column":41}}],"line":517},"53":{"loc":{"start":{"line":576,"column":43},"end":{"line":576,"column":53}},"type":"binary-expr","locations":[{"start":{"line":576,"column":43},"end":{"line":576,"column":47}},{"start":{"line":576,"column":51},"end":{"line":576,"column":53}}],"line":576},"54":{"loc":{"start":{"line":579,"column":4},"end":{"line":606,"column":5}},"type":"if","locations":[{"start":{"line":579,"column":4},"end":{"line":606,"column":5}},{"start":{},"end":{}}],"line":579},"55":{"loc":{"start":{"line":579,"column":8},"end":{"line":579,"column":49}},"type":"binary-expr","locations":[{"start":{"line":579,"column":8},"end":{"line":579,"column":15}},{"start":{"line":579,"column":19},"end":{"line":579,"column":49}}],"line":579},"56":{"loc":{"start":{"line":584,"column":6},"end":{"line":588,"column":27}},"type":"if","locations":[{"start":{"line":584,"column":6},"end":{"line":588,"column":27}},{"start":{"line":588,"column":11},"end":{"line":588,"column":27}}],"line":584},"57":{"loc":{"start":{"line":584,"column":10},"end":{"line":584,"column":65}},"type":"binary-expr","locations":[{"start":{"line":584,"column":10},"end":{"line":584,"column":38}},{"start":{"line":584,"column":42},"end":{"line":584,"column":65}}],"line":584},"58":{"loc":{"start":{"line":586,"column":60},"end":{"line":586,"column":122}},"type":"binary-expr","locations":[{"start":{"line":586,"column":60},"end":{"line":586,"column":64}},{"start":{"line":586,"column":68},"end":{"line":586,"column":122}}],"line":586},"59":{"loc":{"start":{"line":590,"column":6},"end":{"line":605,"column":7}},"type":"if","locations":[{"start":{"line":590,"column":6},"end":{"line":605,"column":7}},{"start":{},"end":{}}],"line":590},"60":{"loc":{"start":{"line":600,"column":30},"end":{"line":600,"column":106}},"type":"cond-expr","locations":[{"start":{"line":600,"column":71},"end":{"line":600,"column":91}},{"start":{"line":600,"column":94},"end":{"line":600,"column":106}}],"line":600},"61":{"loc":{"start":{"line":600,"column":31},"end":{"line":600,"column":67}},"type":"binary-expr","locations":[{"start":{"line":600,"column":31},"end":{"line":600,"column":43}},{"start":{"line":600,"column":47},"end":{"line":600,"column":67}}],"line":600},"62":{"loc":{"start":{"line":611,"column":43},"end":{"line":611,"column":53}},"type":"binary-expr","locations":[{"start":{"line":611,"column":43},"end":{"line":611,"column":47}},{"start":{"line":611,"column":51},"end":{"line":611,"column":53}}],"line":611},"63":{"loc":{"start":{"line":614,"column":4},"end":{"line":637,"column":5}},"type":"if","locations":[{"start":{"line":614,"column":4},"end":{"line":637,"column":5}},{"start":{},"end":{}}],"line":614},"64":{"loc":{"start":{"line":614,"column":8},"end":{"line":614,"column":49}},"type":"binary-expr","locations":[{"start":{"line":614,"column":8},"end":{"line":614,"column":15}},{"start":{"line":614,"column":19},"end":{"line":614,"column":49}}],"line":614},"65":{"loc":{"start":{"line":618,"column":6},"end":{"line":622,"column":27}},"type":"if","locations":[{"start":{"line":618,"column":6},"end":{"line":622,"column":27}},{"start":{"line":622,"column":11},"end":{"line":622,"column":27}}],"line":618},"66":{"loc":{"start":{"line":618,"column":10},"end":{"line":618,"column":65}},"type":"binary-expr","locations":[{"start":{"line":618,"column":10},"end":{"line":618,"column":38}},{"start":{"line":618,"column":42},"end":{"line":618,"column":65}}],"line":618},"67":{"loc":{"start":{"line":620,"column":60},"end":{"line":620,"column":122}},"type":"binary-expr","locations":[{"start":{"line":620,"column":60},"end":{"line":620,"column":64}},{"start":{"line":620,"column":68},"end":{"line":620,"column":122}}],"line":620},"68":{"loc":{"start":{"line":624,"column":6},"end":{"line":636,"column":7}},"type":"if","locations":[{"start":{"line":624,"column":6},"end":{"line":636,"column":7}},{"start":{},"end":{}}],"line":624},"69":{"loc":{"start":{"line":642,"column":42},"end":{"line":642,"column":52}},"type":"binary-expr","locations":[{"start":{"line":642,"column":42},"end":{"line":642,"column":46}},{"start":{"line":642,"column":50},"end":{"line":642,"column":52}}],"line":642},"70":{"loc":{"start":{"line":645,"column":4},"end":{"line":669,"column":5}},"type":"if","locations":[{"start":{"line":645,"column":4},"end":{"line":669,"column":5}},{"start":{},"end":{}}],"line":645},"71":{"loc":{"start":{"line":645,"column":8},"end":{"line":645,"column":47}},"type":"binary-expr","locations":[{"start":{"line":645,"column":8},"end":{"line":645,"column":15}},{"start":{"line":645,"column":19},"end":{"line":645,"column":47}}],"line":645},"72":{"loc":{"start":{"line":656,"column":10},"end":{"line":660,"column":11}},"type":"if","locations":[{"start":{"line":656,"column":10},"end":{"line":660,"column":11}},{"start":{},"end":{}}],"line":656},"73":{"loc":{"start":{"line":656,"column":14},"end":{"line":656,"column":43}},"type":"binary-expr","locations":[{"start":{"line":656,"column":14},"end":{"line":656,"column":19}},{"start":{"line":656,"column":23},"end":{"line":656,"column":43}}],"line":656},"74":{"loc":{"start":{"line":704,"column":2},"end":{"line":704,"column":84}},"type":"if","locations":[{"start":{"line":704,"column":2},"end":{"line":704,"column":84}},{"start":{},"end":{}}],"line":704},"75":{"loc":{"start":{"line":705,"column":2},"end":{"line":705,"column":90}},"type":"if","locations":[{"start":{"line":705,"column":2},"end":{"line":705,"column":90}},{"start":{},"end":{}}],"line":705},"76":{"loc":{"start":{"line":720,"column":2},"end":{"line":720,"column":84}},"type":"if","locations":[{"start":{"line":720,"column":2},"end":{"line":720,"column":84}},{"start":{},"end":{}}],"line":720},"77":{"loc":{"start":{"line":721,"column":2},"end":{"line":721,"column":137}},"type":"if","locations":[{"start":{"line":721,"column":2},"end":{"line":721,"column":137}},{"start":{},"end":{}}],"line":721},"78":{"loc":{"start":{"line":721,"column":6},"end":{"line":721,"column":61}},"type":"binary-expr","locations":[{"start":{"line":721,"column":6},"end":{"line":721,"column":34}},{"start":{"line":721,"column":38},"end":{"line":721,"column":61}}],"line":721},"79":{"loc":{"start":{"line":723,"column":54},"end":{"line":723,"column":116}},"type":"binary-expr","locations":[{"start":{"line":723,"column":54},"end":{"line":723,"column":58}},{"start":{"line":723,"column":62},"end":{"line":723,"column":116}}],"line":723},"80":{"loc":{"start":{"line":726,"column":2},"end":{"line":732,"column":3}},"type":"if","locations":[{"start":{"line":726,"column":2},"end":{"line":732,"column":3}}],"line":726},"81":{"loc":{"start":{"line":737,"column":27},"end":{"line":737,"column":43}},"type":"default-arg","locations":[{"start":{"line":737,"column":39},"end":{"line":737,"column":43}}],"line":737},"82":{"loc":{"start":{"line":737,"column":45},"end":{"line":737,"column":60}},"type":"default-arg","locations":[{"start":{"line":737,"column":56},"end":{"line":737,"column":60}}],"line":737}},"s":{"0":1,"1":1,"2":1,"3":1,"4":1,"5":1,"6":1,"7":1,"8":1,"9":1,"10":1,"11":1,"12":1,"13":1,"14":1,"15":1,"16":1,"17":1,"18":1,"19":1,"20":1,"21":1,"22":1,"23":1,"24":1,"25":132,"26":4,"27":124,"28":134,"29":134,"30":65,"31":69,"32":4,"33":4,"34":4,"35":4,"36":4,"37":4,"38":4,"39":4,"40":8,"41":4,"42":4,"43":4,"44":28,"45":28,"46":3,"47":49,"48":49,"49":3,"50":1,"51":5,"52":5,"53":5,"54":5,"55":4,"56":128,"57":128,"58":124,"59":124,"60":4,"61":4,"62":4,"63":128,"64":1168,"65":128,"66":4,"67":1,"68":1,"69":1,"70":14,"71":2,"72":12,"73":1,"74":11,"75":1,"76":10,"77":10,"78":1,"79":9,"80":9,"81":1,"82":8,"83":8,"84":8,"85":4,"86":4,"87":2,"88":2,"89":2,"90":1,"91":1,"92":1,"93":1,"94":1,"95":1,"96":8,"97":8,"98":71,"99":8,"100":2,"101":6,"102":6,"103":5,"104":5,"105":18,"106":18,"107":18,"108":1,"109":1,"110":10,"111":10,"112":10,"113":10,"114":7,"115":7,"116":7,"117":7,"118":7,"119":1,"120":1,"121":1,"122":1,"123":1,"124":1,"125":10,"126":10,"127":10,"128":8,"129":8,"130":8,"131":8,"132":8,"133":8,"134":7,"135":8,"136":8,"137":8,"138":8,"139":8,"140":8,"141":8,"142":8,"143":8,"144":8,"145":8,"146":8,"147":6,"148":8,"149":8,"150":8,"151":8,"152":8,"153":8,"154":8,"155":8,"156":8,"157":8,"158":8,"159":8,"160":8,"161":8,"162":8,"163":8,"164":8,"165":8,"166":8,"167":8,"168":8,"169":8,"170":8,"171":8,"172":2,"173":1,"174":5,"175":5,"176":1,"177":4,"178":4,"179":3,"180":2,"181":2,"182":1,"183":1,"184":1,"185":10,"186":10,"187":5,"188":5,"189":5,"190":137,"191":5,"192":1,"193":4,"194":4,"195":3,"196":3,"197":3,"198":66,"199":3,"200":1,"201":2,"202":3,"203":3,"204":1,"205":1,"206":5,"207":5,"208":1,"209":4,"210":4,"211":1,"212":3,"213":3,"214":42,"215":3,"216":1,"217":2,"218":2,"219":1,"220":1,"221":1,"222":1,"223":1,"224":1,"225":1,"226":34,"227":1,"228":1,"229":0,"230":1,"231":1,"232":1,"233":1,"234":3,"235":3,"236":72,"237":3,"238":1,"239":2,"240":2,"241":1,"242":1,"243":1,"244":1,"245":1,"246":106,"247":4,"248":4,"249":1,"250":3,"251":6,"252":6,"253":6,"254":34,"255":34,"256":1,"257":33,"258":33,"259":5,"260":5,"261":33,"262":33,"263":1,"264":6,"265":6,"266":1,"267":1,"268":13,"269":13,"270":13,"271":13,"272":13,"273":8,"274":8,"275":89,"276":8,"277":6,"278":6,"279":6,"280":4,"281":18,"282":2,"283":6,"284":4,"285":4,"286":4,"287":4,"288":4,"289":4,"290":4,"291":13,"292":5,"293":5,"294":50,"295":5,"296":4,"297":4,"298":3,"299":15,"300":1,"301":4,"302":2,"303":2,"304":2,"305":2,"306":2,"307":13,"308":4,"309":4,"310":49,"311":4,"312":3,"313":3,"314":3,"315":3,"316":3,"317":3,"318":3,"319":3,"320":3,"321":2,"322":3,"323":1,"324":1,"325":1,"326":1,"327":1,"328":1,"329":1,"330":1,"331":1,"332":1,"333":1,"334":1,"335":1,"336":1,"337":3,"338":46,"339":3,"340":1,"341":2,"342":1,"343":1,"344":1,"345":1,"346":1,"347":1,"348":4,"349":52,"350":4,"351":1,"352":3,"353":1,"354":2,"355":13,"356":2,"357":1,"358":1,"359":1,"360":1,"361":1,"362":2,"363":2,"364":2,"365":2,"366":2,"367":1,"368":1},"f":{"0":1,"1":4,"2":124,"3":134,"4":4,"5":8,"6":28,"7":28,"8":49,"9":49,"10":5,"11":128,"12":1168,"13":14,"14":8,"15":71,"16":18,"17":1,"18":10,"19":6,"20":5,"21":10,"22":137,"23":66,"24":5,"25":42,"26":34,"27":3,"28":72,"29":106,"30":4,"31":0,"32":6,"33":6,"34":13,"35":13,"36":8,"37":89,"38":18,"39":5,"40":50,"41":15,"42":4,"43":49,"44":1,"45":1,"46":1,"47":3,"48":46,"49":4,"50":52,"51":13,"52":2,"53":2,"54":1},"b":{"0":[65,69],"1":[134,133],"2":[5],"3":[124,4],"4":[4,0],"5":[128,128],"6":[128,0],"7":[2,12],"8":[14,13,13],"9":[1,11],"10":[12,11,11],"11":[1,10],"12":[11,10,10],"13":[1,9],"14":[1,8],"15":[9,8],"16":[4,4],"17":[8,4,4],"18":[1,2,1,1,1,1],"19":[2,6],"20":[10,1],"21":[7,1,1,1],"22":[1,6],"23":[8,1],"24":[7,1],"25":[8,2],"26":[8,2],"27":[8,2],"28":[8,2],"29":[8,2],"30":[8,0],"31":[8,2],"32":[8,2],"33":[8,2],"34":[8,2],"35":[8,2],"36":[1,4],"37":[5,5],"38":[2,1],"39":[5,5],"40":[1,4],"41":[1,2],"42":[1,4],"43":[1,3],"44":[1,2],"45":[1,0],"46":[1,2],"47":[1,3],"48":[4,4],"49":[1,3],"50":[4,3],"51":[1,33],"52":[34,34],"53":[8,1],"54":[6,2],"55":[8,6],"56":[4,2],"57":[6,4],"58":[18,18],"59":[4,2],"60":[3,1],"61":[4,4],"62":[5,1],"63":[4,1],"64":[5,4],"65":[3,1],"66":[4,3],"67":[15,15],"68":[2,2],"69":[4,1],"70":[3,1],"71":[4,3],"72":[3,0],"73":[3,3],"74":[1,2],"75":[1,1],"76":[1,3],"77":[1,2],"78":[3,2],"79":[13,13],"80":[1],"81":[1],"82":[1]},"_coverageSchema":"1a1c01bbd47fc00a2c39e90264f33305004495a9","hash":"9e4df46f03791a1a4bc931d8fdf7df3c9cfd7656"}
}
