TN:
SF:QSAdminBackend.js
FN:35,(anonymous_0)
FN:64,sortServicesByPriority
FN:64,(anonymous_2)
FN:66,normalizeStatus
FN:73,Precompile_ProViews
FN:87,(anonymous_5)
FN:99,(anonymous_6)
FN:100,(anonymous_7)
FN:108,(anonymous_8)
FN:109,(anonymous_9)
FN:122,Container_Initializer
FN:132,(anonymous_11)
FN:144,(anonymous_12)
FN:170,validateServicePayload
FN:213,Status_Changer
FN:215,(anonymous_15)
FN:227,broadcastQueueUpdate
FN:232,(anonymous_17)
FN:236,(anonymous_18)
FN:297,(anonymous_19)
FN:366,(anonymous_20)
FN:391,(anonymous_21)
FN:398,(anonymous_22)
FN:415,(anonymous_23)
FN:427,(anonymous_24)
FN:437,(anonymous_25)
FN:453,(anonymous_26)
FN:464,(anonymous_27)
FN:468,(anonymous_28)
FN:484,(anonymous_29)
FN:491,notifyServed
FN:503,(anonymous_31)
FN:510,QE_Service_Shfit
FN:543,QE_Remover
FN:563,(anonymous_34)
FN:569,(anonymous_35)
FN:574,(anonymous_36)
FN:577,(anonymous_37)
FN:586,(anonymous_38)
FN:609,(anonymous_39)
FN:612,(anonymous_40)
FN:620,(anonymous_41)
FN:640,(anonymous_42)
FN:643,(anonymous_43)
FN:676,(anonymous_44)
FN:691,(anonymous_45)
FN:693,(anonymous_46)
FN:698,(anonymous_47)
FN:702,(anonymous_48)
FN:714,(anonymous_49)
FN:718,(anonymous_50)
FN:723,(anonymous_51)
FN:737,startServer
FN:743,(anonymous_53)
FN:748,(anonymous_54)
FNF:55
FNH:54
FNDA:1,(anonymous_0)
FNDA:4,sortServicesByPriority
FNDA:124,(anonymous_2)
FNDA:134,normalizeStatus
FNDA:4,Precompile_ProViews
FNDA:8,(anonymous_5)
FNDA:28,(anonymous_6)
FNDA:28,(anonymous_7)
FNDA:49,(anonymous_8)
FNDA:49,(anonymous_9)
FNDA:5,Container_Initializer
FNDA:128,(anonymous_11)
FNDA:1168,(anonymous_12)
FNDA:14,validateServicePayload
FNDA:8,Status_Changer
FNDA:71,(anonymous_15)
FNDA:18,broadcastQueueUpdate
FNDA:1,(anonymous_17)
FNDA:10,(anonymous_18)
FNDA:6,(anonymous_19)
FNDA:5,(anonymous_20)
FNDA:10,(anonymous_21)
FNDA:137,(anonymous_22)
FNDA:66,(anonymous_23)
FNDA:5,(anonymous_24)
FNDA:42,(anonymous_25)
FNDA:34,(anonymous_26)
FNDA:3,(anonymous_27)
FNDA:72,(anonymous_28)
FNDA:106,(anonymous_29)
FNDA:4,notifyServed
FNDA:0,(anonymous_31)
FNDA:6,QE_Service_Shfit
FNDA:6,QE_Remover
FNDA:13,(anonymous_34)
FNDA:13,(anonymous_35)
FNDA:8,(anonymous_36)
FNDA:89,(anonymous_37)
FNDA:18,(anonymous_38)
FNDA:5,(anonymous_39)
FNDA:50,(anonymous_40)
FNDA:15,(anonymous_41)
FNDA:4,(anonymous_42)
FNDA:49,(anonymous_43)
FNDA:1,(anonymous_44)
FNDA:1,(anonymous_45)
FNDA:1,(anonymous_46)
FNDA:3,(anonymous_47)
FNDA:46,(anonymous_48)
FNDA:4,(anonymous_49)
FNDA:52,(anonymous_50)
FNDA:13,(anonymous_51)
FNDA:2,startServer
FNDA:2,(anonymous_53)
FNDA:1,(anonymous_54)
DA:5,1
DA:6,1
DA:7,1
DA:8,1
DA:9,1
DA:10,1
DA:11,1
DA:12,1
DA:14,1
DA:16,1
DA:17,1
DA:18,1
DA:21,1
DA:22,1
DA:25,1
DA:26,1
DA:27,1
DA:28,1
DA:31,1
DA:37,1
DA:38,1
DA:39,1
DA:40,1
DA:41,1
DA:42,1
DA:48,132
DA:64,124
DA:68,134
DA:69,134
DA:70,69
DA:75,4
DA:77,4
DA:78,4
DA:80,4
DA:81,4
DA:83,4
DA:84,4
DA:87,8
DA:93,4
DA:94,4
DA:97,4
DA:99,28
DA:100,28
DA:106,3
DA:108,49
DA:109,49
DA:114,3
DA:118,1
DA:124,5
DA:126,5
DA:128,5
DA:130,5
DA:132,4
DA:134,128
DA:135,128
DA:137,124
DA:139,4
DA:142,4
DA:144,1168
DA:146,128
DA:159,4
DA:163,1
DA:164,1
DA:168,1
DA:175,14
DA:176,12
DA:177,11
DA:179,10
DA:180,10
DA:182,9
DA:183,9
DA:185,8
DA:186,8
DA:188,8
DA:190,4
DA:191,4
DA:193,2
DA:194,1
DA:195,1
DA:201,8
DA:215,71
DA:217,8
DA:219,6
DA:221,6
DA:222,5
DA:223,5
DA:229,18
DA:231,18
DA:232,18
DA:236,1
DA:239,10
DA:241,10
DA:242,10
DA:244,10
DA:247,7
DA:248,7
DA:249,7
DA:250,7
DA:251,7
DA:252,1
DA:254,1
DA:255,1
DA:256,1
DA:257,1
DA:260,10
DA:262,10
DA:264,10
DA:270,8
DA:273,8
DA:274,8
DA:277,8
DA:278,8
DA:280,8
DA:281,7
DA:285,8
DA:286,8
DA:287,8
DA:288,8
DA:289,8
DA:290,8
DA:291,8
DA:292,8
DA:293,8
DA:294,8
DA:295,8
DA:297,8
DA:298,6
DA:301,8
DA:304,8
DA:313,8
DA:316,8
DA:317,8
DA:318,8
DA:319,8
DA:320,8
DA:321,8
DA:322,8
DA:323,8
DA:324,8
DA:325,8
DA:326,8
DA:327,8
DA:330,8
DA:331,8
DA:332,8
DA:333,8
DA:334,8
DA:335,8
DA:337,8
DA:357,8
DA:359,8
DA:363,2
DA:366,1
DA:368,5
DA:370,5
DA:372,4
DA:374,4
DA:376,3
DA:378,2
DA:380,2
DA:386,1
DA:388,1
DA:391,1
DA:393,10
DA:394,10
DA:396,5
DA:398,137
DA:399,5
DA:401,4
DA:403,4
DA:404,3
DA:406,3
DA:415,66
DA:417,3
DA:418,2
DA:420,3
DA:422,3
DA:424,1
DA:427,1
DA:429,5
DA:430,5
DA:432,4
DA:433,4
DA:435,3
DA:437,42
DA:438,3
DA:440,2
DA:442,2
DA:444,1
DA:445,1
DA:446,1
DA:447,1
DA:448,1
DA:451,1
DA:453,34
DA:454,1
DA:455,0
DA:457,1
DA:459,1
DA:461,1
DA:464,1
DA:466,3
DA:468,72
DA:469,3
DA:471,2
DA:473,2
DA:475,1
DA:477,1
DA:479,1
DA:481,1
DA:484,106
DA:494,4
DA:497,4
DA:499,3
DA:512,6
DA:514,6
DA:516,34
DA:517,34
DA:519,33
DA:520,33
DA:528,5
DA:530,33
DA:534,33
DA:539,1
DA:548,6
DA:550,6
DA:559,1
DA:563,1
DA:565,13
DA:567,13
DA:569,13
DA:571,13
DA:574,13
DA:576,8
DA:577,89
DA:579,8
DA:581,6
DA:582,6
DA:584,6
DA:586,18
DA:588,2
DA:590,6
DA:592,4
DA:595,4
DA:597,4
DA:598,4
DA:600,4
DA:601,4
DA:604,4
DA:609,13
DA:611,5
DA:612,50
DA:614,5
DA:616,4
DA:618,4
DA:620,15
DA:622,1
DA:624,4
DA:626,2
DA:629,2
DA:631,2
DA:632,2
DA:635,2
DA:640,13
DA:642,4
DA:643,49
DA:645,4
DA:647,3
DA:648,3
DA:651,3
DA:653,3
DA:655,3
DA:656,3
DA:658,3
DA:659,3
DA:665,2
DA:668,3
DA:676,1
DA:678,1
DA:679,1
DA:680,1
DA:682,1
DA:683,1
DA:684,1
DA:686,1
DA:689,1
DA:691,1
DA:693,1
DA:694,1
DA:698,1
DA:702,46
DA:704,3
DA:705,2
DA:707,1
DA:708,1
DA:709,1
DA:711,1
DA:714,1
DA:718,52
DA:720,4
DA:721,3
DA:723,13
DA:726,2
DA:728,1
DA:729,1
DA:730,1
DA:731,1
DA:734,1
DA:739,2
DA:740,2
DA:743,2
DA:744,2
DA:748,2
DA:750,1
DA:757,1
LF:315
LH:314
BRDA:69,0,0,65
BRDA:69,0,1,69
BRDA:69,1,0,134
BRDA:69,1,1,133
BRDA:128,2,0,5
BRDA:135,3,0,124
BRDA:135,3,1,4
BRDA:142,4,0,4
BRDA:142,4,1,0
BRDA:151,5,0,128
BRDA:151,5,1,128
BRDA:154,6,0,128
BRDA:154,6,1,0
BRDA:175,7,0,2
BRDA:175,7,1,12
BRDA:175,8,0,14
BRDA:175,8,1,13
BRDA:175,8,2,13
BRDA:176,9,0,1
BRDA:176,9,1,11
BRDA:176,10,0,12
BRDA:176,10,1,11
BRDA:176,10,2,11
BRDA:177,11,0,1
BRDA:177,11,1,10
BRDA:177,12,0,11
BRDA:177,12,1,10
BRDA:177,12,2,10
BRDA:180,13,0,1
BRDA:180,13,1,9
BRDA:183,14,0,1
BRDA:183,14,1,8
BRDA:183,15,0,9
BRDA:183,15,1,8
BRDA:188,16,0,4
BRDA:188,16,1,4
BRDA:188,17,0,8
BRDA:188,17,1,4
BRDA:188,17,2,4
BRDA:191,18,0,1
BRDA:191,18,1,2
BRDA:191,18,2,1
BRDA:191,18,3,1
BRDA:191,18,4,1
BRDA:191,18,5,1
BRDA:217,19,0,2
BRDA:217,19,1,6
BRDA:239,20,0,10
BRDA:239,20,1,1
BRDA:244,21,0,7
BRDA:244,21,1,1
BRDA:244,21,2,1
BRDA:244,21,3,1
BRDA:248,22,0,1
BRDA:248,22,1,6
BRDA:270,23,0,8
BRDA:270,23,1,1
BRDA:280,24,0,7
BRDA:280,24,1,1
BRDA:288,25,0,8
BRDA:288,25,1,2
BRDA:289,26,0,8
BRDA:289,26,1,2
BRDA:290,27,0,8
BRDA:290,27,1,2
BRDA:291,28,0,8
BRDA:291,28,1,2
BRDA:292,29,0,8
BRDA:292,29,1,2
BRDA:295,30,0,8
BRDA:295,30,1,0
BRDA:322,31,0,8
BRDA:322,31,1,2
BRDA:323,32,0,8
BRDA:323,32,1,2
BRDA:324,33,0,8
BRDA:324,33,1,2
BRDA:325,34,0,8
BRDA:325,34,1,2
BRDA:326,35,0,8
BRDA:326,35,1,2
BRDA:370,36,0,1
BRDA:370,36,1,4
BRDA:370,37,0,5
BRDA:370,37,1,5
BRDA:376,38,0,2
BRDA:376,38,1,1
BRDA:394,39,0,5
BRDA:394,39,1,5
BRDA:399,40,0,1
BRDA:399,40,1,4
BRDA:417,41,0,1
BRDA:417,41,1,2
BRDA:430,42,0,1
BRDA:430,42,1,4
BRDA:433,43,0,1
BRDA:433,43,1,3
BRDA:438,44,0,1
BRDA:438,44,1,2
BRDA:454,45,0,1
BRDA:454,45,1,0
BRDA:469,46,0,1
BRDA:469,46,1,2
BRDA:494,47,0,1
BRDA:494,47,1,3
BRDA:494,48,0,4
BRDA:494,48,1,4
BRDA:497,49,0,1
BRDA:497,49,1,3
BRDA:497,50,0,4
BRDA:497,50,1,3
BRDA:517,51,0,1
BRDA:517,51,1,33
BRDA:517,52,0,34
BRDA:517,52,1,34
BRDA:576,53,0,8
BRDA:576,53,1,1
BRDA:579,54,0,6
BRDA:579,54,1,2
BRDA:579,55,0,8
BRDA:579,55,1,6
BRDA:584,56,0,4
BRDA:584,56,1,2
BRDA:584,57,0,6
BRDA:584,57,1,4
BRDA:586,58,0,18
BRDA:586,58,1,18
BRDA:590,59,0,4
BRDA:590,59,1,2
BRDA:600,60,0,3
BRDA:600,60,1,1
BRDA:600,61,0,4
BRDA:600,61,1,4
BRDA:611,62,0,5
BRDA:611,62,1,1
BRDA:614,63,0,4
BRDA:614,63,1,1
BRDA:614,64,0,5
BRDA:614,64,1,4
BRDA:618,65,0,3
BRDA:618,65,1,1
BRDA:618,66,0,4
BRDA:618,66,1,3
BRDA:620,67,0,15
BRDA:620,67,1,15
BRDA:624,68,0,2
BRDA:624,68,1,2
BRDA:642,69,0,4
BRDA:642,69,1,1
BRDA:645,70,0,3
BRDA:645,70,1,1
BRDA:645,71,0,4
BRDA:645,71,1,3
BRDA:656,72,0,3
BRDA:656,72,1,0
BRDA:656,73,0,3
BRDA:656,73,1,3
BRDA:704,74,0,1
BRDA:704,74,1,2
BRDA:705,75,0,1
BRDA:705,75,1,1
BRDA:720,76,0,1
BRDA:720,76,1,3
BRDA:721,77,0,1
BRDA:721,77,1,2
BRDA:721,78,0,3
BRDA:721,78,1,2
BRDA:723,79,0,13
BRDA:723,79,1,13
BRDA:726,80,0,1
BRDA:737,81,0,1
BRDA:737,82,0,1
BRF:172
BRH:167
end_of_record
