{"C:\\Users\\Kchau\\source\\repos\\COSC 4353\\QueueSmart\\QueueUser\\queueService.js": {"path":"C:\\Users\\Kchau\\source\\repos\\COSC 4353\\QueueSmart\\QueueUser\\queueService.js","statementMap":{"0":{"start":{"line":2,"column":4},"end":{"line":7,"column":5}},"1":{"start":{"line":3,"column":8},"end":{"line":6,"column":10}},"2":{"start":{"line":9,"column":20},"end":{"line":9,"column":77}},"3":{"start":{"line":9,"column":52},"end":{"line":9,"column":76}},"4":{"start":{"line":11,"column":4},"end":{"line":16,"column":5}},"5":{"start":{"line":12,"column":8},"end":{"line":15,"column":10}},"6":{"start":{"line":18,"column":27},"end":{"line":20,"column":6}},"7":{"start":{"line":19,"column":8},"end":{"line":19,"column":69}},"8":{"start":{"line":22,"column":4},"end":{"line":27,"column":5}},"9":{"start":{"line":23,"column":8},"end":{"line":26,"column":10}},"10":{"start":{"line":29,"column":21},"end":{"line":31,"column":17}},"11":{"start":{"line":30,"column":8},"end":{"line":30,"column":75}},"12":{"start":{"line":33,"column":23},"end":{"line":40,"column":5}},"13":{"start":{"line":42,"column":4},"end":{"line":42,"column":41}},"14":{"start":{"line":44,"column":4},"end":{"line":47,"column":6}},"15":{"start":{"line":51,"column":23},"end":{"line":53,"column":6}},"16":{"start":{"line":52,"column":8},"end":{"line":52,"column":69}},"17":{"start":{"line":55,"column":4},"end":{"line":60,"column":5}},"18":{"start":{"line":56,"column":8},"end":{"line":59,"column":10}},"19":{"start":{"line":62,"column":4},"end":{"line":62,"column":35}},"20":{"start":{"line":64,"column":4},"end":{"line":69,"column":7}},"21":{"start":{"line":71,"column":4},"end":{"line":74,"column":6}},"22":{"start":{"line":77,"column":0},"end":{"line":80,"column":2}}},"fnMap":{"0":{"name":"joinQueue","decl":{"start":{"line":1,"column":9},"end":{"line":1,"column":18}},"loc":{"start":{"line":1,"column":46},"end":{"line":48,"column":1}},"line":1},"1":{"name":"(anonymous_1)","decl":{"start":{"line":9,"column":41},"end":{"line":9,"column":42}},"loc":{"start":{"line":9,"column":52},"end":{"line":9,"column":76}},"line":9},"2":{"name":"(anonymous_2)","decl":{"start":{"line":18,"column":52},"end":{"line":18,"column":53}},"loc":{"start":{"line":18,"column":61},"end":{"line":20,"column":5}},"line":18},"3":{"name":"(anonymous_3)","decl":{"start":{"line":29,"column":48},"end":{"line":29,"column":49}},"loc":{"start":{"line":29,"column":57},"end":{"line":31,"column":5}},"line":29},"4":{"name":"leaveQueue","decl":{"start":{"line":50,"column":9},"end":{"line":50,"column":19}},"loc":{"start":{"line":50,"column":36},"end":{"line":75,"column":1}},"line":50},"5":{"name":"(anonymous_5)","decl":{"start":{"line":51,"column":48},"end":{"line":51,"column":49}},"loc":{"start":{"line":51,"column":57},"end":{"line":53,"column":5}},"line":51}},"branchMap":{"0":{"loc":{"start":{"line":2,"column":4},"end":{"line":7,"column":5}},"type":"if","locations":[{"start":{"line":2,"column":4},"end":{"line":7,"column":5}},{"start":{},"end":{}}],"line":2},"1":{"loc":{"start":{"line":2,"column":8},"end":{"line":2,"column":29}},"type":"binary-expr","locations":[{"start":{"line":2,"column":8},"end":{"line":2,"column":15}},{"start":{"line":2,"column":19},"end":{"line":2,"column":29}}],"line":2},"2":{"loc":{"start":{"line":11,"column":4},"end":{"line":16,"column":5}},"type":"if","locations":[{"start":{"line":11,"column":4},"end":{"line":16,"column":5}},{"start":{},"end":{}}],"line":11},"3":{"loc":{"start":{"line":19,"column":15},"end":{"line":19,"column":68}},"type":"binary-expr","locations":[{"start":{"line":19,"column":15},"end":{"line":19,"column":38}},{"start":{"line":19,"column":42},"end":{"line":19,"column":68}}],"line":19},"4":{"loc":{"start":{"line":22,"column":4},"end":{"line":27,"column":5}},"type":"if","locations":[{"start":{"line":22,"column":4},"end":{"line":27,"column":5}},{"start":{},"end":{}}],"line":22},"5":{"loc":{"start":{"line":30,"column":15},"end":{"line":30,"column":74}},"type":"binary-expr","locations":[{"start":{"line":30,"column":15},"end":{"line":30,"column":44}},{"start":{"line":30,"column":48},"end":{"line":30,"column":74}}],"line":30},"6":{"loc":{"start":{"line":52,"column":15},"end":{"line":52,"column":68}},"type":"binary-expr","locations":[{"start":{"line":52,"column":15},"end":{"line":52,"column":38}},{"start":{"line":52,"column":42},"end":{"line":52,"column":68}}],"line":52},"7":{"loc":{"start":{"line":55,"column":4},"end":{"line":60,"column":5}},"type":"if","locations":[{"start":{"line":55,"column":4},"end":{"line":60,"column":5}},{"start":{},"end":{}}],"line":55}},"s":{"0":7,"1":0,"2":7,"3":9,"4":7,"5":1,"6":6,"7":2,"8":6,"9":1,"10":5,"11":1,"12":5,"13":5,"14":5,"15":2,"16":1,"17":2,"18":1,"19":1,"20":1,"21":1,"22":1},"f":{"0":7,"1":9,"2":2,"3":1,"4":2,"5":1},"b":{"0":[0,7],"1":[7,7],"2":[1,6],"3":[2,1],"4":[1,5],"5":[1,1],"6":[1,1],"7":[1,1]},"_coverageSchema":"1a1c01bbd47fc00a2c39e90264f33305004495a9","hash":"197050581e1394d0534dd0a8a47767c09df08509"}
}
