TN:
SF:queueService.js
FN:1,joinQueue
FN:9,(anonymous_1)
FN:18,(anonymous_2)
FN:29,(anonymous_3)
FN:50,leaveQueue
FN:51,(anonymous_5)
FNF:6
FNH:6
FNDA:7,joinQueue
FNDA:9,(anonymous_1)
FNDA:2,(anonymous_2)
FNDA:1,(anonymous_3)
FNDA:2,leaveQueue
FNDA:1,(anonymous_5)
DA:2,7
DA:3,0
DA:9,9
DA:11,7
DA:12,1
DA:18,6
DA:19,2
DA:22,6
DA:23,1
DA:29,5
DA:30,1
DA:33,5
DA:42,5
DA:44,5
DA:51,2
DA:52,1
DA:55,2
DA:56,1
DA:62,1
DA:64,1
DA:71,1
DA:77,1
LF:22
LH:21
BRDA:2,0,0,0
BRDA:2,0,1,7
BRDA:2,1,0,7
BRDA:2,1,1,7
BRDA:11,2,0,1
BRDA:11,2,1,6
BRDA:19,3,0,2
BRDA:19,3,1,1
BRDA:22,4,0,1
BRDA:22,4,1,5
BRDA:30,5,0,1
BRDA:30,5,1,1
BRDA:52,6,0,1
BRDA:52,6,1,1
BRDA:55,7,0,1
BRDA:55,7,1,1
BRF:16
BRH:15
end_of_record
