<?xml version="1.0" encoding="UTF-8"?>
<coverage generated="1785818874383" clover="3.2.0">
  <project timestamp="1785818874383" name="All files">
    <metrics statements="165" coveredstatements="161" conditionals="116" coveredconditionals="111" methods="34" coveredmethods="34" elements="315" coveredelements="306" complexity="0" loc="165" ncloc="165" packages="1" files="1" classes="1"/>
    <file name="QSAdminBackend.js" path="C:\Users\CHair\Documents\Program Elvis\Github\COSC4353_SoftwareDesignGroup1_Summer2026\Assignment_3_Group_1\AdminBackend\QSAdminBackend.js">
      <metrics statements="165" coveredstatements="161" conditionals="116" coveredconditionals="111" methods="34" coveredmethods="34"/>
      <line num="5" count="1" type="stmt"/>
      <line num="6" count="1" type="stmt"/>
      <line num="7" count="1" type="stmt"/>
      <line num="8" count="1" type="stmt"/>
      <line num="10" count="1" type="stmt"/>
      <line num="12" count="1" type="stmt"/>
      <line num="13" count="1" type="stmt"/>
      <line num="14" count="1" type="stmt"/>
      <line num="17" count="1" type="stmt"/>
      <line num="20" count="1" type="stmt"/>
      <line num="23" count="157" type="stmt"/>
      <line num="26" count="157" type="stmt"/>
      <line num="27" count="157" type="stmt"/>
      <line num="28" count="157" type="stmt"/>
      <line num="29" count="157" type="stmt"/>
      <line num="30" count="157" type="stmt"/>
      <line num="31" count="157" type="stmt"/>
      <line num="32" count="157" type="stmt"/>
      <line num="33" count="157" type="cond" truecount="1" falsecount="1"/>
      <line num="39" count="530" type="stmt"/>
      <line num="44" count="5" type="stmt"/>
      <line num="47" count="5" type="stmt"/>
      <line num="48" count="5" type="cond" truecount="1" falsecount="1"/>
      <line num="51" count="5" type="stmt"/>
      <line num="53" count="5" type="stmt"/>
      <line num="55" count="150" type="stmt"/>
      <line num="56" count="150" type="cond" truecount="1" falsecount="1"/>
      <line num="58" count="150" type="stmt"/>
      <line num="59" count="0" type="cond" truecount="0" falsecount="2"/>
      <line num="61" count="0" type="stmt"/>
      <line num="65" count="9000" type="stmt"/>
      <line num="67" count="150" type="stmt"/>
      <line num="79" count="5" type="stmt"/>
      <line num="82" count="0" type="stmt"/>
      <line num="83" count="0" type="stmt"/>
      <line num="87" count="1" type="stmt"/>
      <line num="92" count="21" type="cond" truecount="2" falsecount="0"/>
      <line num="95" count="21" type="cond" truecount="5" falsecount="0"/>
      <line num="97" count="2" type="stmt"/>
      <line num="99" count="19" type="cond" truecount="5" falsecount="0"/>
      <line num="101" count="1" type="stmt"/>
      <line num="103" count="18" type="cond" truecount="5" falsecount="0"/>
      <line num="105" count="1" type="stmt"/>
      <line num="107" count="17" type="cond" truecount="5" falsecount="0"/>
      <line num="109" count="1" type="stmt"/>
      <line num="113" count="16" type="stmt"/>
      <line num="114" count="16" type="cond" truecount="2" falsecount="0"/>
      <line num="116" count="1" type="stmt"/>
      <line num="120" count="15" type="stmt"/>
      <line num="121" count="15" type="cond" truecount="4" falsecount="0"/>
      <line num="123" count="2" type="stmt"/>
      <line num="128" count="13" type="cond" truecount="3" falsecount="0"/>
      <line num="131" count="6" type="stmt"/>
      <line num="133" count="6" type="cond" truecount="7" falsecount="0"/>
      <line num="135" count="2" type="stmt"/>
      <line num="136" count="1" type="stmt"/>
      <line num="137" count="2" type="stmt"/>
      <line num="138" count="1" type="stmt"/>
      <line num="140" count="5" type="stmt"/>
      <line num="142" count="6" type="cond" truecount="2" falsecount="0"/>
      <line num="144" count="5" type="stmt"/>
      <line num="145" count="5" type="stmt"/>
      <line num="146" count="1" type="stmt"/>
      <line num="149" count="10" type="stmt"/>
      <line num="163" count="62" type="stmt"/>
      <line num="165" count="3" type="cond" truecount="2" falsecount="0"/>
      <line num="167" count="2" type="stmt"/>
      <line num="168" count="2" type="stmt"/>
      <line num="172" count="1" type="stmt"/>
      <line num="173" count="3" type="stmt"/>
      <line num="175" count="3" type="cond" truecount="4" falsecount="0"/>
      <line num="177" count="1" type="stmt"/>
      <line num="180" count="2" type="stmt"/>
      <line num="182" count="2" type="cond" truecount="2" falsecount="0"/>
      <line num="185" count="1" type="stmt"/>
      <line num="187" count="1" type="stmt"/>
      <line num="193" count="1" type="stmt"/>
      <line num="198" count="1" type="stmt"/>
      <line num="199" count="18" type="stmt"/>
      <line num="200" count="18" type="cond" truecount="2" falsecount="0"/>
      <line num="202" count="8" type="stmt"/>
      <line num="204" count="255" type="stmt"/>
      <line num="205" count="8" type="cond" truecount="2" falsecount="0"/>
      <line num="207" count="7" type="stmt"/>
      <line num="219" count="156" type="stmt"/>
      <line num="221" count="7" type="cond" truecount="2" falsecount="0"/>
      <line num="224" count="3" type="stmt"/>
      <line num="228" count="4" type="stmt"/>
      <line num="232" count="7" type="stmt"/>
      <line num="234" count="7" type="stmt"/>
      <line num="238" count="1" type="stmt"/>
      <line num="239" count="4" type="stmt"/>
      <line num="240" count="4" type="cond" truecount="2" falsecount="0"/>
      <line num="242" count="3" type="stmt"/>
      <line num="243" count="3" type="cond" truecount="2" falsecount="0"/>
      <line num="245" count="2" type="stmt"/>
      <line num="247" count="38" type="stmt"/>
      <line num="248" count="2" type="cond" truecount="2" falsecount="0"/>
      <line num="250" count="1" type="stmt"/>
      <line num="251" count="1" type="stmt"/>
      <line num="252" count="1" type="stmt"/>
      <line num="253" count="1" type="stmt"/>
      <line num="255" count="1" type="stmt"/>
      <line num="257" count="1" type="stmt"/>
      <line num="261" count="1" type="stmt"/>
      <line num="262" count="2" type="stmt"/>
      <line num="264" count="62" type="stmt"/>
      <line num="265" count="2" type="cond" truecount="2" falsecount="0"/>
      <line num="267" count="1" type="stmt"/>
      <line num="269" count="1" type="stmt"/>
      <line num="271" count="1" type="stmt"/>
      <line num="275" count="1" type="stmt"/>
      <line num="276" count="3" type="stmt"/>
      <line num="285" count="4" type="cond" truecount="2" falsecount="0"/>
      <line num="286" count="3" type="cond" truecount="4" falsecount="0"/>
      <line num="289" count="3" type="cond" truecount="4" falsecount="0"/>
      <line num="291" count="2" type="stmt"/>
      <line num="298" count="1" type="stmt"/>
      <line num="299" count="9" type="stmt"/>
      <line num="302" count="9" type="stmt"/>
      <line num="305" count="9" type="stmt"/>
      <line num="306" count="9" type="stmt"/>
      <line num="310" count="9" type="stmt"/>
      <line num="311" count="6" type="cond" truecount="2" falsecount="0"/>
      <line num="312" count="176" type="stmt"/>
      <line num="314" count="6" type="cond" truecount="4" falsecount="0"/>
      <line num="316" count="4" type="stmt"/>
      <line num="317" count="4" type="stmt"/>
      <line num="318" count="4" type="stmt"/>
      <line num="320" count="4" type="stmt"/>
      <line num="325" count="9" type="stmt"/>
      <line num="326" count="3" type="cond" truecount="2" falsecount="0"/>
      <line num="327" count="66" type="stmt"/>
      <line num="329" count="3" type="cond" truecount="4" falsecount="0"/>
      <line num="331" count="2" type="cond" truecount="2" falsecount="0"/>
      <line num="332" count="2" type="stmt"/>
      <line num="333" count="2" type="stmt"/>
      <line num="334" count="2" type="stmt"/>
      <line num="339" count="9" type="stmt"/>
      <line num="340" count="3" type="cond" truecount="2" falsecount="0"/>
      <line num="341" count="65" type="stmt"/>
      <line num="343" count="3" type="cond" truecount="4" falsecount="0"/>
      <line num="345" count="2" type="stmt"/>
      <line num="346" count="2" type="stmt"/>
      <line num="347" count="2" type="stmt"/>
      <line num="352" count="9" type="stmt"/>
      <line num="353" count="2" type="cond" truecount="2" falsecount="0"/>
      <line num="354" count="62" type="stmt"/>
      <line num="356" count="2" type="cond" truecount="4" falsecount="0"/>
      <line num="358" count="1" type="stmt"/>
      <line num="359" count="1" type="stmt"/>
      <line num="360" count="1" type="stmt"/>
      <line num="365" count="9" type="stmt"/>
      <line num="366" count="3" type="cond" truecount="2" falsecount="0"/>
      <line num="367" count="78" type="stmt"/>
      <line num="368" count="3" type="cond" truecount="4" falsecount="0"/>
      <line num="370" count="2" type="stmt"/>
      <line num="372" count="2" type="cond" truecount="2" falsecount="0"/>
      <line num="374" count="1" type="stmt"/>
      <line num="375" count="1" type="stmt"/>
      <line num="376" count="1" type="stmt"/>
      <line num="384" count="3" type="stmt"/>
      <line num="385" count="3" type="stmt"/>
      <line num="386" count="2" type="stmt"/>
      <line num="395" count="1" type="stmt"/>
    </file>
  </project>
</coverage>
