<?xml version="1.0" encoding="UTF-8"?>
<coverage generated="1785655365906" clover="3.2.0">
  <project timestamp="1785655365906" name="All files">
    <metrics statements="151" coveredstatements="151" conditionals="107" coveredconditionals="107" methods="32" coveredmethods="32" elements="290" coveredelements="290" complexity="0" loc="151" ncloc="151" packages="1" files="1" classes="1"/>
    <file name="QSAdminBackend.js" path="C:\Users\CHair\Documents\Program Elvis\Github\COSC4353_SoftwareDesignGroup1_Summer2026\Assignment_3_Group_1\AdminBackend\QSAdminBackend.js">
      <metrics statements="151" coveredstatements="151" conditionals="107" coveredconditionals="107" methods="32" coveredmethods="32"/>
      <line num="5" count="1" type="stmt"/>
      <line num="6" count="1" type="stmt"/>
      <line num="7" count="1" type="stmt"/>
      <line num="8" count="1" type="stmt"/>
      <line num="10" count="1" type="stmt"/>
      <line num="11" count="1" type="stmt"/>
      <line num="12" count="1" type="stmt"/>
      <line num="15" count="1" type="stmt"/>
      <line num="18" count="1" type="stmt"/>
      <line num="23" count="97" type="stmt"/>
      <line num="27" count="97" type="stmt"/>
      <line num="28" count="97" type="stmt"/>
      <line num="29" count="97" type="stmt"/>
      <line num="30" count="97" type="stmt"/>
      <line num="31" count="97" type="stmt"/>
      <line num="32" count="97" type="stmt"/>
      <line num="34" count="97" type="stmt"/>
      <line num="36" count="5820" type="stmt"/>
      <line num="37" count="5820" type="stmt"/>
      <line num="44" count="291" type="stmt"/>
      <line num="49" count="3" type="stmt"/>
      <line num="50" count="3" type="stmt"/>
      <line num="52" count="3" type="stmt"/>
      <line num="53" count="90" type="cond" truecount="2" falsecount="0"/>
      <line num="54" count="90" type="stmt"/>
      <line num="57" count="3" type="stmt"/>
      <line num="60" count="1" type="stmt"/>
      <line num="65" count="25" type="cond" truecount="2" falsecount="0"/>
      <line num="68" count="25" type="cond" truecount="5" falsecount="0"/>
      <line num="69" count="3" type="stmt"/>
      <line num="71" count="22" type="cond" truecount="5" falsecount="0"/>
      <line num="72" count="2" type="stmt"/>
      <line num="74" count="20" type="cond" truecount="5" falsecount="0"/>
      <line num="75" count="2" type="stmt"/>
      <line num="77" count="18" type="cond" truecount="5" falsecount="0"/>
      <line num="78" count="2" type="stmt"/>
      <line num="82" count="16" type="stmt"/>
      <line num="83" count="16" type="cond" truecount="2" falsecount="0"/>
      <line num="84" count="1" type="stmt"/>
      <line num="88" count="15" type="stmt"/>
      <line num="89" count="15" type="cond" truecount="4" falsecount="0"/>
      <line num="90" count="2" type="stmt"/>
      <line num="95" count="13" type="cond" truecount="3" falsecount="0"/>
      <line num="98" count="6" type="stmt"/>
      <line num="100" count="6" type="cond" truecount="7" falsecount="0"/>
      <line num="102" count="2" type="stmt"/>
      <line num="103" count="1" type="stmt"/>
      <line num="104" count="2" type="stmt"/>
      <line num="105" count="1" type="stmt"/>
      <line num="107" count="5" type="stmt"/>
      <line num="109" count="6" type="cond" truecount="2" falsecount="0"/>
      <line num="111" count="5" type="stmt"/>
      <line num="112" count="5" type="stmt"/>
      <line num="113" count="1" type="stmt"/>
      <line num="116" count="10" type="stmt"/>
      <line num="130" count="54" type="stmt"/>
      <line num="132" count="3" type="cond" truecount="2" falsecount="0"/>
      <line num="134" count="2" type="stmt"/>
      <line num="135" count="2" type="stmt"/>
      <line num="139" count="1" type="stmt"/>
      <line num="140" count="3" type="stmt"/>
      <line num="142" count="3" type="cond" truecount="4" falsecount="0"/>
      <line num="144" count="2" type="stmt"/>
      <line num="146" count="2" type="cond" truecount="2" falsecount="0"/>
      <line num="149" count="1" type="stmt"/>
      <line num="151" count="1" type="stmt"/>
      <line num="157" count="1" type="stmt"/>
      <line num="162" count="1" type="stmt"/>
      <line num="163" count="22" type="stmt"/>
      <line num="164" count="22" type="cond" truecount="2" falsecount="0"/>
      <line num="166" count="8" type="stmt"/>
      <line num="168" count="250" type="stmt"/>
      <line num="169" count="8" type="cond" truecount="2" falsecount="0"/>
      <line num="171" count="7" type="stmt"/>
      <line num="182" count="142" type="stmt"/>
      <line num="184" count="7" type="cond" truecount="2" falsecount="0"/>
      <line num="186" count="3" type="stmt"/>
      <line num="189" count="4" type="stmt"/>
      <line num="193" count="7" type="stmt"/>
      <line num="195" count="7" type="stmt"/>
      <line num="199" count="1" type="stmt"/>
      <line num="200" count="3" type="stmt"/>
      <line num="201" count="3" type="cond" truecount="2" falsecount="0"/>
      <line num="203" count="2" type="stmt"/>
      <line num="205" count="38" type="stmt"/>
      <line num="206" count="2" type="cond" truecount="2" falsecount="0"/>
      <line num="208" count="1" type="stmt"/>
      <line num="209" count="1" type="stmt"/>
      <line num="210" count="1" type="stmt"/>
      <line num="212" count="1" type="stmt"/>
      <line num="214" count="1" type="stmt"/>
      <line num="218" count="1" type="stmt"/>
      <line num="219" count="2" type="stmt"/>
      <line num="221" count="57" type="stmt"/>
      <line num="222" count="2" type="cond" truecount="2" falsecount="0"/>
      <line num="224" count="1" type="stmt"/>
      <line num="226" count="1" type="stmt"/>
      <line num="228" count="1" type="stmt"/>
      <line num="232" count="1" type="stmt"/>
      <line num="233" count="3" type="stmt"/>
      <line num="242" count="4" type="cond" truecount="2" falsecount="0"/>
      <line num="243" count="3" type="cond" truecount="4" falsecount="0"/>
      <line num="246" count="3" type="cond" truecount="4" falsecount="0"/>
      <line num="248" count="2" type="stmt"/>
      <line num="255" count="1" type="stmt"/>
      <line num="256" count="9" type="stmt"/>
      <line num="259" count="9" type="stmt"/>
      <line num="262" count="9" type="stmt"/>
      <line num="263" count="9" type="stmt"/>
      <line num="267" count="9" type="stmt"/>
      <line num="268" count="6" type="cond" truecount="2" falsecount="0"/>
      <line num="269" count="138" type="stmt"/>
      <line num="271" count="6" type="cond" truecount="4" falsecount="0"/>
      <line num="273" count="4" type="stmt"/>
      <line num="274" count="4" type="stmt"/>
      <line num="275" count="4" type="stmt"/>
      <line num="277" count="4" type="stmt"/>
      <line num="282" count="9" type="stmt"/>
      <line num="283" count="3" type="cond" truecount="2" falsecount="0"/>
      <line num="284" count="78" type="stmt"/>
      <line num="286" count="3" type="cond" truecount="4" falsecount="0"/>
      <line num="288" count="2" type="cond" truecount="2" falsecount="0"/>
      <line num="289" count="2" type="stmt"/>
      <line num="290" count="2" type="stmt"/>
      <line num="291" count="2" type="stmt"/>
      <line num="296" count="9" type="stmt"/>
      <line num="297" count="3" type="cond" truecount="2" falsecount="0"/>
      <line num="298" count="61" type="stmt"/>
      <line num="300" count="3" type="cond" truecount="4" falsecount="0"/>
      <line num="302" count="2" type="stmt"/>
      <line num="303" count="2" type="stmt"/>
      <line num="304" count="2" type="stmt"/>
      <line num="309" count="9" type="stmt"/>
      <line num="310" count="2" type="cond" truecount="2" falsecount="0"/>
      <line num="311" count="38" type="stmt"/>
      <line num="313" count="2" type="cond" truecount="4" falsecount="0"/>
      <line num="315" count="1" type="stmt"/>
      <line num="316" count="1" type="stmt"/>
      <line num="317" count="1" type="stmt"/>
      <line num="322" count="9" type="stmt"/>
      <line num="323" count="3" type="cond" truecount="2" falsecount="0"/>
      <line num="324" count="60" type="stmt"/>
      <line num="325" count="3" type="cond" truecount="4" falsecount="0"/>
      <line num="327" count="2" type="stmt"/>
      <line num="329" count="2" type="cond" truecount="2" falsecount="0"/>
      <line num="331" count="1" type="stmt"/>
      <line num="332" count="1" type="stmt"/>
      <line num="333" count="1" type="stmt"/>
      <line num="342" count="2" type="stmt"/>
      <line num="343" count="1" type="stmt"/>
      <line num="355" count="1" type="stmt"/>
    </file>
  </project>
</coverage>
