{"C:\\Users\\CHair\\Documents\\Program Elvis\\Github\\COSC4353_SoftwareDesignGroup1_Summer2026\\Assignment_3_Group_1\\AdminBackend\\QSAdminBackend.js": {"path":"C:\\Users\\CHair\\Documents\\Program Elvis\\Github\\COSC4353_SoftwareDesignGroup1_Summer2026\\Assignment_3_Group_1\\AdminBackend\\QSAdminBackend.js","statementMap":{"0":{"start":{"line":5,"column":13},"end":{"line":5,"column":28}},"1":{"start":{"line":6,"column":16},"end":{"line":6,"column":34}},"2":{"start":{"line":7,"column":13},"end":{"line":7,"column":28}},"3":{"start":{"line":8,"column":19},"end":{"line":8,"column":39}},"4":{"start":{"line":10,"column":12},"end":{"line":10,"column":21}},"5":{"start":{"line":11,"column":0},"end":{"line":11,"column":16}},"6":{"start":{"line":12,"column":0},"end":{"line":12,"column":24}},"7":{"start":{"line":15,"column":15},"end":{"line":15,"column":37}},"8":{"start":{"line":18,"column":11},"end":{"line":20,"column":2}},"9":{"start":{"line":23,"column":16},"end":{"line":23,"column":18}},"10":{"start":{"line":27,"column":4},"end":{"line":27,"column":21}},"11":{"start":{"line":28,"column":4},"end":{"line":28,"column":29}},"12":{"start":{"line":29,"column":4},"end":{"line":29,"column":35}},"13":{"start":{"line":30,"column":4},"end":{"line":30,"column":37}},"14":{"start":{"line":31,"column":4},"end":{"line":31,"column":45}},"15":{"start":{"line":32,"column":4},"end":{"line":32,"column":47}},"16":{"start":{"line":34,"column":4},"end":{"line":38,"column":5}},"17":{"start":{"line":34,"column":20},"end":{"line":34,"column":21}},"18":{"start":{"line":36,"column":26},"end":{"line":36,"column":43}},"19":{"start":{"line":37,"column":6},"end":{"line":37,"column":41}},"20":{"start":{"line":44,"column":2},"end":{"line":44,"column":58}},"21":{"start":{"line":44,"column":33},"end":{"line":44,"column":56}},"22":{"start":{"line":49,"column":20},"end":{"line":49,"column":22}},"23":{"start":{"line":50,"column":13},"end":{"line":50,"column":105}},"24":{"start":{"line":52,"column":2},"end":{"line":55,"column":3}},"25":{"start":{"line":52,"column":19},"end":{"line":52,"column":20}},"26":{"start":{"line":53,"column":18},"end":{"line":53,"column":116}},"27":{"start":{"line":54,"column":4},"end":{"line":54,"column":26}},"28":{"start":{"line":57,"column":2},"end":{"line":57,"column":43}},"29":{"start":{"line":60,"column":27},"end":{"line":60,"column":50}},"30":{"start":{"line":65,"column":61},"end":{"line":65,"column":74}},"31":{"start":{"line":68,"column":2},"end":{"line":70,"column":3}},"32":{"start":{"line":69,"column":4},"end":{"line":69,"column":64}},"33":{"start":{"line":71,"column":2},"end":{"line":73,"column":3}},"34":{"start":{"line":72,"column":4},"end":{"line":72,"column":63}},"35":{"start":{"line":74,"column":2},"end":{"line":76,"column":3}},"36":{"start":{"line":75,"column":4},"end":{"line":75,"column":69}},"37":{"start":{"line":77,"column":2},"end":{"line":79,"column":3}},"38":{"start":{"line":78,"column":4},"end":{"line":78,"column":66}},"39":{"start":{"line":82,"column":18},"end":{"line":82,"column":37}},"40":{"start":{"line":83,"column":2},"end":{"line":85,"column":3}},"41":{"start":{"line":84,"column":4},"end":{"line":84,"column":81}},"42":{"start":{"line":88,"column":25},"end":{"line":88,"column":50}},"43":{"start":{"line":89,"column":2},"end":{"line":91,"column":3}},"44":{"start":{"line":90,"column":4},"end":{"line":90,"column":83}},"45":{"start":{"line":95,"column":2},"end":{"line":114,"column":3}},"46":{"start":{"line":98,"column":24},"end":{"line":98,"column":53}},"47":{"start":{"line":100,"column":6},"end":{"line":106,"column":7}},"48":{"start":{"line":102,"column":30},"end":{"line":102,"column":49}},"49":{"start":{"line":102,"column":50},"end":{"line":102,"column":56}},"50":{"start":{"line":103,"column":33},"end":{"line":103,"column":52}},"51":{"start":{"line":103,"column":53},"end":{"line":103,"column":59}},"52":{"start":{"line":104,"column":31},"end":{"line":104,"column":50}},"53":{"start":{"line":104,"column":51},"end":{"line":104,"column":57}},"54":{"start":{"line":105,"column":17},"end":{"line":105,"column":96}},"55":{"start":{"line":107,"column":6},"end":{"line":107,"column":12}},"56":{"start":{"line":109,"column":6},"end":{"line":109,"column":138}},"57":{"start":{"line":109,"column":45},"end":{"line":109,"column":136}},"58":{"start":{"line":111,"column":6},"end":{"line":111,"column":32}},"59":{"start":{"line":112,"column":6},"end":{"line":112,"column":12}},"60":{"start":{"line":113,"column":13},"end":{"line":113,"column":78}},"61":{"start":{"line":116,"column":2},"end":{"line":124,"column":4}},"62":{"start":{"line":130,"column":26},"end":{"line":130,"column":79}},"63":{"start":{"line":130,"column":55},"end":{"line":130,"column":78}},"64":{"start":{"line":132,"column":4},"end":{"line":132,"column":43}},"65":{"start":{"line":132,"column":28},"end":{"line":132,"column":40}},"66":{"start":{"line":134,"column":4},"end":{"line":134,"column":48}},"67":{"start":{"line":135,"column":4},"end":{"line":135,"column":25}},"68":{"start":{"line":139,"column":0},"end":{"line":158,"column":3}},"69":{"start":{"line":140,"column":29},"end":{"line":140,"column":37}},"70":{"start":{"line":142,"column":4},"end":{"line":142,"column":115}},"71":{"start":{"line":142,"column":30},"end":{"line":142,"column":112}},"72":{"start":{"line":144,"column":27},"end":{"line":144,"column":55}},"73":{"start":{"line":146,"column":4},"end":{"line":155,"column":5}},"74":{"start":{"line":149,"column":6},"end":{"line":149,"column":51}},"75":{"start":{"line":151,"column":6},"end":{"line":154,"column":9}},"76":{"start":{"line":157,"column":4},"end":{"line":157,"column":65}},"77":{"start":{"line":162,"column":0},"end":{"line":196,"column":3}},"78":{"start":{"line":163,"column":23},"end":{"line":163,"column":55}},"79":{"start":{"line":164,"column":4},"end":{"line":164,"column":88}},"80":{"start":{"line":164,"column":29},"end":{"line":164,"column":86}},"81":{"start":{"line":166,"column":63},"end":{"line":166,"column":78}},"82":{"start":{"line":168,"column":28},"end":{"line":168,"column":73}},"83":{"start":{"line":168,"column":57},"end":{"line":168,"column":72}},"84":{"start":{"line":169,"column":4},"end":{"line":169,"column":110}},"85":{"start":{"line":169,"column":27},"end":{"line":169,"column":108}},"86":{"start":{"line":171,"column":23},"end":{"line":178,"column":5}},"87":{"start":{"line":182,"column":22},"end":{"line":182,"column":78}},"88":{"start":{"line":182,"column":56},"end":{"line":182,"column":77}},"89":{"start":{"line":184,"column":4},"end":{"line":190,"column":5}},"90":{"start":{"line":186,"column":6},"end":{"line":186,"column":42}},"91":{"start":{"line":189,"column":6},"end":{"line":189,"column":60}},"92":{"start":{"line":193,"column":4},"end":{"line":193,"column":49}},"93":{"start":{"line":195,"column":4},"end":{"line":195,"column":98}},"94":{"start":{"line":199,"column":0},"end":{"line":215,"column":3}},"95":{"start":{"line":200,"column":23},"end":{"line":200,"column":55}},"96":{"start":{"line":201,"column":4},"end":{"line":201,"column":90}},"97":{"start":{"line":201,"column":30},"end":{"line":201,"column":87}},"98":{"start":{"line":203,"column":63},"end":{"line":203,"column":78}},"99":{"start":{"line":205,"column":26},"end":{"line":205,"column":71}},"100":{"start":{"line":205,"column":55},"end":{"line":205,"column":70}},"101":{"start":{"line":206,"column":4},"end":{"line":206,"column":91}},"102":{"start":{"line":206,"column":27},"end":{"line":206,"column":88}},"103":{"start":{"line":208,"column":4},"end":{"line":208,"column":44}},"104":{"start":{"line":209,"column":4},"end":{"line":209,"column":56}},"105":{"start":{"line":210,"column":4},"end":{"line":210,"column":38}},"106":{"start":{"line":212,"column":4},"end":{"line":212,"column":49}},"107":{"start":{"line":214,"column":4},"end":{"line":214,"column":101}},"108":{"start":{"line":218,"column":0},"end":{"line":229,"column":3}},"109":{"start":{"line":219,"column":24},"end":{"line":219,"column":39}},"110":{"start":{"line":221,"column":18},"end":{"line":221,"column":75}},"111":{"start":{"line":221,"column":52},"end":{"line":221,"column":74}},"112":{"start":{"line":222,"column":4},"end":{"line":222,"column":89}},"113":{"start":{"line":222,"column":25},"end":{"line":222,"column":86}},"114":{"start":{"line":224,"column":4},"end":{"line":224,"column":40}},"115":{"start":{"line":226,"column":4},"end":{"line":226,"column":49}},"116":{"start":{"line":228,"column":4},"end":{"line":228,"column":77}},"117":{"start":{"line":232,"column":0},"end":{"line":234,"column":3}},"118":{"start":{"line":233,"column":4},"end":{"line":233,"column":45}},"119":{"start":{"line":242,"column":2},"end":{"line":242,"column":46}},"120":{"start":{"line":242,"column":37},"end":{"line":242,"column":44}},"121":{"start":{"line":243,"column":17},"end":{"line":245,"column":18}},"122":{"start":{"line":246,"column":2},"end":{"line":246,"column":58}},"123":{"start":{"line":246,"column":49},"end":{"line":246,"column":56}},"124":{"start":{"line":248,"column":2},"end":{"line":252,"column":70}},"125":{"start":{"line":255,"column":0},"end":{"line":337,"column":3}},"126":{"start":{"line":256,"column":2},"end":{"line":256,"column":58}},"127":{"start":{"line":259,"column":2},"end":{"line":259,"column":51}},"128":{"start":{"line":262,"column":2},"end":{"line":264,"column":5}},"129":{"start":{"line":263,"column":4},"end":{"line":263,"column":87}},"130":{"start":{"line":267,"column":2},"end":{"line":279,"column":5}},"131":{"start":{"line":268,"column":29},"end":{"line":268,"column":39}},"132":{"start":{"line":269,"column":20},"end":{"line":269,"column":73}},"133":{"start":{"line":269,"column":49},"end":{"line":269,"column":72}},"134":{"start":{"line":271,"column":4},"end":{"line":278,"column":5}},"135":{"start":{"line":273,"column":27},"end":{"line":273,"column":54}},"136":{"start":{"line":274,"column":6},"end":{"line":274,"column":56}},"137":{"start":{"line":275,"column":6},"end":{"line":275,"column":51}},"138":{"start":{"line":277,"column":6},"end":{"line":277,"column":47}},"139":{"start":{"line":282,"column":2},"end":{"line":293,"column":5}},"140":{"start":{"line":283,"column":43},"end":{"line":283,"column":53}},"141":{"start":{"line":284,"column":20},"end":{"line":284,"column":73}},"142":{"start":{"line":284,"column":49},"end":{"line":284,"column":72}},"143":{"start":{"line":286,"column":4},"end":{"line":292,"column":5}},"144":{"start":{"line":288,"column":28},"end":{"line":288,"column":79}},"145":{"start":{"line":289,"column":6},"end":{"line":289,"column":51}},"146":{"start":{"line":290,"column":6},"end":{"line":290,"column":56}},"147":{"start":{"line":291,"column":6},"end":{"line":291,"column":51}},"148":{"start":{"line":296,"column":2},"end":{"line":306,"column":5}},"149":{"start":{"line":297,"column":44},"end":{"line":297,"column":54}},"150":{"start":{"line":298,"column":20},"end":{"line":298,"column":73}},"151":{"start":{"line":298,"column":49},"end":{"line":298,"column":72}},"152":{"start":{"line":300,"column":4},"end":{"line":305,"column":5}},"153":{"start":{"line":302,"column":6},"end":{"line":302,"column":42}},"154":{"start":{"line":303,"column":6},"end":{"line":303,"column":56}},"155":{"start":{"line":304,"column":6},"end":{"line":304,"column":51}},"156":{"start":{"line":309,"column":2},"end":{"line":319,"column":5}},"157":{"start":{"line":310,"column":42},"end":{"line":310,"column":52}},"158":{"start":{"line":311,"column":20},"end":{"line":311,"column":73}},"159":{"start":{"line":311,"column":49},"end":{"line":311,"column":72}},"160":{"start":{"line":313,"column":4},"end":{"line":318,"column":5}},"161":{"start":{"line":315,"column":6},"end":{"line":315,"column":44}},"162":{"start":{"line":316,"column":6},"end":{"line":316,"column":56}},"163":{"start":{"line":317,"column":6},"end":{"line":317,"column":51}},"164":{"start":{"line":322,"column":2},"end":{"line":336,"column":5}},"165":{"start":{"line":323,"column":42},"end":{"line":323,"column":52}},"166":{"start":{"line":324,"column":20},"end":{"line":324,"column":73}},"167":{"start":{"line":324,"column":49},"end":{"line":324,"column":72}},"168":{"start":{"line":325,"column":4},"end":{"line":335,"column":5}},"169":{"start":{"line":327,"column":20},"end":{"line":327,"column":60}},"170":{"start":{"line":329,"column":6},"end":{"line":334,"column":7}},"171":{"start":{"line":331,"column":8},"end":{"line":331,"column":45}},"172":{"start":{"line":332,"column":8},"end":{"line":332,"column":58}},"173":{"start":{"line":333,"column":8},"end":{"line":333,"column":53}},"174":{"start":{"line":342,"column":2},"end":{"line":344,"column":5}},"175":{"start":{"line":343,"column":6},"end":{"line":343,"column":80}},"176":{"start":{"line":355,"column":0},"end":{"line":355,"column":104}}},"fnMap":{"0":{"name":"(anonymous_0)","decl":{"start":{"line":25,"column":2},"end":{"line":25,"column":3}},"loc":{"start":{"line":26,"column":2},"end":{"line":39,"column":3}},"line":26},"1":{"name":"sortServicesByPriority","decl":{"start":{"line":42,"column":9},"end":{"line":42,"column":31}},"loc":{"start":{"line":43,"column":0},"end":{"line":45,"column":1}},"line":43},"2":{"name":"(anonymous_2)","decl":{"start":{"line":44,"column":23},"end":{"line":44,"column":24}},"loc":{"start":{"line":44,"column":33},"end":{"line":44,"column":56}},"line":44},"3":{"name":"Container_Initializer","decl":{"start":{"line":47,"column":9},"end":{"line":47,"column":30}},"loc":{"start":{"line":48,"column":0},"end":{"line":58,"column":1}},"line":48},"4":{"name":"validateServicePayload","decl":{"start":{"line":63,"column":9},"end":{"line":63,"column":31}},"loc":{"start":{"line":64,"column":0},"end":{"line":125,"column":1}},"line":64},"5":{"name":"Status_Changer","decl":{"start":{"line":128,"column":9},"end":{"line":128,"column":23}},"loc":{"start":{"line":129,"column":0},"end":{"line":136,"column":1}},"line":129},"6":{"name":"(anonymous_6)","decl":{"start":{"line":130,"column":50},"end":{"line":130,"column":51}},"loc":{"start":{"line":130,"column":55},"end":{"line":130,"column":78}},"line":130},"7":{"name":"(anonymous_7)","decl":{"start":{"line":139,"column":40},"end":{"line":139,"column":41}},"loc":{"start":{"line":139,"column":54},"end":{"line":158,"column":1}},"line":139},"8":{"name":"(anonymous_8)","decl":{"start":{"line":162,"column":32},"end":{"line":162,"column":33}},"loc":{"start":{"line":162,"column":46},"end":{"line":196,"column":1}},"line":162},"9":{"name":"(anonymous_9)","decl":{"start":{"line":168,"column":52},"end":{"line":168,"column":53}},"loc":{"start":{"line":168,"column":57},"end":{"line":168,"column":72}},"line":168},"10":{"name":"(anonymous_10)","decl":{"start":{"line":182,"column":51},"end":{"line":182,"column":52}},"loc":{"start":{"line":182,"column":56},"end":{"line":182,"column":77}},"line":182},"11":{"name":"(anonymous_11)","decl":{"start":{"line":199,"column":31},"end":{"line":199,"column":32}},"loc":{"start":{"line":199,"column":45},"end":{"line":215,"column":1}},"line":199},"12":{"name":"(anonymous_12)","decl":{"start":{"line":205,"column":50},"end":{"line":205,"column":51}},"loc":{"start":{"line":205,"column":55},"end":{"line":205,"column":70}},"line":205},"13":{"name":"(anonymous_13)","decl":{"start":{"line":218,"column":40},"end":{"line":218,"column":41}},"loc":{"start":{"line":218,"column":54},"end":{"line":229,"column":1}},"line":218},"14":{"name":"(anonymous_14)","decl":{"start":{"line":221,"column":47},"end":{"line":221,"column":48}},"loc":{"start":{"line":221,"column":52},"end":{"line":221,"column":74}},"line":221},"15":{"name":"(anonymous_15)","decl":{"start":{"line":232,"column":31},"end":{"line":232,"column":32}},"loc":{"start":{"line":232,"column":45},"end":{"line":234,"column":1}},"line":232},"16":{"name":"notifyServed","decl":{"start":{"line":241,"column":9},"end":{"line":241,"column":21}},"loc":{"start":{"line":241,"column":49},"end":{"line":253,"column":1}},"line":241},"17":{"name":"(anonymous_17)","decl":{"start":{"line":252,"column":11},"end":{"line":252,"column":12}},"loc":{"start":{"line":252,"column":17},"end":{"line":252,"column":68}},"line":252},"18":{"name":"(anonymous_18)","decl":{"start":{"line":255,"column":20},"end":{"line":255,"column":21}},"loc":{"start":{"line":255,"column":32},"end":{"line":337,"column":1}},"line":255},"19":{"name":"(anonymous_19)","decl":{"start":{"line":262,"column":26},"end":{"line":262,"column":27}},"loc":{"start":{"line":262,"column":38},"end":{"line":264,"column":3}},"line":262},"20":{"name":"(anonymous_20)","decl":{"start":{"line":267,"column":28},"end":{"line":267,"column":29}},"loc":{"start":{"line":267,"column":38},"end":{"line":279,"column":3}},"line":267},"21":{"name":"(anonymous_21)","decl":{"start":{"line":269,"column":44},"end":{"line":269,"column":45}},"loc":{"start":{"line":269,"column":49},"end":{"line":269,"column":72}},"line":269},"22":{"name":"(anonymous_22)","decl":{"start":{"line":282,"column":29},"end":{"line":282,"column":30}},"loc":{"start":{"line":282,"column":39},"end":{"line":293,"column":3}},"line":282},"23":{"name":"(anonymous_23)","decl":{"start":{"line":284,"column":44},"end":{"line":284,"column":45}},"loc":{"start":{"line":284,"column":49},"end":{"line":284,"column":72}},"line":284},"24":{"name":"(anonymous_24)","decl":{"start":{"line":296,"column":29},"end":{"line":296,"column":30}},"loc":{"start":{"line":296,"column":39},"end":{"line":306,"column":3}},"line":296},"25":{"name":"(anonymous_25)","decl":{"start":{"line":298,"column":44},"end":{"line":298,"column":45}},"loc":{"start":{"line":298,"column":49},"end":{"line":298,"column":72}},"line":298},"26":{"name":"(anonymous_26)","decl":{"start":{"line":309,"column":26},"end":{"line":309,"column":27}},"loc":{"start":{"line":309,"column":36},"end":{"line":319,"column":3}},"line":309},"27":{"name":"(anonymous_27)","decl":{"start":{"line":311,"column":44},"end":{"line":311,"column":45}},"loc":{"start":{"line":311,"column":49},"end":{"line":311,"column":72}},"line":311},"28":{"name":"(anonymous_28)","decl":{"start":{"line":322,"column":27},"end":{"line":322,"column":28}},"loc":{"start":{"line":322,"column":37},"end":{"line":336,"column":3}},"line":322},"29":{"name":"(anonymous_29)","decl":{"start":{"line":324,"column":44},"end":{"line":324,"column":45}},"loc":{"start":{"line":324,"column":49},"end":{"line":324,"column":72}},"line":324},"30":{"name":"startServer","decl":{"start":{"line":340,"column":9},"end":{"line":340,"column":20}},"loc":{"start":{"line":341,"column":0},"end":{"line":345,"column":1}},"line":341},"31":{"name":"(anonymous_31)","decl":{"start":{"line":342,"column":29},"end":{"line":342,"column":30}},"loc":{"start":{"line":342,"column":35},"end":{"line":344,"column":3}},"line":342}},"branchMap":{"0":{"loc":{"start":{"line":53,"column":87},"end":{"line":53,"column":101}},"type":"binary-expr","locations":[{"start":{"line":53,"column":87},"end":{"line":53,"column":96}},{"start":{"line":53,"column":100},"end":{"line":53,"column":101}}],"line":53},"1":{"loc":{"start":{"line":65,"column":61},"end":{"line":65,"column":74}},"type":"binary-expr","locations":[{"start":{"line":65,"column":61},"end":{"line":65,"column":68}},{"start":{"line":65,"column":72},"end":{"line":65,"column":74}}],"line":65},"2":{"loc":{"start":{"line":68,"column":2},"end":{"line":70,"column":3}},"type":"if","locations":[{"start":{"line":68,"column":2},"end":{"line":70,"column":3}},{"start":{},"end":{}}],"line":68},"3":{"loc":{"start":{"line":68,"column":6},"end":{"line":68,"column":71}},"type":"binary-expr","locations":[{"start":{"line":68,"column":6},"end":{"line":68,"column":24}},{"start":{"line":68,"column":28},"end":{"line":68,"column":41}},{"start":{"line":68,"column":45},"end":{"line":68,"column":71}}],"line":68},"4":{"loc":{"start":{"line":71,"column":2},"end":{"line":73,"column":3}},"type":"if","locations":[{"start":{"line":71,"column":2},"end":{"line":73,"column":3}},{"start":{},"end":{}}],"line":71},"5":{"loc":{"start":{"line":71,"column":6},"end":{"line":71,"column":92}},"type":"binary-expr","locations":[{"start":{"line":71,"column":6},"end":{"line":71,"column":31}},{"start":{"line":71,"column":35},"end":{"line":71,"column":55}},{"start":{"line":71,"column":59},"end":{"line":71,"column":92}}],"line":71},"6":{"loc":{"start":{"line":74,"column":2},"end":{"line":76,"column":3}},"type":"if","locations":[{"start":{"line":74,"column":2},"end":{"line":76,"column":3}},{"start":{},"end":{}}],"line":74},"7":{"loc":{"start":{"line":74,"column":6},"end":{"line":74,"column":110}},"type":"binary-expr","locations":[{"start":{"line":74,"column":6},"end":{"line":74,"column":37}},{"start":{"line":74,"column":41},"end":{"line":74,"column":67}},{"start":{"line":74,"column":71},"end":{"line":74,"column":110}}],"line":74},"8":{"loc":{"start":{"line":77,"column":2},"end":{"line":79,"column":3}},"type":"if","locations":[{"start":{"line":77,"column":2},"end":{"line":79,"column":3}},{"start":{},"end":{}}],"line":77},"9":{"loc":{"start":{"line":77,"column":6},"end":{"line":77,"column":83}},"type":"binary-expr","locations":[{"start":{"line":77,"column":6},"end":{"line":77,"column":28}},{"start":{"line":77,"column":32},"end":{"line":77,"column":49}},{"start":{"line":77,"column":53},"end":{"line":77,"column":83}}],"line":77},"10":{"loc":{"start":{"line":83,"column":2},"end":{"line":85,"column":3}},"type":"if","locations":[{"start":{"line":83,"column":2},"end":{"line":85,"column":3}},{"start":{},"end":{}}],"line":83},"11":{"loc":{"start":{"line":89,"column":2},"end":{"line":91,"column":3}},"type":"if","locations":[{"start":{"line":89,"column":2},"end":{"line":91,"column":3}},{"start":{},"end":{}}],"line":89},"12":{"loc":{"start":{"line":89,"column":6},"end":{"line":89,"column":50}},"type":"binary-expr","locations":[{"start":{"line":89,"column":6},"end":{"line":89,"column":27}},{"start":{"line":89,"column":31},"end":{"line":89,"column":50}}],"line":89},"13":{"loc":{"start":{"line":95,"column":2},"end":{"line":114,"column":3}},"type":"switch","locations":[{"start":{"line":97,"column":4},"end":{"line":107,"column":12}},{"start":{"line":108,"column":4},"end":{"line":112,"column":12}},{"start":{"line":113,"column":4},"end":{"line":113,"column":78}}],"line":95},"14":{"loc":{"start":{"line":100,"column":6},"end":{"line":106,"column":7}},"type":"switch","locations":[{"start":{"line":102,"column":8},"end":{"line":102,"column":19}},{"start":{"line":102,"column":20},"end":{"line":102,"column":56}},{"start":{"line":103,"column":8},"end":{"line":103,"column":22}},{"start":{"line":103,"column":23},"end":{"line":103,"column":59}},{"start":{"line":104,"column":8},"end":{"line":104,"column":20}},{"start":{"line":104,"column":21},"end":{"line":104,"column":57}},{"start":{"line":105,"column":8},"end":{"line":105,"column":96}}],"line":100},"15":{"loc":{"start":{"line":109,"column":6},"end":{"line":109,"column":138}},"type":"if","locations":[{"start":{"line":109,"column":6},"end":{"line":109,"column":138}},{"start":{},"end":{}}],"line":109},"16":{"loc":{"start":{"line":132,"column":4},"end":{"line":132,"column":43}},"type":"if","locations":[{"start":{"line":132,"column":4},"end":{"line":132,"column":43}},{"start":{},"end":{}}],"line":132},"17":{"loc":{"start":{"line":142,"column":4},"end":{"line":142,"column":115}},"type":"if","locations":[{"start":{"line":142,"column":4},"end":{"line":142,"column":115}},{"start":{},"end":{}}],"line":142},"18":{"loc":{"start":{"line":142,"column":10},"end":{"line":142,"column":24}},"type":"binary-expr","locations":[{"start":{"line":142,"column":10},"end":{"line":142,"column":14}},{"start":{"line":142,"column":18},"end":{"line":142,"column":24}}],"line":142},"19":{"loc":{"start":{"line":146,"column":4},"end":{"line":155,"column":5}},"type":"if","locations":[{"start":{"line":146,"column":4},"end":{"line":155,"column":5}},{"start":{},"end":{}}],"line":146},"20":{"loc":{"start":{"line":164,"column":4},"end":{"line":164,"column":88}},"type":"if","locations":[{"start":{"line":164,"column":4},"end":{"line":164,"column":88}},{"start":{},"end":{}}],"line":164},"21":{"loc":{"start":{"line":169,"column":4},"end":{"line":169,"column":110}},"type":"if","locations":[{"start":{"line":169,"column":4},"end":{"line":169,"column":110}},{"start":{},"end":{}}],"line":169},"22":{"loc":{"start":{"line":184,"column":4},"end":{"line":190,"column":5}},"type":"if","locations":[{"start":{"line":184,"column":4},"end":{"line":190,"column":5}},{"start":{"line":187,"column":11},"end":{"line":190,"column":5}}],"line":184},"23":{"loc":{"start":{"line":201,"column":4},"end":{"line":201,"column":90}},"type":"if","locations":[{"start":{"line":201,"column":4},"end":{"line":201,"column":90}},{"start":{},"end":{}}],"line":201},"24":{"loc":{"start":{"line":206,"column":4},"end":{"line":206,"column":91}},"type":"if","locations":[{"start":{"line":206,"column":4},"end":{"line":206,"column":91}},{"start":{},"end":{}}],"line":206},"25":{"loc":{"start":{"line":222,"column":4},"end":{"line":222,"column":89}},"type":"if","locations":[{"start":{"line":222,"column":4},"end":{"line":222,"column":89}},{"start":{},"end":{}}],"line":222},"26":{"loc":{"start":{"line":242,"column":2},"end":{"line":242,"column":46}},"type":"if","locations":[{"start":{"line":242,"column":2},"end":{"line":242,"column":46}},{"start":{},"end":{}}],"line":242},"27":{"loc":{"start":{"line":243,"column":17},"end":{"line":245,"column":18}},"type":"cond-expr","locations":[{"start":{"line":244,"column":6},"end":{"line":244,"column":25}},{"start":{"line":245,"column":6},"end":{"line":245,"column":18}}],"line":243},"28":{"loc":{"start":{"line":243,"column":18},"end":{"line":243,"column":66}},"type":"binary-expr","locations":[{"start":{"line":243,"column":18},"end":{"line":243,"column":30}},{"start":{"line":243,"column":34},"end":{"line":243,"column":66}}],"line":243},"29":{"loc":{"start":{"line":246,"column":2},"end":{"line":246,"column":58}},"type":"if","locations":[{"start":{"line":246,"column":2},"end":{"line":246,"column":58}},{"start":{},"end":{}}],"line":246},"30":{"loc":{"start":{"line":246,"column":6},"end":{"line":246,"column":45}},"type":"binary-expr","locations":[{"start":{"line":246,"column":6},"end":{"line":246,"column":26}},{"start":{"line":246,"column":30},"end":{"line":246,"column":45}}],"line":246},"31":{"loc":{"start":{"line":268,"column":29},"end":{"line":268,"column":39}},"type":"binary-expr","locations":[{"start":{"line":268,"column":29},"end":{"line":268,"column":33}},{"start":{"line":268,"column":37},"end":{"line":268,"column":39}}],"line":268},"32":{"loc":{"start":{"line":271,"column":4},"end":{"line":278,"column":5}},"type":"if","locations":[{"start":{"line":271,"column":4},"end":{"line":278,"column":5}},{"start":{},"end":{}}],"line":271},"33":{"loc":{"start":{"line":271,"column":8},"end":{"line":271,"column":49}},"type":"binary-expr","locations":[{"start":{"line":271,"column":8},"end":{"line":271,"column":15}},{"start":{"line":271,"column":19},"end":{"line":271,"column":49}}],"line":271},"34":{"loc":{"start":{"line":283,"column":43},"end":{"line":283,"column":53}},"type":"binary-expr","locations":[{"start":{"line":283,"column":43},"end":{"line":283,"column":47}},{"start":{"line":283,"column":51},"end":{"line":283,"column":53}}],"line":283},"35":{"loc":{"start":{"line":286,"column":4},"end":{"line":292,"column":5}},"type":"if","locations":[{"start":{"line":286,"column":4},"end":{"line":292,"column":5}},{"start":{},"end":{}}],"line":286},"36":{"loc":{"start":{"line":286,"column":8},"end":{"line":286,"column":49}},"type":"binary-expr","locations":[{"start":{"line":286,"column":8},"end":{"line":286,"column":15}},{"start":{"line":286,"column":19},"end":{"line":286,"column":49}}],"line":286},"37":{"loc":{"start":{"line":288,"column":28},"end":{"line":288,"column":79}},"type":"cond-expr","locations":[{"start":{"line":288,"column":63},"end":{"line":288,"column":75}},{"start":{"line":288,"column":78},"end":{"line":288,"column":79}}],"line":288},"38":{"loc":{"start":{"line":297,"column":44},"end":{"line":297,"column":54}},"type":"binary-expr","locations":[{"start":{"line":297,"column":44},"end":{"line":297,"column":48}},{"start":{"line":297,"column":52},"end":{"line":297,"column":54}}],"line":297},"39":{"loc":{"start":{"line":300,"column":4},"end":{"line":305,"column":5}},"type":"if","locations":[{"start":{"line":300,"column":4},"end":{"line":305,"column":5}},{"start":{},"end":{}}],"line":300},"40":{"loc":{"start":{"line":300,"column":8},"end":{"line":300,"column":47}},"type":"binary-expr","locations":[{"start":{"line":300,"column":8},"end":{"line":300,"column":15}},{"start":{"line":300,"column":19},"end":{"line":300,"column":47}}],"line":300},"41":{"loc":{"start":{"line":310,"column":42},"end":{"line":310,"column":52}},"type":"binary-expr","locations":[{"start":{"line":310,"column":42},"end":{"line":310,"column":46}},{"start":{"line":310,"column":50},"end":{"line":310,"column":52}}],"line":310},"42":{"loc":{"start":{"line":313,"column":4},"end":{"line":318,"column":5}},"type":"if","locations":[{"start":{"line":313,"column":4},"end":{"line":318,"column":5}},{"start":{},"end":{}}],"line":313},"43":{"loc":{"start":{"line":313,"column":8},"end":{"line":313,"column":30}},"type":"binary-expr","locations":[{"start":{"line":313,"column":8},"end":{"line":313,"column":15}},{"start":{"line":313,"column":19},"end":{"line":313,"column":30}}],"line":313},"44":{"loc":{"start":{"line":323,"column":42},"end":{"line":323,"column":52}},"type":"binary-expr","locations":[{"start":{"line":323,"column":42},"end":{"line":323,"column":46}},{"start":{"line":323,"column":50},"end":{"line":323,"column":52}}],"line":323},"45":{"loc":{"start":{"line":325,"column":4},"end":{"line":335,"column":5}},"type":"if","locations":[{"start":{"line":325,"column":4},"end":{"line":335,"column":5}},{"start":{},"end":{}}],"line":325},"46":{"loc":{"start":{"line":325,"column":8},"end":{"line":325,"column":30}},"type":"binary-expr","locations":[{"start":{"line":325,"column":8},"end":{"line":325,"column":15}},{"start":{"line":325,"column":19},"end":{"line":325,"column":30}}],"line":325},"47":{"loc":{"start":{"line":329,"column":6},"end":{"line":334,"column":7}},"type":"if","locations":[{"start":{"line":329,"column":6},"end":{"line":334,"column":7}},{"start":{},"end":{}}],"line":329},"48":{"loc":{"start":{"line":340,"column":21},"end":{"line":340,"column":32}},"type":"default-arg","locations":[{"start":{"line":340,"column":28},"end":{"line":340,"column":32}}],"line":340}},"s":{"0":1,"1":1,"2":1,"3":1,"4":1,"5":1,"6":1,"7":1,"8":1,"9":97,"10":97,"11":97,"12":97,"13":97,"14":97,"15":97,"16":97,"17":97,"18":5820,"19":5820,"20":3,"21":291,"22":3,"23":3,"24":3,"25":3,"26":90,"27":90,"28":3,"29":1,"30":25,"31":25,"32":3,"33":22,"34":2,"35":20,"36":2,"37":18,"38":2,"39":16,"40":16,"41":1,"42":15,"43":15,"44":2,"45":13,"46":6,"47":6,"48":2,"49":2,"50":1,"51":1,"52":2,"53":2,"54":1,"55":5,"56":6,"57":1,"58":5,"59":5,"60":1,"61":10,"62":3,"63":54,"64":3,"65":1,"66":2,"67":2,"68":1,"69":3,"70":3,"71":1,"72":2,"73":2,"74":1,"75":1,"76":1,"77":1,"78":22,"79":22,"80":14,"81":8,"82":8,"83":250,"84":8,"85":1,"86":7,"87":7,"88":142,"89":7,"90":3,"91":4,"92":7,"93":7,"94":1,"95":3,"96":3,"97":1,"98":2,"99":2,"100":38,"101":2,"102":1,"103":1,"104":1,"105":1,"106":1,"107":1,"108":1,"109":2,"110":2,"111":57,"112":2,"113":1,"114":1,"115":1,"116":1,"117":1,"118":3,"119":4,"120":1,"121":3,"122":3,"123":1,"124":2,"125":1,"126":9,"127":9,"128":9,"129":9,"130":9,"131":6,"132":6,"133":138,"134":6,"135":4,"136":4,"137":4,"138":4,"139":9,"140":3,"141":3,"142":78,"143":3,"144":2,"145":2,"146":2,"147":2,"148":9,"149":3,"150":3,"151":61,"152":3,"153":2,"154":2,"155":2,"156":9,"157":2,"158":2,"159":38,"160":2,"161":1,"162":1,"163":1,"164":9,"165":3,"166":3,"167":60,"168":3,"169":2,"170":2,"171":1,"172":1,"173":1,"174":2,"175":1,"176":1},"f":{"0":97,"1":3,"2":291,"3":3,"4":25,"5":3,"6":54,"7":3,"8":22,"9":250,"10":142,"11":3,"12":38,"13":2,"14":57,"15":3,"16":4,"17":2,"18":9,"19":9,"20":6,"21":138,"22":3,"23":78,"24":3,"25":61,"26":2,"27":38,"28":3,"29":60,"30":2,"31":1},"b":{"0":[90,21],"1":[25,1],"2":[3,22],"3":[25,22,22],"4":[2,20],"5":[22,20,20],"6":[2,18],"7":[20,18,18],"8":[2,16],"9":[18,16,16],"10":[1,15],"11":[2,13],"12":[15,14],"13":[6,6,1],"14":[1,2,1,1,1,2,1],"15":[1,5],"16":[1,2],"17":[1,2],"18":[3,3],"19":[1,1],"20":[14,8],"21":[1,7],"22":[3,4],"23":[1,2],"24":[1,1],"25":[1,1],"26":[1,3],"27":[2,1],"28":[3,3],"29":[1,2],"30":[3,3],"31":[6,1],"32":[4,2],"33":[6,4],"34":[3,1],"35":[2,1],"36":[3,2],"37":[1,1],"38":[3,1],"39":[2,1],"40":[3,2],"41":[2,1],"42":[1,1],"43":[2,1],"44":[3,1],"45":[2,1],"46":[3,2],"47":[1,1],"48":[1]},"_coverageSchema":"1a1c01bbd47fc00a2c39e90264f33305004495a9","hash":"c834a89c4d3af87a51ef450db20b688c5e0ac23f"}
}
