{"C:\\Users\\CHair\\Documents\\Program Elvis\\Github\\COSC4353_SoftwareDesignGroup1_Summer2026\\Assignment_3_Group_1\\AdminBackend\\AdminBackend.js": {"path":"C:\\Users\\CHair\\Documents\\Program Elvis\\Github\\COSC4353_SoftwareDesignGroup1_Summer2026\\Assignment_3_Group_1\\AdminBackend\\AdminBackend.js","statementMap":{"0":{"start":{"line":5,"column":13},"end":{"line":5,"column":28}},"1":{"start":{"line":6,"column":16},"end":{"line":6,"column":34}},"2":{"start":{"line":7,"column":13},"end":{"line":7,"column":28}},"3":{"start":{"line":8,"column":19},"end":{"line":8,"column":39}},"4":{"start":{"line":10,"column":12},"end":{"line":10,"column":21}},"5":{"start":{"line":11,"column":0},"end":{"line":11,"column":16}},"6":{"start":{"line":12,"column":0},"end":{"line":12,"column":24}},"7":{"start":{"line":15,"column":15},"end":{"line":15,"column":37}},"8":{"start":{"line":18,"column":11},"end":{"line":20,"column":2}},"9":{"start":{"line":25,"column":4},"end":{"line":25,"column":21}},"10":{"start":{"line":26,"column":4},"end":{"line":26,"column":29}},"11":{"start":{"line":27,"column":4},"end":{"line":27,"column":35}},"12":{"start":{"line":28,"column":4},"end":{"line":28,"column":37}},"13":{"start":{"line":29,"column":4},"end":{"line":29,"column":45}},"14":{"start":{"line":30,"column":4},"end":{"line":30,"column":47}},"15":{"start":{"line":35,"column":20},"end":{"line":35,"column":22}},"16":{"start":{"line":36,"column":13},"end":{"line":36,"column":105}},"17":{"start":{"line":38,"column":2},"end":{"line":41,"column":3}},"18":{"start":{"line":38,"column":19},"end":{"line":38,"column":20}},"19":{"start":{"line":39,"column":18},"end":{"line":39,"column":89}},"20":{"start":{"line":40,"column":4},"end":{"line":40,"column":26}},"21":{"start":{"line":43,"column":2},"end":{"line":43,"column":19}},"22":{"start":{"line":46,"column":27},"end":{"line":46,"column":50}},"23":{"start":{"line":49,"column":0},"end":{"line":51,"column":3}},"24":{"start":{"line":50,"column":4},"end":{"line":50,"column":45}},"25":{"start":{"line":54,"column":0},"end":{"line":65,"column":3}},"26":{"start":{"line":55,"column":2},"end":{"line":55,"column":58}},"27":{"start":{"line":58,"column":2},"end":{"line":58,"column":51}},"28":{"start":{"line":61,"column":2},"end":{"line":64,"column":5}},"29":{"start":{"line":63,"column":6},"end":{"line":63,"column":51}},"30":{"start":{"line":69,"column":2},"end":{"line":71,"column":5}},"31":{"start":{"line":70,"column":6},"end":{"line":70,"column":80}},"32":{"start":{"line":75,"column":0},"end":{"line":77,"column":1}},"33":{"start":{"line":76,"column":4},"end":{"line":76,"column":22}},"34":{"start":{"line":80,"column":0},"end":{"line":80,"column":88}}},"fnMap":{"0":{"name":"(anonymous_0)","decl":{"start":{"line":23,"column":2},"end":{"line":23,"column":3}},"loc":{"start":{"line":24,"column":2},"end":{"line":31,"column":3}},"line":24},"1":{"name":"Container_Initializer","decl":{"start":{"line":34,"column":9},"end":{"line":34,"column":30}},"loc":{"start":{"line":34,"column":33},"end":{"line":44,"column":1}},"line":34},"2":{"name":"(anonymous_2)","decl":{"start":{"line":49,"column":31},"end":{"line":49,"column":32}},"loc":{"start":{"line":49,"column":45},"end":{"line":51,"column":1}},"line":49},"3":{"name":"(anonymous_3)","decl":{"start":{"line":54,"column":20},"end":{"line":54,"column":21}},"loc":{"start":{"line":54,"column":32},"end":{"line":65,"column":1}},"line":54},"4":{"name":"(anonymous_4)","decl":{"start":{"line":61,"column":28},"end":{"line":61,"column":29}},"loc":{"start":{"line":61,"column":38},"end":{"line":64,"column":3}},"line":61},"5":{"name":"startServer","decl":{"start":{"line":68,"column":9},"end":{"line":68,"column":20}},"loc":{"start":{"line":68,"column":34},"end":{"line":72,"column":1}},"line":68},"6":{"name":"(anonymous_6)","decl":{"start":{"line":69,"column":29},"end":{"line":69,"column":30}},"loc":{"start":{"line":69,"column":35},"end":{"line":71,"column":3}},"line":69}},"branchMap":{"0":{"loc":{"start":{"line":68,"column":21},"end":{"line":68,"column":32}},"type":"default-arg","locations":[{"start":{"line":68,"column":28},"end":{"line":68,"column":32}}],"line":68},"1":{"loc":{"start":{"line":75,"column":0},"end":{"line":77,"column":1}},"type":"if","locations":[{"start":{"line":75,"column":0},"end":{"line":77,"column":1}},{"start":{},"end":{}}],"line":75}},"s":{"0":1,"1":1,"2":1,"3":1,"4":1,"5":1,"6":1,"7":1,"8":1,"9":60,"10":60,"11":60,"12":60,"13":60,"14":60,"15":2,"16":2,"17":2,"18":2,"19":60,"20":60,"21":2,"22":1,"23":1,"24":1,"25":1,"26":1,"27":1,"28":1,"29":154,"30":2,"31":1,"32":1,"33":0,"34":1},"f":{"0":60,"1":2,"2":1,"3":1,"4":154,"5":2,"6":1},"b":{"0":[1],"1":[0,1]},"_coverageSchema":"1a1c01bbd47fc00a2c39e90264f33305004495a9","hash":"1baefc3f5d09f0b8a12aad61a24e9c300217e178"}
}
