TN:
SF:QSAdminBackend.js
FN:24,(anonymous_0)
FN:39,(anonymous_1)
FN:52,sortServicesByPriority
FN:52,(anonymous_3)
FN:54,normalizeStatus
FN:61,Container_Initializer
FN:71,(anonymous_6)
FN:83,(anonymous_7)
FN:108,validateServicePayload
FN:150,Status_Changer
FN:152,(anonymous_10)
FN:163,(anonymous_11)
FN:188,(anonymous_12)
FN:195,(anonymous_13)
FN:212,(anonymous_14)
FN:227,(anonymous_15)
FN:237,(anonymous_16)
FN:253,(anonymous_17)
FN:264,(anonymous_18)
FN:268,(anonymous_19)
FN:284,(anonymous_20)
FN:291,notifyServed
FN:303,(anonymous_22)
FN:306,(anonymous_23)
FN:312,(anonymous_24)
FN:317,(anonymous_25)
FN:320,(anonymous_26)
FN:329,(anonymous_27)
FN:349,(anonymous_28)
FN:352,(anonymous_29)
FN:360,(anonymous_30)
FN:377,(anonymous_31)
FN:380,(anonymous_32)
FN:390,(anonymous_33)
FN:393,(anonymous_34)
FN:403,(anonymous_35)
FN:406,(anonymous_36)
FN:409,(anonymous_37)
FNF:38
FNH:38
FNDA:1,(anonymous_0)
FNDA:154,(anonymous_1)
FNDA:5,sortServicesByPriority
FNDA:145,(anonymous_3)
FNDA:153,normalizeStatus
FNDA:6,Container_Initializer
FNDA:150,(anonymous_6)
FNDA:8700,(anonymous_7)
FNDA:13,validateServicePayload
FNDA:5,Status_Changer
FNDA:64,(anonymous_10)
FNDA:4,(anonymous_11)
FNDA:10,(anonymous_12)
FNDA:163,(anonymous_13)
FNDA:94,(anonymous_14)
FNDA:4,(anonymous_15)
FNDA:41,(anonymous_16)
FNDA:2,(anonymous_17)
FNDA:3,(anonymous_18)
FNDA:41,(anonymous_19)
FNDA:1,(anonymous_20)
FNDA:3,notifyServed
FNDA:2,(anonymous_22)
FNDA:11,(anonymous_23)
FNDA:11,(anonymous_24)
FNDA:5,(anonymous_25)
FNDA:76,(anonymous_26)
FNDA:3,(anonymous_27)
FNDA:3,(anonymous_28)
FNDA:43,(anonymous_29)
FNDA:5,(anonymous_30)
FNDA:2,(anonymous_31)
FNDA:39,(anonymous_32)
FNDA:2,(anonymous_33)
FNDA:40,(anonymous_34)
FNDA:2,(anonymous_35)
FNDA:41,(anonymous_36)
FNDA:10,(anonymous_37)
DA:5,1
DA:6,1
DA:7,1
DA:8,1
DA:10,1
DA:12,1
DA:13,1
DA:14,1
DA:17,1
DA:20,1
DA:26,1
DA:27,1
DA:28,1
DA:29,1
DA:30,1
DA:31,1
DA:37,154
DA:41,154
DA:42,154
DA:43,154
DA:44,154
DA:45,154
DA:46,154
DA:47,154
DA:48,154
DA:52,145
DA:56,153
DA:57,153
DA:58,77
DA:63,6
DA:65,6
DA:67,6
DA:69,6
DA:71,5
DA:73,150
DA:74,150
DA:76,150
DA:78,0
DA:81,0
DA:83,8700
DA:85,150
DA:97,5
DA:101,1
DA:102,1
DA:106,1
DA:110,13
DA:112,13
DA:113,12
DA:114,11
DA:116,11
DA:117,11
DA:119,10
DA:120,10
DA:122,9
DA:123,9
DA:125,9
DA:127,6
DA:128,6
DA:130,2
DA:131,2
DA:132,2
DA:138,9
DA:152,64
DA:154,5
DA:156,3
DA:158,3
DA:159,2
DA:160,2
DA:163,1
DA:165,4
DA:167,4
DA:169,3
DA:171,3
DA:173,2
DA:175,1
DA:177,1
DA:183,1
DA:185,1
DA:188,1
DA:190,10
DA:191,10
DA:193,6
DA:195,163
DA:196,6
DA:198,5
DA:200,5
DA:201,4
DA:203,4
DA:212,94
DA:214,4
DA:215,1
DA:217,4
DA:219,4
DA:223,1
DA:227,1
DA:229,4
DA:230,4
DA:232,3
DA:233,3
DA:235,3
DA:237,41
DA:238,3
DA:240,2
DA:242,2
DA:244,1
DA:245,1
DA:246,1
DA:247,1
DA:248,1
DA:251,1
DA:253,2
DA:254,1
DA:255,1
DA:257,1
DA:259,1
DA:261,1
DA:264,1
DA:266,3
DA:268,41
DA:269,3
DA:271,2
DA:273,2
DA:275,1
DA:277,1
DA:279,1
DA:281,1
DA:284,1
DA:294,3
DA:297,3
DA:299,3
DA:306,1
DA:308,11
DA:310,11
DA:312,11
DA:314,11
DA:317,11
DA:319,5
DA:320,76
DA:322,5
DA:324,3
DA:325,3
DA:327,3
DA:329,3
DA:333,1
DA:337,3
DA:339,3
DA:340,3
DA:341,3
DA:343,3
DA:344,3
DA:349,11
DA:351,3
DA:352,43
DA:354,3
DA:356,2
DA:358,2
DA:360,5
DA:364,1
DA:368,2
DA:370,2
DA:371,2
DA:372,2
DA:377,11
DA:379,2
DA:380,39
DA:382,2
DA:384,1
DA:385,1
DA:386,1
DA:390,11
DA:392,2
DA:393,40
DA:395,2
DA:397,1
DA:398,1
DA:399,1
DA:403,11
DA:405,2
DA:406,41
DA:407,2
DA:409,10
DA:412,1
DA:414,1
DA:415,1
DA:416,1
DA:435,1
LF:186
LH:184
BRDA:39,0,0,0
BRDA:39,1,0,0
BRDA:39,2,0,4
BRDA:39,3,0,4
BRDA:48,4,0,154
BRDA:48,4,1,0
BRDA:57,5,0,76
BRDA:57,5,1,77
BRDA:57,6,0,153
BRDA:57,6,1,153
BRDA:67,7,0,6
BRDA:74,8,0,150
BRDA:74,8,1,0
BRDA:81,9,0,0
BRDA:81,9,1,0
BRDA:90,10,0,150
BRDA:90,10,1,150
BRDA:92,11,0,150
BRDA:92,11,1,0
BRDA:110,12,0,13
BRDA:110,12,1,0
BRDA:112,13,0,1
BRDA:112,13,1,12
BRDA:112,14,0,13
BRDA:112,14,1,12
BRDA:112,14,2,12
BRDA:113,15,0,1
BRDA:113,15,1,11
BRDA:113,16,0,12
BRDA:113,16,1,11
BRDA:113,16,2,11
BRDA:114,17,0,0
BRDA:114,17,1,11
BRDA:114,18,0,11
BRDA:114,18,1,11
BRDA:114,18,2,11
BRDA:117,19,0,1
BRDA:117,19,1,10
BRDA:120,20,0,1
BRDA:120,20,1,9
BRDA:120,21,0,10
BRDA:120,21,1,10
BRDA:125,22,0,6
BRDA:125,22,1,3
BRDA:125,23,0,9
BRDA:125,23,1,6
BRDA:125,23,2,6
BRDA:128,24,0,1
BRDA:128,24,1,2
BRDA:128,24,2,1
BRDA:128,24,3,2
BRDA:128,24,4,1
BRDA:128,24,5,2
BRDA:154,25,0,2
BRDA:154,25,1,3
BRDA:167,26,0,1
BRDA:167,26,1,3
BRDA:167,27,0,4
BRDA:167,27,1,4
BRDA:173,28,0,1
BRDA:173,28,1,1
BRDA:191,29,0,4
BRDA:191,29,1,6
BRDA:196,30,0,1
BRDA:196,30,1,5
BRDA:214,31,0,3
BRDA:214,31,1,1
BRDA:230,32,0,1
BRDA:230,32,1,3
BRDA:233,33,0,0
BRDA:233,33,1,3
BRDA:238,34,0,1
BRDA:238,34,1,2
BRDA:254,35,0,0
BRDA:254,35,1,1
BRDA:269,36,0,1
BRDA:269,36,1,2
BRDA:294,37,0,0
BRDA:294,37,1,3
BRDA:294,38,0,3
BRDA:294,38,1,3
BRDA:297,39,0,0
BRDA:297,39,1,3
BRDA:297,40,0,3
BRDA:297,40,1,3
BRDA:319,41,0,5
BRDA:319,41,1,1
BRDA:322,42,0,3
BRDA:322,42,1,2
BRDA:322,43,0,5
BRDA:322,43,1,3
BRDA:327,44,0,2
BRDA:327,44,1,1
BRDA:327,45,0,3
BRDA:327,45,1,2
BRDA:329,46,0,3
BRDA:329,46,1,3
BRDA:337,47,0,3
BRDA:343,48,0,3
BRDA:343,48,1,0
BRDA:343,49,0,3
BRDA:343,49,1,3
BRDA:351,50,0,3
BRDA:351,50,1,1
BRDA:354,51,0,2
BRDA:354,51,1,1
BRDA:354,52,0,3
BRDA:354,52,1,2
BRDA:358,53,0,1
BRDA:358,53,1,1
BRDA:358,54,0,2
BRDA:358,54,1,1
BRDA:360,55,0,5
BRDA:360,55,1,5
BRDA:368,56,0,2
BRDA:379,57,0,2
BRDA:379,57,1,1
BRDA:382,58,0,1
BRDA:382,58,1,1
BRDA:382,59,0,2
BRDA:382,59,1,1
BRDA:392,60,0,2
BRDA:392,60,1,1
BRDA:395,61,0,1
BRDA:395,61,1,1
BRDA:395,62,0,2
BRDA:395,62,1,1
BRDA:405,63,0,2
BRDA:405,63,1,1
BRDA:407,64,0,1
BRDA:407,64,1,1
BRDA:407,65,0,2
BRDA:407,65,1,1
BRDA:407,65,2,1
BRDA:409,66,0,10
BRDA:409,66,1,10
BRDA:412,67,0,1
BRF:137
BRH:123
end_of_record
