TN:
SF:AdminBackend.js
FN:25,(anonymous_0)
FN:42,Container_Initializer
FN:57,(anonymous_2)
FN:62,(anonymous_3)
FN:69,(anonymous_4)
FN:76,startServer
FN:77,(anonymous_6)
FNF:7
FNH:7
FNDA:60,(anonymous_0)
FNDA:2,Container_Initializer
FNDA:1,(anonymous_2)
FNDA:1,(anonymous_3)
FNDA:66,(anonymous_4)
FNDA:2,startServer
FNDA:1,(anonymous_6)
DA:5,1
DA:6,1
DA:7,1
DA:8,1
DA:10,1
DA:11,1
DA:12,1
DA:15,1
DA:18,1
DA:23,60
DA:27,60
DA:28,60
DA:29,60
DA:30,60
DA:31,60
DA:32,60
DA:34,60
DA:36,3600
DA:37,3600
DA:43,2
DA:44,2
DA:46,2
DA:47,60
DA:48,60
DA:51,2
DA:54,1
DA:57,1
DA:58,1
DA:62,1
DA:63,1
DA:66,1
DA:69,1
DA:71,66
DA:77,2
DA:78,1
DA:83,1
DA:84,0
DA:88,1
LF:38
LH:37
BRDA:76,0,0,1
BRDA:83,1,0,0
BRDA:83,1,1,1
BRF:3
BRH:2
end_of_record
