{"C:\\Users\\patri\\Desktop\\FOLDERS\\COSC4353_ProjectFiles\\app.js": {"path":"C:\\Users\\patri\\Desktop\\FOLDERS\\COSC4353_ProjectFiles\\app.js","statementMap":{"0":{"start":{"line":1,"column":16},"end":{"line":1,"column":34}},"1":{"start":{"line":2,"column":13},"end":{"line":2,"column":28}},"2":{"start":{"line":3,"column":15},"end":{"line":3,"column":32}},"3":{"start":{"line":4,"column":11},"end":{"line":4,"column":30}},"4":{"start":{"line":6,"column":12},"end":{"line":6,"column":21}},"5":{"start":{"line":7,"column":19},"end":{"line":7,"column":47}},"6":{"start":{"line":9,"column":0},"end":{"line":9,"column":16}},"7":{"start":{"line":10,"column":0},"end":{"line":10,"column":24}},"8":{"start":{"line":12,"column":0},"end":{"line":14,"column":3}},"9":{"start":{"line":13,"column":2},"end":{"line":13,"column":44}},"10":{"start":{"line":16,"column":0},"end":{"line":38,"column":3}},"11":{"start":{"line":17,"column":34},"end":{"line":17,"column":42}},"12":{"start":{"line":19,"column":2},"end":{"line":21,"column":3}},"13":{"start":{"line":20,"column":4},"end":{"line":20,"column":84}},"14":{"start":{"line":22,"column":2},"end":{"line":24,"column":3}},"15":{"start":{"line":23,"column":4},"end":{"line":23,"column":90}},"16":{"start":{"line":25,"column":2},"end":{"line":27,"column":3}},"17":{"start":{"line":26,"column":4},"end":{"line":26,"column":82}},"18":{"start":{"line":28,"column":2},"end":{"line":30,"column":3}},"19":{"start":{"line":29,"column":4},"end":{"line":29,"column":87}},"20":{"start":{"line":32,"column":25},"end":{"line":32,"column":56}},"21":{"start":{"line":33,"column":18},"end":{"line":33,"column":88}},"22":{"start":{"line":35,"column":2},"end":{"line":37,"column":5}},"23":{"start":{"line":40,"column":0},"end":{"line":61,"column":3}},"24":{"start":{"line":41,"column":28},"end":{"line":41,"column":36}},"25":{"start":{"line":43,"column":2},"end":{"line":45,"column":3}},"26":{"start":{"line":44,"column":4},"end":{"line":44,"column":77}},"27":{"start":{"line":46,"column":2},"end":{"line":48,"column":3}},"28":{"start":{"line":47,"column":4},"end":{"line":47,"column":82}},"29":{"start":{"line":50,"column":15},"end":{"line":50,"column":40}},"30":{"start":{"line":51,"column":2},"end":{"line":53,"column":3}},"31":{"start":{"line":52,"column":4},"end":{"line":52,"column":71}},"32":{"start":{"line":55,"column":26},"end":{"line":55,"column":71}},"33":{"start":{"line":56,"column":2},"end":{"line":58,"column":3}},"34":{"start":{"line":57,"column":4},"end":{"line":57,"column":70}},"35":{"start":{"line":60,"column":2},"end":{"line":60,"column":93}},"36":{"start":{"line":63,"column":0},"end":{"line":87,"column":3}},"37":{"start":{"line":64,"column":28},"end":{"line":64,"column":36}},"38":{"start":{"line":66,"column":2},"end":{"line":68,"column":3}},"39":{"start":{"line":67,"column":4},"end":{"line":67,"column":77}},"40":{"start":{"line":69,"column":2},"end":{"line":71,"column":3}},"41":{"start":{"line":70,"column":4},"end":{"line":70,"column":82}},"42":{"start":{"line":73,"column":15},"end":{"line":73,"column":40}},"43":{"start":{"line":74,"column":2},"end":{"line":76,"column":3}},"44":{"start":{"line":75,"column":4},"end":{"line":75,"column":71}},"45":{"start":{"line":78,"column":26},"end":{"line":78,"column":71}},"46":{"start":{"line":79,"column":2},"end":{"line":81,"column":3}},"47":{"start":{"line":80,"column":4},"end":{"line":80,"column":71}},"48":{"start":{"line":82,"column":2},"end":{"line":84,"column":3}},"49":{"start":{"line":83,"column":4},"end":{"line":83,"column":81}},"50":{"start":{"line":86,"column":2},"end":{"line":86,"column":93}},"51":{"start":{"line":89,"column":0},"end":{"line":100,"column":3}},"52":{"start":{"line":90,"column":18},"end":{"line":90,"column":26}},"53":{"start":{"line":91,"column":15},"end":{"line":91,"column":40}},"54":{"start":{"line":92,"column":2},"end":{"line":94,"column":3}},"55":{"start":{"line":93,"column":4},"end":{"line":93,"column":69}},"56":{"start":{"line":95,"column":2},"end":{"line":95,"column":22}},"57":{"start":{"line":96,"column":2},"end":{"line":99,"column":5}},"58":{"start":{"line":102,"column":0},"end":{"line":102,"column":21}}},"fnMap":{"0":{"name":"(anonymous_0)","decl":{"start":{"line":12,"column":23},"end":{"line":12,"column":24}},"loc":{"start":{"line":12,"column":37},"end":{"line":14,"column":1}},"line":12},"1":{"name":"(anonymous_1)","decl":{"start":{"line":16,"column":24},"end":{"line":16,"column":25}},"loc":{"start":{"line":16,"column":44},"end":{"line":38,"column":1}},"line":16},"2":{"name":"(anonymous_2)","decl":{"start":{"line":40,"column":23},"end":{"line":40,"column":24}},"loc":{"start":{"line":40,"column":43},"end":{"line":61,"column":1}},"line":40},"3":{"name":"(anonymous_3)","decl":{"start":{"line":63,"column":29},"end":{"line":63,"column":30}},"loc":{"start":{"line":63,"column":49},"end":{"line":87,"column":1}},"line":63},"4":{"name":"(anonymous_4)","decl":{"start":{"line":89,"column":34},"end":{"line":89,"column":35}},"loc":{"start":{"line":89,"column":48},"end":{"line":100,"column":1}},"line":89}},"branchMap":{"0":{"loc":{"start":{"line":19,"column":2},"end":{"line":21,"column":3}},"type":"if","locations":[{"start":{"line":19,"column":2},"end":{"line":21,"column":3}},{"start":{},"end":{}}],"line":19},"1":{"loc":{"start":{"line":19,"column":5},"end":{"line":19,"column":33}},"type":"binary-expr","locations":[{"start":{"line":19,"column":5},"end":{"line":19,"column":10}},{"start":{"line":19,"column":14},"end":{"line":19,"column":20}},{"start":{"line":19,"column":24},"end":{"line":19,"column":33}}],"line":19},"2":{"loc":{"start":{"line":22,"column":2},"end":{"line":24,"column":3}},"type":"if","locations":[{"start":{"line":22,"column":2},"end":{"line":24,"column":3}},{"start":{},"end":{}}],"line":22},"3":{"loc":{"start":{"line":22,"column":5},"end":{"line":22,"column":48}},"type":"binary-expr","locations":[{"start":{"line":22,"column":5},"end":{"line":22,"column":24}},{"start":{"line":22,"column":28},"end":{"line":22,"column":48}}],"line":22},"4":{"loc":{"start":{"line":25,"column":2},"end":{"line":27,"column":3}},"type":"if","locations":[{"start":{"line":25,"column":2},"end":{"line":27,"column":3}},{"start":{},"end":{}}],"line":25},"5":{"loc":{"start":{"line":28,"column":2},"end":{"line":30,"column":3}},"type":"if","locations":[{"start":{"line":28,"column":2},"end":{"line":30,"column":3}},{"start":{},"end":{}}],"line":28},"6":{"loc":{"start":{"line":43,"column":2},"end":{"line":45,"column":3}},"type":"if","locations":[{"start":{"line":43,"column":2},"end":{"line":45,"column":3}},{"start":{},"end":{}}],"line":43},"7":{"loc":{"start":{"line":43,"column":5},"end":{"line":43,"column":24}},"type":"binary-expr","locations":[{"start":{"line":43,"column":5},"end":{"line":43,"column":11}},{"start":{"line":43,"column":15},"end":{"line":43,"column":24}}],"line":43},"8":{"loc":{"start":{"line":46,"column":2},"end":{"line":48,"column":3}},"type":"if","locations":[{"start":{"line":46,"column":2},"end":{"line":48,"column":3}},{"start":{},"end":{}}],"line":46},"9":{"loc":{"start":{"line":51,"column":2},"end":{"line":53,"column":3}},"type":"if","locations":[{"start":{"line":51,"column":2},"end":{"line":53,"column":3}},{"start":{},"end":{}}],"line":51},"10":{"loc":{"start":{"line":56,"column":2},"end":{"line":58,"column":3}},"type":"if","locations":[{"start":{"line":56,"column":2},"end":{"line":58,"column":3}},{"start":{},"end":{}}],"line":56},"11":{"loc":{"start":{"line":66,"column":2},"end":{"line":68,"column":3}},"type":"if","locations":[{"start":{"line":66,"column":2},"end":{"line":68,"column":3}},{"start":{},"end":{}}],"line":66},"12":{"loc":{"start":{"line":66,"column":5},"end":{"line":66,"column":24}},"type":"binary-expr","locations":[{"start":{"line":66,"column":5},"end":{"line":66,"column":11}},{"start":{"line":66,"column":15},"end":{"line":66,"column":24}}],"line":66},"13":{"loc":{"start":{"line":69,"column":2},"end":{"line":71,"column":3}},"type":"if","locations":[{"start":{"line":69,"column":2},"end":{"line":71,"column":3}},{"start":{},"end":{}}],"line":69},"14":{"loc":{"start":{"line":74,"column":2},"end":{"line":76,"column":3}},"type":"if","locations":[{"start":{"line":74,"column":2},"end":{"line":76,"column":3}},{"start":{},"end":{}}],"line":74},"15":{"loc":{"start":{"line":79,"column":2},"end":{"line":81,"column":3}},"type":"if","locations":[{"start":{"line":79,"column":2},"end":{"line":81,"column":3}},{"start":{},"end":{}}],"line":79},"16":{"loc":{"start":{"line":82,"column":2},"end":{"line":84,"column":3}},"type":"if","locations":[{"start":{"line":82,"column":2},"end":{"line":84,"column":3}},{"start":{},"end":{}}],"line":82},"17":{"loc":{"start":{"line":92,"column":2},"end":{"line":94,"column":3}},"type":"if","locations":[{"start":{"line":92,"column":2},"end":{"line":94,"column":3}},{"start":{},"end":{}}],"line":92}},"s":{"0":1,"1":1,"2":1,"3":1,"4":1,"5":1,"6":1,"7":1,"8":1,"9":0,"10":1,"11":17,"12":17,"13":1,"14":16,"15":2,"16":14,"17":1,"18":13,"19":1,"20":12,"21":12,"22":12,"23":1,"24":4,"25":4,"26":1,"27":3,"28":0,"29":3,"30":3,"31":1,"32":2,"33":2,"34":1,"35":1,"36":1,"37":3,"38":3,"39":0,"40":3,"41":0,"42":3,"43":3,"44":0,"45":3,"46":3,"47":1,"48":2,"49":1,"50":1,"51":1,"52":3,"53":3,"54":3,"55":0,"56":3,"57":3,"58":1},"f":{"0":0,"1":17,"2":4,"3":3,"4":3},"b":{"0":[1,16],"1":[17,16,16],"2":[2,14],"3":[16,15],"4":[1,13],"5":[1,12],"6":[1,3],"7":[4,4],"8":[0,3],"9":[1,2],"10":[1,1],"11":[0,3],"12":[3,3],"13":[0,3],"14":[0,3],"15":[1,2],"16":[1,1],"17":[0,3]},"_coverageSchema":"1a1c01bbd47fc00a2c39e90264f33305004495a9","hash":"eff24fd8893269cafab62f9d6c7be723cd8d4fbb"}
,"C:\\Users\\patri\\Desktop\\FOLDERS\\COSC4353_ProjectFiles\\fakeDB.js": {"path":"C:\\Users\\patri\\Desktop\\FOLDERS\\COSC4353_ProjectFiles\\fakeDB.js","statementMap":{"0":{"start":{"line":2,"column":12},"end":{"line":2,"column":14}},"1":{"start":{"line":3,"column":13},"end":{"line":3,"column":14}},"2":{"start":{"line":5,"column":0},"end":{"line":17,"column":2}},"3":{"start":{"line":6,"column":30},"end":{"line":6,"column":64}},"4":{"start":{"line":6,"column":46},"end":{"line":6,"column":63}},"5":{"start":{"line":8,"column":20},"end":{"line":8,"column":49}},"6":{"start":{"line":9,"column":4},"end":{"line":9,"column":24}},"7":{"start":{"line":10,"column":4},"end":{"line":10,"column":19}},"8":{"start":{"line":12,"column":21},"end":{"line":12,"column":26}},"9":{"start":{"line":14,"column":4},"end":{"line":14,"column":15}},"10":{"start":{"line":15,"column":4},"end":{"line":15,"column":15}}},"fnMap":{"0":{"name":"(anonymous_0)","decl":{"start":{"line":6,"column":19},"end":{"line":6,"column":20}},"loc":{"start":{"line":6,"column":30},"end":{"line":6,"column":64}},"line":6},"1":{"name":"(anonymous_1)","decl":{"start":{"line":6,"column":41},"end":{"line":6,"column":42}},"loc":{"start":{"line":6,"column":46},"end":{"line":6,"column":63}},"line":6},"2":{"name":"(anonymous_2)","decl":{"start":{"line":7,"column":14},"end":{"line":7,"column":15}},"loc":{"start":{"line":7,"column":28},"end":{"line":11,"column":3}},"line":7},"3":{"name":"(anonymous_3)","decl":{"start":{"line":12,"column":15},"end":{"line":12,"column":16}},"loc":{"start":{"line":12,"column":21},"end":{"line":12,"column":26}},"line":12},"4":{"name":"(anonymous_4)","decl":{"start":{"line":13,"column":18},"end":{"line":13,"column":19}},"loc":{"start":{"line":13,"column":24},"end":{"line":16,"column":3}},"line":13}},"branchMap":{},"s":{"0":1,"1":1,"2":1,"3":22,"4":18,"5":12,"6":12,"7":12,"8":0,"9":13,"10":13},"f":{"0":22,"1":18,"2":12,"3":0,"4":13},"b":{},"_coverageSchema":"1a1c01bbd47fc00a2c39e90264f33305004495a9","hash":"d6f9164cd605185e33a79a5caf5e53ef2294b685"}
}
