TN:
SF:app.js
FN:12,(anonymous_0)
FN:16,(anonymous_1)
FN:40,(anonymous_2)
FN:63,(anonymous_3)
FN:89,(anonymous_4)
FNF:5
FNH:4
FNDA:0,(anonymous_0)
FNDA:17,(anonymous_1)
FNDA:4,(anonymous_2)
FNDA:3,(anonymous_3)
FNDA:3,(anonymous_4)
DA:1,1
DA:2,1
DA:3,1
DA:4,1
DA:6,1
DA:7,1
DA:9,1
DA:10,1
DA:12,1
DA:13,0
DA:16,1
DA:17,17
DA:19,17
DA:20,1
DA:22,16
DA:23,2
DA:25,14
DA:26,1
DA:28,13
DA:29,1
DA:32,12
DA:33,12
DA:35,12
DA:40,1
DA:41,4
DA:43,4
DA:44,1
DA:46,3
DA:47,0
DA:50,3
DA:51,3
DA:52,1
DA:55,2
DA:56,2
DA:57,1
DA:60,1
DA:63,1
DA:64,3
DA:66,3
DA:67,0
DA:69,3
DA:70,0
DA:73,3
DA:74,3
DA:75,0
DA:78,3
DA:79,3
DA:80,1
DA:82,2
DA:83,1
DA:86,1
DA:89,1
DA:90,3
DA:91,3
DA:92,3
DA:93,0
DA:95,3
DA:96,3
DA:102,1
LF:59
LH:53
BRDA:19,0,0,1
BRDA:19,0,1,16
BRDA:19,1,0,17
BRDA:19,1,1,16
BRDA:19,1,2,16
BRDA:22,2,0,2
BRDA:22,2,1,14
BRDA:22,3,0,16
BRDA:22,3,1,15
BRDA:25,4,0,1
BRDA:25,4,1,13
BRDA:28,5,0,1
BRDA:28,5,1,12
BRDA:43,6,0,1
BRDA:43,6,1,3
BRDA:43,7,0,4
BRDA:43,7,1,4
BRDA:46,8,0,0
BRDA:46,8,1,3
BRDA:51,9,0,1
BRDA:51,9,1,2
BRDA:56,10,0,1
BRDA:56,10,1,1
BRDA:66,11,0,0
BRDA:66,11,1,3
BRDA:66,12,0,3
BRDA:66,12,1,3
BRDA:69,13,0,0
BRDA:69,13,1,3
BRDA:74,14,0,0
BRDA:74,14,1,3
BRDA:79,15,0,1
BRDA:79,15,1,2
BRDA:82,16,0,1
BRDA:82,16,1,1
BRDA:92,17,0,0
BRDA:92,17,1,3
BRF:37
BRH:32
end_of_record
TN:
SF:fakeDB.js
FN:6,(anonymous_0)
FN:6,(anonymous_1)
FN:7,(anonymous_2)
FN:12,(anonymous_3)
FN:13,(anonymous_4)
FNF:5
FNH:4
FNDA:22,(anonymous_0)
FNDA:18,(anonymous_1)
FNDA:12,(anonymous_2)
FNDA:0,(anonymous_3)
FNDA:13,(anonymous_4)
DA:2,1
DA:3,1
DA:5,1
DA:6,22
DA:8,12
DA:9,12
DA:10,12
DA:12,0
DA:14,13
DA:15,13
LF:10
LH:9
BRF:0
BRH:0
end_of_record
