<?xml version="1.0" encoding="UTF-8"?>
<coverage generated="1786732671993" clover="3.2.0">
  <project timestamp="1786732671993" name="All files">
    <metrics statements="166" coveredstatements="153" conditionals="96" coveredconditionals="84" methods="24" coveredmethods="22" elements="286" coveredelements="259" complexity="0" loc="166" ncloc="166" packages="1" files="2" classes="2"/>
    <file name="app.js" path="C:\Users\patri\Documents\GitHub\COSC4353_SoftwareDesignGroup1_Summer2026\Assignment_5_Group_1\QSLoginBackend\app.js">
      <metrics statements="134" coveredstatements="122" conditionals="88" coveredconditionals="78" methods="11" coveredmethods="10"/>
      <line num="1" count="2" type="stmt"/>
      <line num="2" count="2" type="stmt"/>
      <line num="3" count="2" type="stmt"/>
      <line num="4" count="2" type="stmt"/>
      <line num="5" count="2" type="stmt"/>
      <line num="6" count="2" type="stmt"/>
      <line num="8" count="2" type="stmt"/>
      <line num="9" count="2" type="stmt"/>
      <line num="12" count="9" type="cond" truecount="2" falsecount="0"/>
      <line num="13" count="4" type="stmt"/>
      <line num="17" count="17" type="cond" truecount="4" falsecount="0"/>
      <line num="18" count="14" type="stmt"/>
      <line num="20" count="3" type="stmt"/>
      <line num="21" count="3" type="stmt"/>
      <line num="22" count="3" type="cond" truecount="2" falsecount="0"/>
      <line num="25" count="2" type="stmt"/>
      <line num="36" count="2" type="stmt"/>
      <line num="37" count="2" type="stmt"/>
      <line num="39" count="2" type="stmt"/>
      <line num="40" count="0" type="stmt"/>
      <line num="43" count="2" type="stmt"/>
      <line num="44" count="38" type="stmt"/>
      <line num="46" count="38" type="cond" truecount="5" falsecount="0"/>
      <line num="47" count="1" type="stmt"/>
      <line num="49" count="37" type="cond" truecount="4" falsecount="0"/>
      <line num="50" count="2" type="stmt"/>
      <line num="52" count="35" type="cond" truecount="2" falsecount="0"/>
      <line num="53" count="1" type="stmt"/>
      <line num="55" count="34" type="cond" truecount="2" falsecount="0"/>
      <line num="56" count="1" type="stmt"/>
      <line num="59" count="33" type="stmt"/>
      <line num="60" count="33" type="stmt"/>
      <line num="62" count="32" type="stmt"/>
      <line num="67" count="2" type="stmt"/>
      <line num="68" count="18" type="stmt"/>
      <line num="70" count="18" type="cond" truecount="4" falsecount="0"/>
      <line num="71" count="1" type="stmt"/>
      <line num="73" count="17" type="cond" truecount="1" falsecount="1"/>
      <line num="74" count="0" type="stmt"/>
      <line num="77" count="17" type="stmt"/>
      <line num="78" count="16" type="cond" truecount="2" falsecount="0"/>
      <line num="79" count="1" type="stmt"/>
      <line num="82" count="15" type="cond" truecount="2" falsecount="2"/>
      <line num="83" count="0" type="stmt"/>
      <line num="84" count="0" type="stmt"/>
      <line num="85" count="0" type="stmt"/>
      <line num="88" count="15" type="stmt"/>
      <line num="89" count="15" type="cond" truecount="2" falsecount="0"/>
      <line num="90" count="2" type="stmt"/>
      <line num="91" count="2" type="stmt"/>
      <line num="92" count="2" type="stmt"/>
      <line num="93" count="2" type="cond" truecount="1" falsecount="1"/>
      <line num="94" count="0" type="stmt"/>
      <line num="95" count="0" type="stmt"/>
      <line num="97" count="2" type="stmt"/>
      <line num="100" count="13" type="stmt"/>
      <line num="102" count="13" type="stmt"/>
      <line num="103" count="13" type="stmt"/>
      <line num="104" count="13" type="cond" truecount="1" falsecount="1"/>
      <line num="105" count="0" type="stmt"/>
      <line num="113" count="13" type="stmt"/>
      <line num="115" count="13" type="stmt"/>
      <line num="120" count="2" type="stmt"/>
      <line num="121" count="6" type="stmt"/>
      <line num="123" count="6" type="cond" truecount="4" falsecount="0"/>
      <line num="124" count="1" type="stmt"/>
      <line num="126" count="5" type="cond" truecount="2" falsecount="0"/>
      <line num="127" count="1" type="stmt"/>
      <line num="130" count="4" type="stmt"/>
      <line num="131" count="4" type="cond" truecount="2" falsecount="0"/>
      <line num="132" count="1" type="stmt"/>
      <line num="135" count="3" type="stmt"/>
      <line num="136" count="3" type="cond" truecount="2" falsecount="0"/>
      <line num="137" count="1" type="stmt"/>
      <line num="139" count="2" type="cond" truecount="2" falsecount="0"/>
      <line num="140" count="1" type="stmt"/>
      <line num="143" count="1" type="stmt"/>
      <line num="146" count="2" type="stmt"/>
      <line num="147" count="6" type="stmt"/>
      <line num="148" count="6" type="stmt"/>
      <line num="149" count="6" type="cond" truecount="1" falsecount="1"/>
      <line num="150" count="0" type="stmt"/>
      <line num="152" count="6" type="stmt"/>
      <line num="153" count="6" type="stmt"/>
      <line num="159" count="2" type="stmt"/>
      <line num="160" count="4" type="stmt"/>
      <line num="161" count="4" type="cond" truecount="3" falsecount="1"/>
      <line num="162" count="0" type="stmt"/>
      <line num="165" count="4" type="stmt"/>
      <line num="166" count="4" type="cond" truecount="1" falsecount="1"/>
      <line num="167" count="0" type="stmt"/>
      <line num="170" count="4" type="stmt"/>
      <line num="171" count="4" type="cond" truecount="2" falsecount="0"/>
      <line num="172" count="1" type="stmt"/>
      <line num="175" count="3" type="stmt"/>
      <line num="176" count="3" type="cond" truecount="2" falsecount="0"/>
      <line num="177" count="1" type="stmt"/>
      <line num="180" count="3" type="cond" truecount="2" falsecount="0"/>
      <line num="181" count="2" type="cond" truecount="4" falsecount="0"/>
      <line num="182" count="1" type="stmt"/>
      <line num="184" count="1" type="stmt"/>
      <line num="187" count="2" type="stmt"/>
      <line num="189" count="2" type="stmt"/>
      <line num="192" count="2" type="stmt"/>
      <line num="193" count="4" type="stmt"/>
      <line num="194" count="4" type="cond" truecount="2" falsecount="0"/>
      <line num="195" count="1" type="stmt"/>
      <line num="198" count="3" type="stmt"/>
      <line num="199" count="3" type="cond" truecount="2" falsecount="0"/>
      <line num="200" count="2" type="stmt"/>
      <line num="201" count="2" type="stmt"/>
      <line num="202" count="2" type="stmt"/>
      <line num="204" count="2" type="stmt"/>
      <line num="206" count="2" type="stmt"/>
      <line num="213" count="3" type="stmt"/>
      <line num="216" count="2" type="stmt"/>
      <line num="217" count="6" type="stmt"/>
      <line num="218" count="6" type="cond" truecount="4" falsecount="0"/>
      <line num="219" count="1" type="stmt"/>
      <line num="222" count="5" type="cond" truecount="3" falsecount="1"/>
      <line num="223" count="0" type="stmt"/>
      <line num="226" count="5" type="stmt"/>
      <line num="227" count="5" type="cond" truecount="5" falsecount="0"/>
      <line num="228" count="3" type="stmt"/>
      <line num="231" count="2" type="stmt"/>
      <line num="232" count="2" type="stmt"/>
      <line num="233" count="2" type="stmt"/>
      <line num="235" count="2" type="stmt"/>
      <line num="238" count="2" type="stmt"/>
      <line num="239" count="2" type="stmt"/>
      <line num="240" count="2" type="stmt"/>
      <line num="243" count="2" type="stmt"/>
      <line num="244" count="2" type="stmt"/>
      <line num="245" count="2" type="stmt"/>
    </file>
    <file name="db.js" path="C:\Users\patri\Documents\GitHub\COSC4353_SoftwareDesignGroup1_Summer2026\Assignment_5_Group_1\QSLoginBackend\db.js">
      <metrics statements="32" coveredstatements="31" conditionals="8" coveredconditionals="6" methods="13" coveredmethods="12"/>
      <line num="2" count="2" type="stmt"/>
      <line num="3" count="2" type="stmt"/>
      <line num="5" count="2" type="stmt"/>
      <line num="13" count="2" type="stmt"/>
      <line num="15" count="74" type="stmt"/>
      <line num="18" count="74" type="stmt"/>
      <line num="21" count="32" type="stmt"/>
      <line num="22" count="32" type="cond" truecount="1" falsecount="1"/>
      <line num="23" count="32" type="stmt"/>
      <line num="27" count="32" type="stmt"/>
      <line num="30" count="6" type="stmt"/>
      <line num="36" count="4" type="stmt"/>
      <line num="37" count="4" type="stmt"/>
      <line num="38" count="4" type="cond" truecount="2" falsecount="0"/>
      <line num="39" count="1" type="stmt"/>
      <line num="40" count="1" type="stmt"/>
      <line num="42" count="4" type="cond" truecount="2" falsecount="0"/>
      <line num="43" count="3" type="stmt"/>
      <line num="44" count="3" type="stmt"/>
      <line num="46" count="4" type="cond" truecount="1" falsecount="1"/>
      <line num="47" count="4" type="stmt"/>
      <line num="48" count="4" type="stmt"/>
      <line num="54" count="91" type="stmt"/>
      <line num="57" count="8" type="stmt"/>
      <line num="63" count="5" type="stmt"/>
      <line num="67" count="5" type="stmt"/>
      <line num="70" count="2" type="stmt"/>
      <line num="76" count="2" type="stmt"/>
      <line num="82" count="0" type="stmt"/>
      <line num="88" count="13" type="stmt"/>
      <line num="94" count="13" type="stmt"/>
      <line num="100" count="2" type="stmt"/>
    </file>
  </project>
</coverage>
