{"C:\\Users\\patri\\Documents\\GitHub\\COSC4353_SoftwareDesignGroup1_Summer2026\\Assignment_5_Group_1\\QSLoginBackend\\app.js": {"path":"C:\\Users\\patri\\Documents\\GitHub\\COSC4353_SoftwareDesignGroup1_Summer2026\\Assignment_5_Group_1\\QSLoginBackend\\app.js","statementMap":{"0":{"start":{"line":1,"column":16},"end":{"line":1,"column":34}},"1":{"start":{"line":2,"column":13},"end":{"line":2,"column":28}},"2":{"start":{"line":3,"column":15},"end":{"line":3,"column":32}},"3":{"start":{"line":4,"column":11},"end":{"line":4,"column":26}},"4":{"start":{"line":5,"column":15},"end":{"line":5,"column":32}},"5":{"start":{"line":6,"column":19},"end":{"line":6,"column":40}},"6":{"start":{"line":8,"column":12},"end":{"line":8,"column":21}},"7":{"start":{"line":9,"column":19},"end":{"line":9,"column":47}},"8":{"start":{"line":12,"column":2},"end":{"line":12,"column":34}},"9":{"start":{"line":12,"column":25},"end":{"line":12,"column":34}},"10":{"start":{"line":13,"column":2},"end":{"line":13,"column":41}},"11":{"start":{"line":17,"column":2},"end":{"line":19,"column":3}},"12":{"start":{"line":18,"column":4},"end":{"line":18,"column":17}},"13":{"start":{"line":20,"column":20},"end":{"line":20,"column":52}},"14":{"start":{"line":21,"column":32},"end":{"line":21,"column":85}},"15":{"start":{"line":22,"column":2},"end":{"line":22,"column":49}},"16":{"start":{"line":25,"column":20},"end":{"line":34,"column":2}},"17":{"start":{"line":36,"column":0},"end":{"line":36,"column":16}},"18":{"start":{"line":37,"column":0},"end":{"line":37,"column":24}},"19":{"start":{"line":39,"column":0},"end":{"line":41,"column":3}},"20":{"start":{"line":40,"column":2},"end":{"line":40,"column":44}},"21":{"start":{"line":43,"column":0},"end":{"line":65,"column":3}},"22":{"start":{"line":44,"column":34},"end":{"line":44,"column":42}},"23":{"start":{"line":46,"column":2},"end":{"line":48,"column":3}},"24":{"start":{"line":47,"column":4},"end":{"line":47,"column":84}},"25":{"start":{"line":49,"column":2},"end":{"line":51,"column":3}},"26":{"start":{"line":50,"column":4},"end":{"line":50,"column":90}},"27":{"start":{"line":52,"column":2},"end":{"line":54,"column":3}},"28":{"start":{"line":53,"column":4},"end":{"line":53,"column":82}},"29":{"start":{"line":55,"column":2},"end":{"line":57,"column":3}},"30":{"start":{"line":56,"column":4},"end":{"line":56,"column":87}},"31":{"start":{"line":59,"column":25},"end":{"line":59,"column":56}},"32":{"start":{"line":60,"column":18},"end":{"line":60,"column":94}},"33":{"start":{"line":62,"column":2},"end":{"line":64,"column":5}},"34":{"start":{"line":67,"column":0},"end":{"line":118,"column":3}},"35":{"start":{"line":68,"column":28},"end":{"line":68,"column":36}},"36":{"start":{"line":70,"column":2},"end":{"line":72,"column":3}},"37":{"start":{"line":71,"column":4},"end":{"line":71,"column":77}},"38":{"start":{"line":73,"column":2},"end":{"line":75,"column":3}},"39":{"start":{"line":74,"column":4},"end":{"line":74,"column":82}},"40":{"start":{"line":77,"column":15},"end":{"line":77,"column":46}},"41":{"start":{"line":78,"column":2},"end":{"line":80,"column":3}},"42":{"start":{"line":79,"column":4},"end":{"line":79,"column":71}},"43":{"start":{"line":82,"column":2},"end":{"line":86,"column":3}},"44":{"start":{"line":83,"column":24},"end":{"line":83,"column":64}},"45":{"start":{"line":84,"column":29},"end":{"line":84,"column":59}},"46":{"start":{"line":85,"column":4},"end":{"line":85,"column":115}},"47":{"start":{"line":88,"column":26},"end":{"line":88,"column":76}},"48":{"start":{"line":89,"column":2},"end":{"line":98,"column":3}},"49":{"start":{"line":90,"column":4},"end":{"line":90,"column":51}},"50":{"start":{"line":91,"column":28},"end":{"line":91,"column":52}},"51":{"start":{"line":92,"column":27},"end":{"line":92,"column":67}},"52":{"start":{"line":93,"column":4},"end":{"line":96,"column":5}},"53":{"start":{"line":94,"column":26},"end":{"line":94,"column":71}},"54":{"start":{"line":95,"column":6},"end":{"line":95,"column":53}},"55":{"start":{"line":97,"column":4},"end":{"line":97,"column":70}},"56":{"start":{"line":100,"column":2},"end":{"line":100,"column":45}},"57":{"start":{"line":102,"column":20},"end":{"line":102,"column":26}},"58":{"start":{"line":103,"column":20},"end":{"line":103,"column":53}},"59":{"start":{"line":104,"column":2},"end":{"line":111,"column":3}},"60":{"start":{"line":105,"column":4},"end":{"line":110,"column":7}},"61":{"start":{"line":113,"column":2},"end":{"line":113,"column":56}},"62":{"start":{"line":115,"column":2},"end":{"line":117,"column":6}},"63":{"start":{"line":120,"column":0},"end":{"line":144,"column":3}},"64":{"start":{"line":121,"column":28},"end":{"line":121,"column":36}},"65":{"start":{"line":123,"column":2},"end":{"line":125,"column":3}},"66":{"start":{"line":124,"column":4},"end":{"line":124,"column":77}},"67":{"start":{"line":126,"column":2},"end":{"line":128,"column":3}},"68":{"start":{"line":127,"column":4},"end":{"line":127,"column":82}},"69":{"start":{"line":130,"column":15},"end":{"line":130,"column":46}},"70":{"start":{"line":131,"column":2},"end":{"line":133,"column":3}},"71":{"start":{"line":132,"column":4},"end":{"line":132,"column":71}},"72":{"start":{"line":135,"column":26},"end":{"line":135,"column":76}},"73":{"start":{"line":136,"column":2},"end":{"line":138,"column":3}},"74":{"start":{"line":137,"column":4},"end":{"line":137,"column":71}},"75":{"start":{"line":139,"column":2},"end":{"line":141,"column":3}},"76":{"start":{"line":140,"column":4},"end":{"line":140,"column":81}},"77":{"start":{"line":143,"column":2},"end":{"line":143,"column":98}},"78":{"start":{"line":146,"column":0},"end":{"line":157,"column":3}},"79":{"start":{"line":147,"column":18},"end":{"line":147,"column":26}},"80":{"start":{"line":148,"column":15},"end":{"line":148,"column":46}},"81":{"start":{"line":149,"column":2},"end":{"line":151,"column":3}},"82":{"start":{"line":150,"column":4},"end":{"line":150,"column":69}},"83":{"start":{"line":152,"column":2},"end":{"line":152,"column":50}},"84":{"start":{"line":153,"column":2},"end":{"line":156,"column":5}},"85":{"start":{"line":159,"column":0},"end":{"line":190,"column":3}},"86":{"start":{"line":160,"column":57},"end":{"line":160,"column":65}},"87":{"start":{"line":161,"column":2},"end":{"line":163,"column":3}},"88":{"start":{"line":162,"column":4},"end":{"line":162,"column":85}},"89":{"start":{"line":165,"column":15},"end":{"line":165,"column":46}},"90":{"start":{"line":166,"column":2},"end":{"line":168,"column":3}},"91":{"start":{"line":167,"column":4},"end":{"line":167,"column":65}},"92":{"start":{"line":170,"column":26},"end":{"line":170,"column":83}},"93":{"start":{"line":171,"column":2},"end":{"line":173,"column":3}},"94":{"start":{"line":172,"column":4},"end":{"line":172,"column":75}},"95":{"start":{"line":175,"column":18},"end":{"line":175,"column":20}},"96":{"start":{"line":176,"column":2},"end":{"line":178,"column":3}},"97":{"start":{"line":177,"column":4},"end":{"line":177,"column":27}},"98":{"start":{"line":180,"column":2},"end":{"line":185,"column":3}},"99":{"start":{"line":181,"column":4},"end":{"line":183,"column":5}},"100":{"start":{"line":182,"column":6},"end":{"line":182,"column":106}},"101":{"start":{"line":184,"column":4},"end":{"line":184,"column":63}},"102":{"start":{"line":187,"column":2},"end":{"line":187,"column":45}},"103":{"start":{"line":189,"column":2},"end":{"line":189,"column":67}},"104":{"start":{"line":192,"column":0},"end":{"line":214,"column":3}},"105":{"start":{"line":193,"column":18},"end":{"line":193,"column":26}},"106":{"start":{"line":194,"column":2},"end":{"line":196,"column":3}},"107":{"start":{"line":195,"column":4},"end":{"line":195,"column":63}},"108":{"start":{"line":198,"column":15},"end":{"line":198,"column":46}},"109":{"start":{"line":199,"column":2},"end":{"line":212,"column":3}},"110":{"start":{"line":200,"column":18},"end":{"line":200,"column":56}},"111":{"start":{"line":201,"column":20},"end":{"line":201,"column":50}},"112":{"start":{"line":202,"column":4},"end":{"line":202,"column":57}},"113":{"start":{"line":204,"column":22},"end":{"line":204,"column":116}},"114":{"start":{"line":206,"column":4},"end":{"line":211,"column":7}},"115":{"start":{"line":213,"column":2},"end":{"line":213,"column":75}},"116":{"start":{"line":216,"column":0},"end":{"line":236,"column":3}},"117":{"start":{"line":217,"column":31},"end":{"line":217,"column":39}},"118":{"start":{"line":218,"column":2},"end":{"line":220,"column":3}},"119":{"start":{"line":219,"column":4},"end":{"line":219,"column":81}},"120":{"start":{"line":222,"column":2},"end":{"line":224,"column":3}},"121":{"start":{"line":223,"column":4},"end":{"line":223,"column":100}},"122":{"start":{"line":226,"column":15},"end":{"line":226,"column":51}},"123":{"start":{"line":227,"column":2},"end":{"line":229,"column":3}},"124":{"start":{"line":228,"column":4},"end":{"line":228,"column":82}},"125":{"start":{"line":231,"column":25},"end":{"line":231,"column":59}},"126":{"start":{"line":232,"column":2},"end":{"line":232,"column":69}},"127":{"start":{"line":233,"column":2},"end":{"line":233,"column":41}},"128":{"start":{"line":235,"column":2},"end":{"line":235,"column":63}},"129":{"start":{"line":238,"column":0},"end":{"line":241,"column":3}},"130":{"start":{"line":239,"column":2},"end":{"line":239,"column":49}},"131":{"start":{"line":240,"column":2},"end":{"line":240,"column":81}},"132":{"start":{"line":243,"column":0},"end":{"line":243,"column":21}},"133":{"start":{"line":244,"column":0},"end":{"line":244,"column":51}},"134":{"start":{"line":245,"column":0},"end":{"line":245,"column":65}}},"fnMap":{"0":{"name":"calculateLockoutMinutes","decl":{"start":{"line":11,"column":9},"end":{"line":11,"column":32}},"loc":{"start":{"line":11,"column":49},"end":{"line":14,"column":1}},"line":11},"1":{"name":"isAnomalousLogin","decl":{"start":{"line":16,"column":9},"end":{"line":16,"column":25}},"loc":{"start":{"line":16,"column":43},"end":{"line":23,"column":1}},"line":16},"2":{"name":"(anonymous_2)","decl":{"start":{"line":39,"column":23},"end":{"line":39,"column":24}},"loc":{"start":{"line":39,"column":37},"end":{"line":41,"column":1}},"line":39},"3":{"name":"(anonymous_3)","decl":{"start":{"line":43,"column":24},"end":{"line":43,"column":25}},"loc":{"start":{"line":43,"column":44},"end":{"line":65,"column":1}},"line":43},"4":{"name":"(anonymous_4)","decl":{"start":{"line":67,"column":23},"end":{"line":67,"column":24}},"loc":{"start":{"line":67,"column":43},"end":{"line":118,"column":1}},"line":67},"5":{"name":"(anonymous_5)","decl":{"start":{"line":120,"column":29},"end":{"line":120,"column":30}},"loc":{"start":{"line":120,"column":49},"end":{"line":144,"column":1}},"line":120},"6":{"name":"(anonymous_6)","decl":{"start":{"line":146,"column":34},"end":{"line":146,"column":35}},"loc":{"start":{"line":146,"column":54},"end":{"line":157,"column":1}},"line":146},"7":{"name":"(anonymous_7)","decl":{"start":{"line":159,"column":28},"end":{"line":159,"column":29}},"loc":{"start":{"line":159,"column":48},"end":{"line":190,"column":1}},"line":159},"8":{"name":"(anonymous_8)","decl":{"start":{"line":192,"column":33},"end":{"line":192,"column":34}},"loc":{"start":{"line":192,"column":53},"end":{"line":214,"column":1}},"line":192},"9":{"name":"(anonymous_9)","decl":{"start":{"line":216,"column":32},"end":{"line":216,"column":33}},"loc":{"start":{"line":216,"column":52},"end":{"line":236,"column":1}},"line":216},"10":{"name":"(anonymous_10)","decl":{"start":{"line":238,"column":8},"end":{"line":238,"column":9}},"loc":{"start":{"line":238,"column":33},"end":{"line":241,"column":1}},"line":238}},"branchMap":{"0":{"loc":{"start":{"line":12,"column":2},"end":{"line":12,"column":34}},"type":"if","locations":[{"start":{"line":12,"column":2},"end":{"line":12,"column":34}},{"start":{},"end":{}}],"line":12},"1":{"loc":{"start":{"line":17,"column":2},"end":{"line":19,"column":3}},"type":"if","locations":[{"start":{"line":17,"column":2},"end":{"line":19,"column":3}},{"start":{},"end":{}}],"line":17},"2":{"loc":{"start":{"line":17,"column":5},"end":{"line":17,"column":49}},"type":"binary-expr","locations":[{"start":{"line":17,"column":5},"end":{"line":17,"column":24}},{"start":{"line":17,"column":28},"end":{"line":17,"column":49}}],"line":17},"3":{"loc":{"start":{"line":22,"column":9},"end":{"line":22,"column":48}},"type":"binary-expr","locations":[{"start":{"line":22,"column":9},"end":{"line":22,"column":18}},{"start":{"line":22,"column":22},"end":{"line":22,"column":48}}],"line":22},"4":{"loc":{"start":{"line":46,"column":2},"end":{"line":48,"column":3}},"type":"if","locations":[{"start":{"line":46,"column":2},"end":{"line":48,"column":3}},{"start":{},"end":{}}],"line":46},"5":{"loc":{"start":{"line":46,"column":5},"end":{"line":46,"column":33}},"type":"binary-expr","locations":[{"start":{"line":46,"column":5},"end":{"line":46,"column":10}},{"start":{"line":46,"column":14},"end":{"line":46,"column":20}},{"start":{"line":46,"column":24},"end":{"line":46,"column":33}}],"line":46},"6":{"loc":{"start":{"line":49,"column":2},"end":{"line":51,"column":3}},"type":"if","locations":[{"start":{"line":49,"column":2},"end":{"line":51,"column":3}},{"start":{},"end":{}}],"line":49},"7":{"loc":{"start":{"line":49,"column":5},"end":{"line":49,"column":48}},"type":"binary-expr","locations":[{"start":{"line":49,"column":5},"end":{"line":49,"column":24}},{"start":{"line":49,"column":28},"end":{"line":49,"column":48}}],"line":49},"8":{"loc":{"start":{"line":52,"column":2},"end":{"line":54,"column":3}},"type":"if","locations":[{"start":{"line":52,"column":2},"end":{"line":54,"column":3}},{"start":{},"end":{}}],"line":52},"9":{"loc":{"start":{"line":55,"column":2},"end":{"line":57,"column":3}},"type":"if","locations":[{"start":{"line":55,"column":2},"end":{"line":57,"column":3}},{"start":{},"end":{}}],"line":55},"10":{"loc":{"start":{"line":70,"column":2},"end":{"line":72,"column":3}},"type":"if","locations":[{"start":{"line":70,"column":2},"end":{"line":72,"column":3}},{"start":{},"end":{}}],"line":70},"11":{"loc":{"start":{"line":70,"column":5},"end":{"line":70,"column":24}},"type":"binary-expr","locations":[{"start":{"line":70,"column":5},"end":{"line":70,"column":11}},{"start":{"line":70,"column":15},"end":{"line":70,"column":24}}],"line":70},"12":{"loc":{"start":{"line":73,"column":2},"end":{"line":75,"column":3}},"type":"if","locations":[{"start":{"line":73,"column":2},"end":{"line":75,"column":3}},{"start":{},"end":{}}],"line":73},"13":{"loc":{"start":{"line":78,"column":2},"end":{"line":80,"column":3}},"type":"if","locations":[{"start":{"line":78,"column":2},"end":{"line":80,"column":3}},{"start":{},"end":{}}],"line":78},"14":{"loc":{"start":{"line":82,"column":2},"end":{"line":86,"column":3}},"type":"if","locations":[{"start":{"line":82,"column":2},"end":{"line":86,"column":3}},{"start":{},"end":{}}],"line":82},"15":{"loc":{"start":{"line":82,"column":5},"end":{"line":82,"column":66}},"type":"binary-expr","locations":[{"start":{"line":82,"column":5},"end":{"line":82,"column":22}},{"start":{"line":82,"column":26},"end":{"line":82,"column":66}}],"line":82},"16":{"loc":{"start":{"line":89,"column":2},"end":{"line":98,"column":3}},"type":"if","locations":[{"start":{"line":89,"column":2},"end":{"line":98,"column":3}},{"start":{},"end":{}}],"line":89},"17":{"loc":{"start":{"line":93,"column":4},"end":{"line":96,"column":5}},"type":"if","locations":[{"start":{"line":93,"column":4},"end":{"line":96,"column":5}},{"start":{},"end":{}}],"line":93},"18":{"loc":{"start":{"line":104,"column":2},"end":{"line":111,"column":3}},"type":"if","locations":[{"start":{"line":104,"column":2},"end":{"line":111,"column":3}},{"start":{},"end":{}}],"line":104},"19":{"loc":{"start":{"line":116,"column":20},"end":{"line":116,"column":103}},"type":"cond-expr","locations":[{"start":{"line":116,"column":32},"end":{"line":116,"column":96}},{"start":{"line":116,"column":99},"end":{"line":116,"column":103}}],"line":116},"20":{"loc":{"start":{"line":123,"column":2},"end":{"line":125,"column":3}},"type":"if","locations":[{"start":{"line":123,"column":2},"end":{"line":125,"column":3}},{"start":{},"end":{}}],"line":123},"21":{"loc":{"start":{"line":123,"column":5},"end":{"line":123,"column":24}},"type":"binary-expr","locations":[{"start":{"line":123,"column":5},"end":{"line":123,"column":11}},{"start":{"line":123,"column":15},"end":{"line":123,"column":24}}],"line":123},"22":{"loc":{"start":{"line":126,"column":2},"end":{"line":128,"column":3}},"type":"if","locations":[{"start":{"line":126,"column":2},"end":{"line":128,"column":3}},{"start":{},"end":{}}],"line":126},"23":{"loc":{"start":{"line":131,"column":2},"end":{"line":133,"column":3}},"type":"if","locations":[{"start":{"line":131,"column":2},"end":{"line":133,"column":3}},{"start":{},"end":{}}],"line":131},"24":{"loc":{"start":{"line":136,"column":2},"end":{"line":138,"column":3}},"type":"if","locations":[{"start":{"line":136,"column":2},"end":{"line":138,"column":3}},{"start":{},"end":{}}],"line":136},"25":{"loc":{"start":{"line":139,"column":2},"end":{"line":141,"column":3}},"type":"if","locations":[{"start":{"line":139,"column":2},"end":{"line":141,"column":3}},{"start":{},"end":{}}],"line":139},"26":{"loc":{"start":{"line":149,"column":2},"end":{"line":151,"column":3}},"type":"if","locations":[{"start":{"line":149,"column":2},"end":{"line":151,"column":3}},{"start":{},"end":{}}],"line":149},"27":{"loc":{"start":{"line":161,"column":2},"end":{"line":163,"column":3}},"type":"if","locations":[{"start":{"line":161,"column":2},"end":{"line":163,"column":3}},{"start":{},"end":{}}],"line":161},"28":{"loc":{"start":{"line":161,"column":5},"end":{"line":161,"column":31}},"type":"binary-expr","locations":[{"start":{"line":161,"column":5},"end":{"line":161,"column":11}},{"start":{"line":161,"column":15},"end":{"line":161,"column":31}}],"line":161},"29":{"loc":{"start":{"line":166,"column":2},"end":{"line":168,"column":3}},"type":"if","locations":[{"start":{"line":166,"column":2},"end":{"line":168,"column":3}},{"start":{},"end":{}}],"line":166},"30":{"loc":{"start":{"line":171,"column":2},"end":{"line":173,"column":3}},"type":"if","locations":[{"start":{"line":171,"column":2},"end":{"line":173,"column":3}},{"start":{},"end":{}}],"line":171},"31":{"loc":{"start":{"line":176,"column":2},"end":{"line":178,"column":3}},"type":"if","locations":[{"start":{"line":176,"column":2},"end":{"line":178,"column":3}},{"start":{},"end":{}}],"line":176},"32":{"loc":{"start":{"line":180,"column":2},"end":{"line":185,"column":3}},"type":"if","locations":[{"start":{"line":180,"column":2},"end":{"line":185,"column":3}},{"start":{},"end":{}}],"line":180},"33":{"loc":{"start":{"line":181,"column":4},"end":{"line":183,"column":5}},"type":"if","locations":[{"start":{"line":181,"column":4},"end":{"line":183,"column":5}},{"start":{},"end":{}}],"line":181},"34":{"loc":{"start":{"line":181,"column":7},"end":{"line":181,"column":56}},"type":"binary-expr","locations":[{"start":{"line":181,"column":7},"end":{"line":181,"column":29}},{"start":{"line":181,"column":33},"end":{"line":181,"column":56}}],"line":181},"35":{"loc":{"start":{"line":194,"column":2},"end":{"line":196,"column":3}},"type":"if","locations":[{"start":{"line":194,"column":2},"end":{"line":196,"column":3}},{"start":{},"end":{}}],"line":194},"36":{"loc":{"start":{"line":199,"column":2},"end":{"line":212,"column":3}},"type":"if","locations":[{"start":{"line":199,"column":2},"end":{"line":212,"column":3}},{"start":{},"end":{}}],"line":199},"37":{"loc":{"start":{"line":218,"column":2},"end":{"line":220,"column":3}},"type":"if","locations":[{"start":{"line":218,"column":2},"end":{"line":220,"column":3}},{"start":{},"end":{}}],"line":218},"38":{"loc":{"start":{"line":218,"column":5},"end":{"line":218,"column":27}},"type":"binary-expr","locations":[{"start":{"line":218,"column":5},"end":{"line":218,"column":11}},{"start":{"line":218,"column":15},"end":{"line":218,"column":27}}],"line":218},"39":{"loc":{"start":{"line":222,"column":2},"end":{"line":224,"column":3}},"type":"if","locations":[{"start":{"line":222,"column":2},"end":{"line":224,"column":3}},{"start":{},"end":{}}],"line":222},"40":{"loc":{"start":{"line":222,"column":5},"end":{"line":222,"column":54}},"type":"binary-expr","locations":[{"start":{"line":222,"column":5},"end":{"line":222,"column":27}},{"start":{"line":222,"column":31},"end":{"line":222,"column":54}}],"line":222},"41":{"loc":{"start":{"line":227,"column":2},"end":{"line":229,"column":3}},"type":"if","locations":[{"start":{"line":227,"column":2},"end":{"line":229,"column":3}},{"start":{},"end":{}}],"line":227},"42":{"loc":{"start":{"line":227,"column":5},"end":{"line":227,"column":90}},"type":"binary-expr","locations":[{"start":{"line":227,"column":5},"end":{"line":227,"column":10}},{"start":{"line":227,"column":14},"end":{"line":227,"column":39}},{"start":{"line":227,"column":43},"end":{"line":227,"column":90}}],"line":227}},"s":{"0":2,"1":2,"2":2,"3":2,"4":2,"5":2,"6":2,"7":2,"8":9,"9":5,"10":4,"11":17,"12":14,"13":3,"14":3,"15":3,"16":2,"17":2,"18":2,"19":2,"20":0,"21":2,"22":38,"23":38,"24":1,"25":37,"26":2,"27":35,"28":1,"29":34,"30":1,"31":33,"32":33,"33":32,"34":2,"35":18,"36":18,"37":1,"38":17,"39":0,"40":17,"41":16,"42":1,"43":15,"44":0,"45":0,"46":0,"47":15,"48":15,"49":2,"50":2,"51":2,"52":2,"53":0,"54":0,"55":2,"56":13,"57":13,"58":13,"59":13,"60":0,"61":13,"62":13,"63":2,"64":6,"65":6,"66":1,"67":5,"68":1,"69":4,"70":4,"71":1,"72":3,"73":3,"74":1,"75":2,"76":1,"77":1,"78":2,"79":6,"80":6,"81":6,"82":0,"83":6,"84":6,"85":2,"86":4,"87":4,"88":0,"89":4,"90":4,"91":0,"92":4,"93":4,"94":1,"95":3,"96":3,"97":1,"98":3,"99":2,"100":1,"101":1,"102":2,"103":2,"104":2,"105":4,"106":4,"107":1,"108":3,"109":3,"110":2,"111":2,"112":2,"113":2,"114":2,"115":3,"116":2,"117":6,"118":6,"119":1,"120":5,"121":0,"122":5,"123":5,"124":3,"125":2,"126":2,"127":2,"128":2,"129":2,"130":2,"131":2,"132":2,"133":2,"134":2},"f":{"0":9,"1":17,"2":0,"3":38,"4":18,"5":6,"6":6,"7":4,"8":4,"9":6,"10":2},"b":{"0":[5,4],"1":[14,3],"2":[17,3],"3":[3,2],"4":[1,37],"5":[38,37,37],"6":[2,35],"7":[37,36],"8":[1,34],"9":[1,33],"10":[1,17],"11":[18,18],"12":[0,17],"13":[1,15],"14":[0,15],"15":[15,0],"16":[2,13],"17":[0,2],"18":[0,13],"19":[0,13],"20":[1,5],"21":[6,6],"22":[1,4],"23":[1,3],"24":[1,2],"25":[1,1],"26":[0,6],"27":[0,4],"28":[4,4],"29":[0,4],"30":[1,3],"31":[1,2],"32":[2,1],"33":[1,1],"34":[2,1],"35":[1,3],"36":[2,1],"37":[1,5],"38":[6,5],"39":[0,5],"40":[5,5],"41":[3,2],"42":[5,3,3]},"_coverageSchema":"1a1c01bbd47fc00a2c39e90264f33305004495a9","hash":"122744a62ca4aa6ebae845fa17493398f3338386"}
,"C:\\Users\\patri\\Documents\\GitHub\\COSC4353_SoftwareDesignGroup1_Summer2026\\Assignment_5_Group_1\\QSLoginBackend\\db.js": {"path":"C:\\Users\\patri\\Documents\\GitHub\\COSC4353_SoftwareDesignGroup1_Summer2026\\Assignment_5_Group_1\\QSLoginBackend\\db.js","statementMap":{"0":{"start":{"line":2,"column":0},"end":{"line":2,"column":27}},"1":{"start":{"line":3,"column":14},"end":{"line":3,"column":39}},"2":{"start":{"line":5,"column":13},"end":{"line":11,"column":2}},"3":{"start":{"line":13,"column":0},"end":{"line":102,"column":2}},"4":{"start":{"line":15,"column":19},"end":{"line":17,"column":5}},"5":{"start":{"line":18,"column":4},"end":{"line":18,"column":19}},"6":{"start":{"line":21,"column":44},"end":{"line":21,"column":52}},"7":{"start":{"line":22,"column":19},"end":{"line":22,"column":62}},"8":{"start":{"line":23,"column":21},"end":{"line":26,"column":5}},"9":{"start":{"line":27,"column":4},"end":{"line":27,"column":62}},"10":{"start":{"line":30,"column":4},"end":{"line":33,"column":6}},"11":{"start":{"line":36,"column":19},"end":{"line":36,"column":21}},"12":{"start":{"line":37,"column":19},"end":{"line":37,"column":21}},"13":{"start":{"line":38,"column":4},"end":{"line":41,"column":5}},"14":{"start":{"line":39,"column":6},"end":{"line":39,"column":30}},"15":{"start":{"line":40,"column":6},"end":{"line":40,"column":32}},"16":{"start":{"line":42,"column":4},"end":{"line":45,"column":5}},"17":{"start":{"line":43,"column":6},"end":{"line":43,"column":39}},"18":{"start":{"line":44,"column":6},"end":{"line":44,"column":41}},"19":{"start":{"line":46,"column":4},"end":{"line":46,"column":35}},"20":{"start":{"line":46,"column":28},"end":{"line":46,"column":35}},"21":{"start":{"line":47,"column":4},"end":{"line":47,"column":25}},"22":{"start":{"line":48,"column":4},"end":{"line":51,"column":6}},"23":{"start":{"line":54,"column":4},"end":{"line":54,"column":79}},"24":{"start":{"line":57,"column":4},"end":{"line":60,"column":6}},"25":{"start":{"line":63,"column":19},"end":{"line":66,"column":5}},"26":{"start":{"line":67,"column":4},"end":{"line":67,"column":19}},"27":{"start":{"line":70,"column":4},"end":{"line":73,"column":6}},"28":{"start":{"line":76,"column":4},"end":{"line":79,"column":6}},"29":{"start":{"line":82,"column":4},"end":{"line":85,"column":6}},"30":{"start":{"line":88,"column":4},"end":{"line":91,"column":6}},"31":{"start":{"line":94,"column":4},"end":{"line":97,"column":6}},"32":{"start":{"line":100,"column":4},"end":{"line":100,"column":21}}},"fnMap":{"0":{"name":"(anonymous_0)","decl":{"start":{"line":14,"column":19},"end":{"line":14,"column":20}},"loc":{"start":{"line":14,"column":36},"end":{"line":19,"column":3}},"line":14},"1":{"name":"(anonymous_1)","decl":{"start":{"line":20,"column":14},"end":{"line":20,"column":15}},"loc":{"start":{"line":20,"column":34},"end":{"line":28,"column":3}},"line":20},"2":{"name":"(anonymous_2)","decl":{"start":{"line":29,"column":18},"end":{"line":29,"column":19}},"loc":{"start":{"line":29,"column":41},"end":{"line":34,"column":3}},"line":29},"3":{"name":"(anonymous_3)","decl":{"start":{"line":35,"column":14},"end":{"line":35,"column":15}},"loc":{"start":{"line":35,"column":42},"end":{"line":52,"column":3}},"line":35},"4":{"name":"(anonymous_4)","decl":{"start":{"line":53,"column":21},"end":{"line":53,"column":22}},"loc":{"start":{"line":53,"column":38},"end":{"line":55,"column":3}},"line":53},"5":{"name":"(anonymous_5)","decl":{"start":{"line":56,"column":17},"end":{"line":56,"column":18}},"loc":{"start":{"line":56,"column":52},"end":{"line":61,"column":3}},"line":56},"6":{"name":"(anonymous_6)","decl":{"start":{"line":62,"column":24},"end":{"line":62,"column":25}},"loc":{"start":{"line":62,"column":41},"end":{"line":68,"column":3}},"line":62},"7":{"name":"(anonymous_7)","decl":{"start":{"line":69,"column":19},"end":{"line":69,"column":20}},"loc":{"start":{"line":69,"column":38},"end":{"line":74,"column":3}},"line":69},"8":{"name":"(anonymous_8)","decl":{"start":{"line":75,"column":27},"end":{"line":75,"column":28}},"loc":{"start":{"line":75,"column":45},"end":{"line":80,"column":3}},"line":75},"9":{"name":"(anonymous_9)","decl":{"start":{"line":81,"column":14},"end":{"line":81,"column":15}},"loc":{"start":{"line":81,"column":45},"end":{"line":86,"column":3}},"line":81},"10":{"name":"(anonymous_10)","decl":{"start":{"line":87,"column":23},"end":{"line":87,"column":24}},"loc":{"start":{"line":87,"column":41},"end":{"line":92,"column":3}},"line":87},"11":{"name":"(anonymous_11)","decl":{"start":{"line":93,"column":23},"end":{"line":93,"column":24}},"loc":{"start":{"line":93,"column":45},"end":{"line":98,"column":3}},"line":93},"12":{"name":"(anonymous_12)","decl":{"start":{"line":99,"column":13},"end":{"line":99,"column":14}},"loc":{"start":{"line":99,"column":25},"end":{"line":101,"column":3}},"line":99}},"branchMap":{"0":{"loc":{"start":{"line":22,"column":19},"end":{"line":22,"column":62}},"type":"cond-expr","locations":[{"start":{"line":22,"column":38},"end":{"line":22,"column":53}},{"start":{"line":22,"column":56},"end":{"line":22,"column":62}}],"line":22},"1":{"loc":{"start":{"line":38,"column":4},"end":{"line":41,"column":5}},"type":"if","locations":[{"start":{"line":38,"column":4},"end":{"line":41,"column":5}},{"start":{},"end":{}}],"line":38},"2":{"loc":{"start":{"line":42,"column":4},"end":{"line":45,"column":5}},"type":"if","locations":[{"start":{"line":42,"column":4},"end":{"line":45,"column":5}},{"start":{},"end":{}}],"line":42},"3":{"loc":{"start":{"line":46,"column":4},"end":{"line":46,"column":35}},"type":"if","locations":[{"start":{"line":46,"column":4},"end":{"line":46,"column":35}},{"start":{},"end":{}}],"line":46}},"s":{"0":2,"1":2,"2":2,"3":2,"4":74,"5":74,"6":32,"7":32,"8":32,"9":32,"10":6,"11":4,"12":4,"13":4,"14":1,"15":1,"16":4,"17":3,"18":3,"19":4,"20":0,"21":4,"22":4,"23":91,"24":8,"25":5,"26":5,"27":2,"28":2,"29":0,"30":13,"31":13,"32":2},"f":{"0":74,"1":32,"2":6,"3":4,"4":91,"5":8,"6":5,"7":2,"8":2,"9":0,"10":13,"11":13,"12":2},"b":{"0":[0,32],"1":[1,3],"2":[3,1],"3":[0,4]},"_coverageSchema":"1a1c01bbd47fc00a2c39e90264f33305004495a9","hash":"6ebbbf561ec477fa43f36ce7f591aeabd7930fa0"}
}
