{"C:\\Users\\patri\\Documents\\GitHub\\COSC4353_SoftwareDesignGroup1_Summer2026\\Assignment_5_Group_1\\QSLoginBackend\\app.js": {"path":"C:\\Users\\patri\\Documents\\GitHub\\COSC4353_SoftwareDesignGroup1_Summer2026\\Assignment_5_Group_1\\QSLoginBackend\\app.js","statementMap":{"0":{"start":{"line":1,"column":16},"end":{"line":1,"column":34}},"1":{"start":{"line":2,"column":13},"end":{"line":2,"column":28}},"2":{"start":{"line":3,"column":15},"end":{"line":3,"column":32}},"3":{"start":{"line":4,"column":11},"end":{"line":4,"column":26}},"4":{"start":{"line":5,"column":15},"end":{"line":5,"column":32}},"5":{"start":{"line":6,"column":19},"end":{"line":6,"column":40}},"6":{"start":{"line":8,"column":12},"end":{"line":8,"column":21}},"7":{"start":{"line":9,"column":19},"end":{"line":9,"column":47}},"8":{"start":{"line":12,"column":2},"end":{"line":14,"column":3}},"9":{"start":{"line":13,"column":4},"end":{"line":13,"column":17}},"10":{"start":{"line":15,"column":20},"end":{"line":15,"column":52}},"11":{"start":{"line":16,"column":32},"end":{"line":16,"column":85}},"12":{"start":{"line":17,"column":2},"end":{"line":17,"column":49}},"13":{"start":{"line":20,"column":20},"end":{"line":29,"column":2}},"14":{"start":{"line":31,"column":0},"end":{"line":31,"column":16}},"15":{"start":{"line":32,"column":0},"end":{"line":32,"column":24}},"16":{"start":{"line":34,"column":0},"end":{"line":36,"column":3}},"17":{"start":{"line":35,"column":2},"end":{"line":35,"column":44}},"18":{"start":{"line":38,"column":0},"end":{"line":60,"column":3}},"19":{"start":{"line":39,"column":34},"end":{"line":39,"column":42}},"20":{"start":{"line":41,"column":2},"end":{"line":43,"column":3}},"21":{"start":{"line":42,"column":4},"end":{"line":42,"column":84}},"22":{"start":{"line":44,"column":2},"end":{"line":46,"column":3}},"23":{"start":{"line":45,"column":4},"end":{"line":45,"column":90}},"24":{"start":{"line":47,"column":2},"end":{"line":49,"column":3}},"25":{"start":{"line":48,"column":4},"end":{"line":48,"column":82}},"26":{"start":{"line":50,"column":2},"end":{"line":52,"column":3}},"27":{"start":{"line":51,"column":4},"end":{"line":51,"column":87}},"28":{"start":{"line":54,"column":25},"end":{"line":54,"column":56}},"29":{"start":{"line":55,"column":18},"end":{"line":55,"column":94}},"30":{"start":{"line":57,"column":2},"end":{"line":59,"column":5}},"31":{"start":{"line":62,"column":0},"end":{"line":98,"column":3}},"32":{"start":{"line":63,"column":28},"end":{"line":63,"column":36}},"33":{"start":{"line":65,"column":2},"end":{"line":67,"column":3}},"34":{"start":{"line":66,"column":4},"end":{"line":66,"column":77}},"35":{"start":{"line":68,"column":2},"end":{"line":70,"column":3}},"36":{"start":{"line":69,"column":4},"end":{"line":69,"column":82}},"37":{"start":{"line":72,"column":15},"end":{"line":72,"column":46}},"38":{"start":{"line":73,"column":2},"end":{"line":75,"column":3}},"39":{"start":{"line":74,"column":4},"end":{"line":74,"column":71}},"40":{"start":{"line":77,"column":26},"end":{"line":77,"column":76}},"41":{"start":{"line":78,"column":2},"end":{"line":80,"column":3}},"42":{"start":{"line":79,"column":4},"end":{"line":79,"column":70}},"43":{"start":{"line":82,"column":20},"end":{"line":82,"column":26}},"44":{"start":{"line":83,"column":20},"end":{"line":83,"column":53}},"45":{"start":{"line":84,"column":2},"end":{"line":91,"column":3}},"46":{"start":{"line":85,"column":4},"end":{"line":90,"column":7}},"47":{"start":{"line":93,"column":2},"end":{"line":93,"column":56}},"48":{"start":{"line":95,"column":2},"end":{"line":97,"column":6}},"49":{"start":{"line":100,"column":0},"end":{"line":124,"column":3}},"50":{"start":{"line":101,"column":28},"end":{"line":101,"column":36}},"51":{"start":{"line":103,"column":2},"end":{"line":105,"column":3}},"52":{"start":{"line":104,"column":4},"end":{"line":104,"column":77}},"53":{"start":{"line":106,"column":2},"end":{"line":108,"column":3}},"54":{"start":{"line":107,"column":4},"end":{"line":107,"column":82}},"55":{"start":{"line":110,"column":15},"end":{"line":110,"column":46}},"56":{"start":{"line":111,"column":2},"end":{"line":113,"column":3}},"57":{"start":{"line":112,"column":4},"end":{"line":112,"column":71}},"58":{"start":{"line":115,"column":26},"end":{"line":115,"column":76}},"59":{"start":{"line":116,"column":2},"end":{"line":118,"column":3}},"60":{"start":{"line":117,"column":4},"end":{"line":117,"column":71}},"61":{"start":{"line":119,"column":2},"end":{"line":121,"column":3}},"62":{"start":{"line":120,"column":4},"end":{"line":120,"column":81}},"63":{"start":{"line":123,"column":2},"end":{"line":123,"column":98}},"64":{"start":{"line":126,"column":0},"end":{"line":137,"column":3}},"65":{"start":{"line":127,"column":18},"end":{"line":127,"column":26}},"66":{"start":{"line":128,"column":15},"end":{"line":128,"column":46}},"67":{"start":{"line":129,"column":2},"end":{"line":131,"column":3}},"68":{"start":{"line":130,"column":4},"end":{"line":130,"column":69}},"69":{"start":{"line":132,"column":2},"end":{"line":132,"column":50}},"70":{"start":{"line":133,"column":2},"end":{"line":136,"column":5}},"71":{"start":{"line":139,"column":0},"end":{"line":170,"column":3}},"72":{"start":{"line":140,"column":57},"end":{"line":140,"column":65}},"73":{"start":{"line":141,"column":2},"end":{"line":143,"column":3}},"74":{"start":{"line":142,"column":4},"end":{"line":142,"column":85}},"75":{"start":{"line":145,"column":15},"end":{"line":145,"column":46}},"76":{"start":{"line":146,"column":2},"end":{"line":148,"column":3}},"77":{"start":{"line":147,"column":4},"end":{"line":147,"column":65}},"78":{"start":{"line":150,"column":26},"end":{"line":150,"column":83}},"79":{"start":{"line":151,"column":2},"end":{"line":153,"column":3}},"80":{"start":{"line":152,"column":4},"end":{"line":152,"column":75}},"81":{"start":{"line":155,"column":18},"end":{"line":155,"column":20}},"82":{"start":{"line":156,"column":2},"end":{"line":158,"column":3}},"83":{"start":{"line":157,"column":4},"end":{"line":157,"column":27}},"84":{"start":{"line":160,"column":2},"end":{"line":165,"column":3}},"85":{"start":{"line":161,"column":4},"end":{"line":163,"column":5}},"86":{"start":{"line":162,"column":6},"end":{"line":162,"column":106}},"87":{"start":{"line":164,"column":4},"end":{"line":164,"column":63}},"88":{"start":{"line":167,"column":2},"end":{"line":167,"column":45}},"89":{"start":{"line":169,"column":2},"end":{"line":169,"column":67}},"90":{"start":{"line":172,"column":0},"end":{"line":194,"column":3}},"91":{"start":{"line":173,"column":18},"end":{"line":173,"column":26}},"92":{"start":{"line":174,"column":2},"end":{"line":176,"column":3}},"93":{"start":{"line":175,"column":4},"end":{"line":175,"column":63}},"94":{"start":{"line":178,"column":15},"end":{"line":178,"column":46}},"95":{"start":{"line":179,"column":2},"end":{"line":192,"column":3}},"96":{"start":{"line":180,"column":18},"end":{"line":180,"column":56}},"97":{"start":{"line":181,"column":20},"end":{"line":181,"column":50}},"98":{"start":{"line":182,"column":4},"end":{"line":182,"column":57}},"99":{"start":{"line":184,"column":22},"end":{"line":184,"column":116}},"100":{"start":{"line":186,"column":4},"end":{"line":191,"column":7}},"101":{"start":{"line":193,"column":2},"end":{"line":193,"column":75}},"102":{"start":{"line":196,"column":0},"end":{"line":216,"column":3}},"103":{"start":{"line":197,"column":31},"end":{"line":197,"column":39}},"104":{"start":{"line":198,"column":2},"end":{"line":200,"column":3}},"105":{"start":{"line":199,"column":4},"end":{"line":199,"column":81}},"106":{"start":{"line":202,"column":2},"end":{"line":204,"column":3}},"107":{"start":{"line":203,"column":4},"end":{"line":203,"column":100}},"108":{"start":{"line":206,"column":15},"end":{"line":206,"column":51}},"109":{"start":{"line":207,"column":2},"end":{"line":209,"column":3}},"110":{"start":{"line":208,"column":4},"end":{"line":208,"column":82}},"111":{"start":{"line":211,"column":25},"end":{"line":211,"column":59}},"112":{"start":{"line":212,"column":2},"end":{"line":212,"column":69}},"113":{"start":{"line":213,"column":2},"end":{"line":213,"column":41}},"114":{"start":{"line":215,"column":2},"end":{"line":215,"column":63}},"115":{"start":{"line":218,"column":0},"end":{"line":221,"column":3}},"116":{"start":{"line":219,"column":2},"end":{"line":219,"column":49}},"117":{"start":{"line":220,"column":2},"end":{"line":220,"column":81}},"118":{"start":{"line":223,"column":0},"end":{"line":223,"column":21}},"119":{"start":{"line":224,"column":0},"end":{"line":224,"column":51}}},"fnMap":{"0":{"name":"isAnomalousLogin","decl":{"start":{"line":11,"column":9},"end":{"line":11,"column":25}},"loc":{"start":{"line":11,"column":43},"end":{"line":18,"column":1}},"line":11},"1":{"name":"(anonymous_1)","decl":{"start":{"line":34,"column":23},"end":{"line":34,"column":24}},"loc":{"start":{"line":34,"column":37},"end":{"line":36,"column":1}},"line":34},"2":{"name":"(anonymous_2)","decl":{"start":{"line":38,"column":24},"end":{"line":38,"column":25}},"loc":{"start":{"line":38,"column":44},"end":{"line":60,"column":1}},"line":38},"3":{"name":"(anonymous_3)","decl":{"start":{"line":62,"column":23},"end":{"line":62,"column":24}},"loc":{"start":{"line":62,"column":43},"end":{"line":98,"column":1}},"line":62},"4":{"name":"(anonymous_4)","decl":{"start":{"line":100,"column":29},"end":{"line":100,"column":30}},"loc":{"start":{"line":100,"column":49},"end":{"line":124,"column":1}},"line":100},"5":{"name":"(anonymous_5)","decl":{"start":{"line":126,"column":34},"end":{"line":126,"column":35}},"loc":{"start":{"line":126,"column":54},"end":{"line":137,"column":1}},"line":126},"6":{"name":"(anonymous_6)","decl":{"start":{"line":139,"column":28},"end":{"line":139,"column":29}},"loc":{"start":{"line":139,"column":48},"end":{"line":170,"column":1}},"line":139},"7":{"name":"(anonymous_7)","decl":{"start":{"line":172,"column":33},"end":{"line":172,"column":34}},"loc":{"start":{"line":172,"column":53},"end":{"line":194,"column":1}},"line":172},"8":{"name":"(anonymous_8)","decl":{"start":{"line":196,"column":32},"end":{"line":196,"column":33}},"loc":{"start":{"line":196,"column":52},"end":{"line":216,"column":1}},"line":196},"9":{"name":"(anonymous_9)","decl":{"start":{"line":218,"column":8},"end":{"line":218,"column":9}},"loc":{"start":{"line":218,"column":33},"end":{"line":221,"column":1}},"line":218}},"branchMap":{"0":{"loc":{"start":{"line":12,"column":2},"end":{"line":14,"column":3}},"type":"if","locations":[{"start":{"line":12,"column":2},"end":{"line":14,"column":3}},{"start":{},"end":{}}],"line":12},"1":{"loc":{"start":{"line":12,"column":5},"end":{"line":12,"column":49}},"type":"binary-expr","locations":[{"start":{"line":12,"column":5},"end":{"line":12,"column":24}},{"start":{"line":12,"column":28},"end":{"line":12,"column":49}}],"line":12},"2":{"loc":{"start":{"line":17,"column":9},"end":{"line":17,"column":48}},"type":"binary-expr","locations":[{"start":{"line":17,"column":9},"end":{"line":17,"column":18}},{"start":{"line":17,"column":22},"end":{"line":17,"column":48}}],"line":17},"3":{"loc":{"start":{"line":41,"column":2},"end":{"line":43,"column":3}},"type":"if","locations":[{"start":{"line":41,"column":2},"end":{"line":43,"column":3}},{"start":{},"end":{}}],"line":41},"4":{"loc":{"start":{"line":41,"column":5},"end":{"line":41,"column":33}},"type":"binary-expr","locations":[{"start":{"line":41,"column":5},"end":{"line":41,"column":10}},{"start":{"line":41,"column":14},"end":{"line":41,"column":20}},{"start":{"line":41,"column":24},"end":{"line":41,"column":33}}],"line":41},"5":{"loc":{"start":{"line":44,"column":2},"end":{"line":46,"column":3}},"type":"if","locations":[{"start":{"line":44,"column":2},"end":{"line":46,"column":3}},{"start":{},"end":{}}],"line":44},"6":{"loc":{"start":{"line":44,"column":5},"end":{"line":44,"column":48}},"type":"binary-expr","locations":[{"start":{"line":44,"column":5},"end":{"line":44,"column":24}},{"start":{"line":44,"column":28},"end":{"line":44,"column":48}}],"line":44},"7":{"loc":{"start":{"line":47,"column":2},"end":{"line":49,"column":3}},"type":"if","locations":[{"start":{"line":47,"column":2},"end":{"line":49,"column":3}},{"start":{},"end":{}}],"line":47},"8":{"loc":{"start":{"line":50,"column":2},"end":{"line":52,"column":3}},"type":"if","locations":[{"start":{"line":50,"column":2},"end":{"line":52,"column":3}},{"start":{},"end":{}}],"line":50},"9":{"loc":{"start":{"line":65,"column":2},"end":{"line":67,"column":3}},"type":"if","locations":[{"start":{"line":65,"column":2},"end":{"line":67,"column":3}},{"start":{},"end":{}}],"line":65},"10":{"loc":{"start":{"line":65,"column":5},"end":{"line":65,"column":24}},"type":"binary-expr","locations":[{"start":{"line":65,"column":5},"end":{"line":65,"column":11}},{"start":{"line":65,"column":15},"end":{"line":65,"column":24}}],"line":65},"11":{"loc":{"start":{"line":68,"column":2},"end":{"line":70,"column":3}},"type":"if","locations":[{"start":{"line":68,"column":2},"end":{"line":70,"column":3}},{"start":{},"end":{}}],"line":68},"12":{"loc":{"start":{"line":73,"column":2},"end":{"line":75,"column":3}},"type":"if","locations":[{"start":{"line":73,"column":2},"end":{"line":75,"column":3}},{"start":{},"end":{}}],"line":73},"13":{"loc":{"start":{"line":78,"column":2},"end":{"line":80,"column":3}},"type":"if","locations":[{"start":{"line":78,"column":2},"end":{"line":80,"column":3}},{"start":{},"end":{}}],"line":78},"14":{"loc":{"start":{"line":84,"column":2},"end":{"line":91,"column":3}},"type":"if","locations":[{"start":{"line":84,"column":2},"end":{"line":91,"column":3}},{"start":{},"end":{}}],"line":84},"15":{"loc":{"start":{"line":96,"column":20},"end":{"line":96,"column":103}},"type":"cond-expr","locations":[{"start":{"line":96,"column":32},"end":{"line":96,"column":96}},{"start":{"line":96,"column":99},"end":{"line":96,"column":103}}],"line":96},"16":{"loc":{"start":{"line":103,"column":2},"end":{"line":105,"column":3}},"type":"if","locations":[{"start":{"line":103,"column":2},"end":{"line":105,"column":3}},{"start":{},"end":{}}],"line":103},"17":{"loc":{"start":{"line":103,"column":5},"end":{"line":103,"column":24}},"type":"binary-expr","locations":[{"start":{"line":103,"column":5},"end":{"line":103,"column":11}},{"start":{"line":103,"column":15},"end":{"line":103,"column":24}}],"line":103},"18":{"loc":{"start":{"line":106,"column":2},"end":{"line":108,"column":3}},"type":"if","locations":[{"start":{"line":106,"column":2},"end":{"line":108,"column":3}},{"start":{},"end":{}}],"line":106},"19":{"loc":{"start":{"line":111,"column":2},"end":{"line":113,"column":3}},"type":"if","locations":[{"start":{"line":111,"column":2},"end":{"line":113,"column":3}},{"start":{},"end":{}}],"line":111},"20":{"loc":{"start":{"line":116,"column":2},"end":{"line":118,"column":3}},"type":"if","locations":[{"start":{"line":116,"column":2},"end":{"line":118,"column":3}},{"start":{},"end":{}}],"line":116},"21":{"loc":{"start":{"line":119,"column":2},"end":{"line":121,"column":3}},"type":"if","locations":[{"start":{"line":119,"column":2},"end":{"line":121,"column":3}},{"start":{},"end":{}}],"line":119},"22":{"loc":{"start":{"line":129,"column":2},"end":{"line":131,"column":3}},"type":"if","locations":[{"start":{"line":129,"column":2},"end":{"line":131,"column":3}},{"start":{},"end":{}}],"line":129},"23":{"loc":{"start":{"line":141,"column":2},"end":{"line":143,"column":3}},"type":"if","locations":[{"start":{"line":141,"column":2},"end":{"line":143,"column":3}},{"start":{},"end":{}}],"line":141},"24":{"loc":{"start":{"line":141,"column":5},"end":{"line":141,"column":31}},"type":"binary-expr","locations":[{"start":{"line":141,"column":5},"end":{"line":141,"column":11}},{"start":{"line":141,"column":15},"end":{"line":141,"column":31}}],"line":141},"25":{"loc":{"start":{"line":146,"column":2},"end":{"line":148,"column":3}},"type":"if","locations":[{"start":{"line":146,"column":2},"end":{"line":148,"column":3}},{"start":{},"end":{}}],"line":146},"26":{"loc":{"start":{"line":151,"column":2},"end":{"line":153,"column":3}},"type":"if","locations":[{"start":{"line":151,"column":2},"end":{"line":153,"column":3}},{"start":{},"end":{}}],"line":151},"27":{"loc":{"start":{"line":156,"column":2},"end":{"line":158,"column":3}},"type":"if","locations":[{"start":{"line":156,"column":2},"end":{"line":158,"column":3}},{"start":{},"end":{}}],"line":156},"28":{"loc":{"start":{"line":160,"column":2},"end":{"line":165,"column":3}},"type":"if","locations":[{"start":{"line":160,"column":2},"end":{"line":165,"column":3}},{"start":{},"end":{}}],"line":160},"29":{"loc":{"start":{"line":161,"column":4},"end":{"line":163,"column":5}},"type":"if","locations":[{"start":{"line":161,"column":4},"end":{"line":163,"column":5}},{"start":{},"end":{}}],"line":161},"30":{"loc":{"start":{"line":161,"column":7},"end":{"line":161,"column":56}},"type":"binary-expr","locations":[{"start":{"line":161,"column":7},"end":{"line":161,"column":29}},{"start":{"line":161,"column":33},"end":{"line":161,"column":56}}],"line":161},"31":{"loc":{"start":{"line":174,"column":2},"end":{"line":176,"column":3}},"type":"if","locations":[{"start":{"line":174,"column":2},"end":{"line":176,"column":3}},{"start":{},"end":{}}],"line":174},"32":{"loc":{"start":{"line":179,"column":2},"end":{"line":192,"column":3}},"type":"if","locations":[{"start":{"line":179,"column":2},"end":{"line":192,"column":3}},{"start":{},"end":{}}],"line":179},"33":{"loc":{"start":{"line":198,"column":2},"end":{"line":200,"column":3}},"type":"if","locations":[{"start":{"line":198,"column":2},"end":{"line":200,"column":3}},{"start":{},"end":{}}],"line":198},"34":{"loc":{"start":{"line":198,"column":5},"end":{"line":198,"column":27}},"type":"binary-expr","locations":[{"start":{"line":198,"column":5},"end":{"line":198,"column":11}},{"start":{"line":198,"column":15},"end":{"line":198,"column":27}}],"line":198},"35":{"loc":{"start":{"line":202,"column":2},"end":{"line":204,"column":3}},"type":"if","locations":[{"start":{"line":202,"column":2},"end":{"line":204,"column":3}},{"start":{},"end":{}}],"line":202},"36":{"loc":{"start":{"line":202,"column":5},"end":{"line":202,"column":54}},"type":"binary-expr","locations":[{"start":{"line":202,"column":5},"end":{"line":202,"column":27}},{"start":{"line":202,"column":31},"end":{"line":202,"column":54}}],"line":202},"37":{"loc":{"start":{"line":207,"column":2},"end":{"line":209,"column":3}},"type":"if","locations":[{"start":{"line":207,"column":2},"end":{"line":209,"column":3}},{"start":{},"end":{}}],"line":207},"38":{"loc":{"start":{"line":207,"column":5},"end":{"line":207,"column":90}},"type":"binary-expr","locations":[{"start":{"line":207,"column":5},"end":{"line":207,"column":10}},{"start":{"line":207,"column":14},"end":{"line":207,"column":39}},{"start":{"line":207,"column":43},"end":{"line":207,"column":90}}],"line":207}},"s":{"0":2,"1":2,"2":2,"3":2,"4":2,"5":2,"6":2,"7":2,"8":17,"9":5,"10":12,"11":12,"12":12,"13":2,"14":2,"15":2,"16":2,"17":0,"18":2,"19":38,"20":38,"21":1,"22":37,"23":2,"24":35,"25":1,"26":34,"27":1,"28":33,"29":33,"30":32,"31":2,"32":18,"33":18,"34":1,"35":17,"36":0,"37":17,"38":16,"39":1,"40":15,"41":15,"42":2,"43":13,"44":13,"45":13,"46":0,"47":13,"48":13,"49":2,"50":6,"51":6,"52":1,"53":5,"54":1,"55":4,"56":4,"57":1,"58":3,"59":3,"60":1,"61":2,"62":1,"63":1,"64":2,"65":6,"66":6,"67":6,"68":0,"69":6,"70":6,"71":2,"72":4,"73":4,"74":0,"75":4,"76":4,"77":0,"78":4,"79":4,"80":1,"81":3,"82":3,"83":1,"84":3,"85":2,"86":1,"87":1,"88":2,"89":2,"90":2,"91":4,"92":4,"93":1,"94":3,"95":3,"96":2,"97":2,"98":2,"99":2,"100":2,"101":3,"102":2,"103":6,"104":6,"105":1,"106":5,"107":0,"108":5,"109":5,"110":3,"111":2,"112":2,"113":2,"114":2,"115":2,"116":2,"117":2,"118":2,"119":2},"f":{"0":17,"1":0,"2":38,"3":18,"4":6,"5":6,"6":4,"7":4,"8":6,"9":2},"b":{"0":[5,12],"1":[17,12],"2":[12,2],"3":[1,37],"4":[38,37,37],"5":[2,35],"6":[37,36],"7":[1,34],"8":[1,33],"9":[1,17],"10":[18,18],"11":[0,17],"12":[1,15],"13":[2,13],"14":[0,13],"15":[0,13],"16":[1,5],"17":[6,6],"18":[1,4],"19":[1,3],"20":[1,2],"21":[1,1],"22":[0,6],"23":[0,4],"24":[4,4],"25":[0,4],"26":[1,3],"27":[1,2],"28":[2,1],"29":[1,1],"30":[2,1],"31":[1,3],"32":[2,1],"33":[1,5],"34":[6,5],"35":[0,5],"36":[5,5],"37":[3,2],"38":[5,3,3]},"_coverageSchema":"1a1c01bbd47fc00a2c39e90264f33305004495a9","hash":"22d84e6c07fcb764b0ec6b351646455a967d9cda"}
,"C:\\Users\\patri\\Documents\\GitHub\\COSC4353_SoftwareDesignGroup1_Summer2026\\Assignment_5_Group_1\\QSLoginBackend\\db.js": {"path":"C:\\Users\\patri\\Documents\\GitHub\\COSC4353_SoftwareDesignGroup1_Summer2026\\Assignment_5_Group_1\\QSLoginBackend\\db.js","statementMap":{"0":{"start":{"line":2,"column":0},"end":{"line":2,"column":27}},"1":{"start":{"line":3,"column":14},"end":{"line":3,"column":39}},"2":{"start":{"line":5,"column":13},"end":{"line":11,"column":2}},"3":{"start":{"line":13,"column":0},"end":{"line":84,"column":2}},"4":{"start":{"line":15,"column":19},"end":{"line":17,"column":5}},"5":{"start":{"line":18,"column":4},"end":{"line":18,"column":19}},"6":{"start":{"line":21,"column":44},"end":{"line":21,"column":52}},"7":{"start":{"line":22,"column":19},"end":{"line":22,"column":62}},"8":{"start":{"line":23,"column":21},"end":{"line":26,"column":5}},"9":{"start":{"line":27,"column":4},"end":{"line":27,"column":62}},"10":{"start":{"line":30,"column":4},"end":{"line":33,"column":6}},"11":{"start":{"line":36,"column":19},"end":{"line":36,"column":21}},"12":{"start":{"line":37,"column":19},"end":{"line":37,"column":21}},"13":{"start":{"line":38,"column":4},"end":{"line":41,"column":5}},"14":{"start":{"line":39,"column":6},"end":{"line":39,"column":30}},"15":{"start":{"line":40,"column":6},"end":{"line":40,"column":32}},"16":{"start":{"line":42,"column":4},"end":{"line":45,"column":5}},"17":{"start":{"line":43,"column":6},"end":{"line":43,"column":39}},"18":{"start":{"line":44,"column":6},"end":{"line":44,"column":41}},"19":{"start":{"line":46,"column":4},"end":{"line":46,"column":35}},"20":{"start":{"line":46,"column":28},"end":{"line":46,"column":35}},"21":{"start":{"line":47,"column":4},"end":{"line":47,"column":25}},"22":{"start":{"line":48,"column":4},"end":{"line":51,"column":6}},"23":{"start":{"line":54,"column":4},"end":{"line":54,"column":79}},"24":{"start":{"line":57,"column":4},"end":{"line":60,"column":6}},"25":{"start":{"line":63,"column":19},"end":{"line":66,"column":5}},"26":{"start":{"line":67,"column":4},"end":{"line":67,"column":19}},"27":{"start":{"line":70,"column":4},"end":{"line":73,"column":6}},"28":{"start":{"line":76,"column":4},"end":{"line":79,"column":6}},"29":{"start":{"line":82,"column":4},"end":{"line":82,"column":21}}},"fnMap":{"0":{"name":"(anonymous_0)","decl":{"start":{"line":14,"column":19},"end":{"line":14,"column":20}},"loc":{"start":{"line":14,"column":36},"end":{"line":19,"column":3}},"line":14},"1":{"name":"(anonymous_1)","decl":{"start":{"line":20,"column":14},"end":{"line":20,"column":15}},"loc":{"start":{"line":20,"column":34},"end":{"line":28,"column":3}},"line":20},"2":{"name":"(anonymous_2)","decl":{"start":{"line":29,"column":18},"end":{"line":29,"column":19}},"loc":{"start":{"line":29,"column":41},"end":{"line":34,"column":3}},"line":29},"3":{"name":"(anonymous_3)","decl":{"start":{"line":35,"column":14},"end":{"line":35,"column":15}},"loc":{"start":{"line":35,"column":42},"end":{"line":52,"column":3}},"line":35},"4":{"name":"(anonymous_4)","decl":{"start":{"line":53,"column":21},"end":{"line":53,"column":22}},"loc":{"start":{"line":53,"column":38},"end":{"line":55,"column":3}},"line":53},"5":{"name":"(anonymous_5)","decl":{"start":{"line":56,"column":17},"end":{"line":56,"column":18}},"loc":{"start":{"line":56,"column":52},"end":{"line":61,"column":3}},"line":56},"6":{"name":"(anonymous_6)","decl":{"start":{"line":62,"column":24},"end":{"line":62,"column":25}},"loc":{"start":{"line":62,"column":41},"end":{"line":68,"column":3}},"line":62},"7":{"name":"(anonymous_7)","decl":{"start":{"line":69,"column":19},"end":{"line":69,"column":20}},"loc":{"start":{"line":69,"column":38},"end":{"line":74,"column":3}},"line":69},"8":{"name":"(anonymous_8)","decl":{"start":{"line":75,"column":23},"end":{"line":75,"column":24}},"loc":{"start":{"line":75,"column":45},"end":{"line":80,"column":3}},"line":75},"9":{"name":"(anonymous_9)","decl":{"start":{"line":81,"column":13},"end":{"line":81,"column":14}},"loc":{"start":{"line":81,"column":25},"end":{"line":83,"column":3}},"line":81}},"branchMap":{"0":{"loc":{"start":{"line":22,"column":19},"end":{"line":22,"column":62}},"type":"cond-expr","locations":[{"start":{"line":22,"column":38},"end":{"line":22,"column":53}},{"start":{"line":22,"column":56},"end":{"line":22,"column":62}}],"line":22},"1":{"loc":{"start":{"line":38,"column":4},"end":{"line":41,"column":5}},"type":"if","locations":[{"start":{"line":38,"column":4},"end":{"line":41,"column":5}},{"start":{},"end":{}}],"line":38},"2":{"loc":{"start":{"line":42,"column":4},"end":{"line":45,"column":5}},"type":"if","locations":[{"start":{"line":42,"column":4},"end":{"line":45,"column":5}},{"start":{},"end":{}}],"line":42},"3":{"loc":{"start":{"line":46,"column":4},"end":{"line":46,"column":35}},"type":"if","locations":[{"start":{"line":46,"column":4},"end":{"line":46,"column":35}},{"start":{},"end":{}}],"line":46}},"s":{"0":2,"1":2,"2":2,"3":2,"4":74,"5":74,"6":32,"7":32,"8":32,"9":32,"10":6,"11":4,"12":4,"13":4,"14":1,"15":1,"16":4,"17":3,"18":3,"19":4,"20":0,"21":4,"22":4,"23":81,"24":8,"25":5,"26":5,"27":2,"28":13,"29":2},"f":{"0":74,"1":32,"2":6,"3":4,"4":81,"5":8,"6":5,"7":2,"8":13,"9":2},"b":{"0":[0,32],"1":[1,3],"2":[3,1],"3":[0,4]},"_coverageSchema":"1a1c01bbd47fc00a2c39e90264f33305004495a9","hash":"5efd04194489ddd8ad7ae29f331931075b8bb17d"}
}
