TN:
SF:app.js
FN:11,calculateLockoutMinutes
FN:16,isAnomalousLogin
FN:39,(anonymous_2)
FN:43,(anonymous_3)
FN:67,(anonymous_4)
FN:121,(anonymous_5)
FN:147,(anonymous_6)
FN:160,(anonymous_7)
FN:193,(anonymous_8)
FN:217,(anonymous_9)
FN:239,(anonymous_10)
FNF:11
FNH:10
FNDA:9,calculateLockoutMinutes
FNDA:17,isAnomalousLogin
FNDA:0,(anonymous_2)
FNDA:38,(anonymous_3)
FNDA:18,(anonymous_4)
FNDA:6,(anonymous_5)
FNDA:6,(anonymous_6)
FNDA:4,(anonymous_7)
FNDA:4,(anonymous_8)
FNDA:6,(anonymous_9)
FNDA:2,(anonymous_10)
DA:1,2
DA:2,2
DA:3,2
DA:4,2
DA:5,2
DA:6,2
DA:8,2
DA:9,2
DA:12,9
DA:13,4
DA:17,17
DA:18,14
DA:20,3
DA:21,3
DA:22,3
DA:25,2
DA:36,2
DA:37,2
DA:39,2
DA:40,0
DA:43,2
DA:44,38
DA:46,38
DA:47,1
DA:49,37
DA:50,2
DA:52,35
DA:53,1
DA:55,34
DA:56,1
DA:59,33
DA:60,33
DA:62,32
DA:67,2
DA:68,18
DA:70,18
DA:71,1
DA:73,17
DA:74,0
DA:77,17
DA:78,16
DA:79,1
DA:82,15
DA:83,0
DA:84,0
DA:85,0
DA:88,15
DA:89,15
DA:90,2
DA:91,2
DA:92,2
DA:93,2
DA:94,0
DA:95,0
DA:96,0
DA:98,2
DA:101,13
DA:103,13
DA:104,13
DA:105,13
DA:106,0
DA:114,13
DA:116,13
DA:121,2
DA:122,6
DA:124,6
DA:125,1
DA:127,5
DA:128,1
DA:131,4
DA:132,4
DA:133,1
DA:136,3
DA:137,3
DA:138,1
DA:140,2
DA:141,1
DA:144,1
DA:147,2
DA:148,6
DA:149,6
DA:150,6
DA:151,0
DA:153,6
DA:154,6
DA:160,2
DA:161,4
DA:162,4
DA:163,0
DA:166,4
DA:167,4
DA:168,0
DA:171,4
DA:172,4
DA:173,1
DA:176,3
DA:177,3
DA:178,1
DA:181,3
DA:182,2
DA:183,1
DA:185,1
DA:188,2
DA:190,2
DA:193,2
DA:194,4
DA:195,4
DA:196,1
DA:199,3
DA:200,3
DA:201,2
DA:202,2
DA:203,2
DA:205,2
DA:207,2
DA:214,3
DA:217,2
DA:218,6
DA:219,6
DA:220,1
DA:223,5
DA:224,0
DA:227,5
DA:228,5
DA:229,3
DA:232,2
DA:233,2
DA:234,2
DA:236,2
DA:239,2
DA:240,2
DA:241,2
DA:244,2
DA:245,2
DA:246,2
LF:135
LH:122
BRDA:12,0,0,5
BRDA:12,0,1,4
BRDA:17,1,0,14
BRDA:17,1,1,3
BRDA:17,2,0,17
BRDA:17,2,1,3
BRDA:22,3,0,3
BRDA:22,3,1,2
BRDA:46,4,0,1
BRDA:46,4,1,37
BRDA:46,5,0,38
BRDA:46,5,1,37
BRDA:46,5,2,37
BRDA:49,6,0,2
BRDA:49,6,1,35
BRDA:49,7,0,37
BRDA:49,7,1,36
BRDA:52,8,0,1
BRDA:52,8,1,34
BRDA:55,9,0,1
BRDA:55,9,1,33
BRDA:70,10,0,1
BRDA:70,10,1,17
BRDA:70,11,0,18
BRDA:70,11,1,18
BRDA:73,12,0,0
BRDA:73,12,1,17
BRDA:78,13,0,1
BRDA:78,13,1,15
BRDA:82,14,0,0
BRDA:82,14,1,15
BRDA:82,15,0,15
BRDA:82,15,1,0
BRDA:89,16,0,2
BRDA:89,16,1,13
BRDA:93,17,0,0
BRDA:93,17,1,2
BRDA:105,18,0,0
BRDA:105,18,1,13
BRDA:117,19,0,0
BRDA:117,19,1,13
BRDA:124,20,0,1
BRDA:124,20,1,5
BRDA:124,21,0,6
BRDA:124,21,1,6
BRDA:127,22,0,1
BRDA:127,22,1,4
BRDA:132,23,0,1
BRDA:132,23,1,3
BRDA:137,24,0,1
BRDA:137,24,1,2
BRDA:140,25,0,1
BRDA:140,25,1,1
BRDA:150,26,0,0
BRDA:150,26,1,6
BRDA:162,27,0,0
BRDA:162,27,1,4
BRDA:162,28,0,4
BRDA:162,28,1,4
BRDA:167,29,0,0
BRDA:167,29,1,4
BRDA:172,30,0,1
BRDA:172,30,1,3
BRDA:177,31,0,1
BRDA:177,31,1,2
BRDA:181,32,0,2
BRDA:181,32,1,1
BRDA:182,33,0,1
BRDA:182,33,1,1
BRDA:182,34,0,2
BRDA:182,34,1,1
BRDA:195,35,0,1
BRDA:195,35,1,3
BRDA:200,36,0,2
BRDA:200,36,1,1
BRDA:219,37,0,1
BRDA:219,37,1,5
BRDA:219,38,0,6
BRDA:219,38,1,5
BRDA:223,39,0,0
BRDA:223,39,1,5
BRDA:223,40,0,5
BRDA:223,40,1,5
BRDA:228,41,0,3
BRDA:228,41,1,2
BRDA:228,42,0,5
BRDA:228,42,1,3
BRDA:228,42,2,3
BRF:88
BRH:78
end_of_record
TN:
SF:db.js
FN:14,(anonymous_0)
FN:20,(anonymous_1)
FN:29,(anonymous_2)
FN:35,(anonymous_3)
FN:53,(anonymous_4)
FN:56,(anonymous_5)
FN:62,(anonymous_6)
FN:69,(anonymous_7)
FN:75,(anonymous_8)
FN:81,(anonymous_9)
FN:87,(anonymous_10)
FN:93,(anonymous_11)
FN:99,(anonymous_12)
FNF:13
FNH:12
FNDA:74,(anonymous_0)
FNDA:32,(anonymous_1)
FNDA:6,(anonymous_2)
FNDA:4,(anonymous_3)
FNDA:91,(anonymous_4)
FNDA:8,(anonymous_5)
FNDA:5,(anonymous_6)
FNDA:2,(anonymous_7)
FNDA:2,(anonymous_8)
FNDA:0,(anonymous_9)
FNDA:13,(anonymous_10)
FNDA:13,(anonymous_11)
FNDA:2,(anonymous_12)
DA:2,2
DA:3,2
DA:5,2
DA:13,2
DA:15,74
DA:18,74
DA:21,32
DA:22,32
DA:23,32
DA:27,32
DA:30,6
DA:36,4
DA:37,4
DA:38,4
DA:39,1
DA:40,1
DA:42,4
DA:43,3
DA:44,3
DA:46,4
DA:47,4
DA:48,4
DA:54,91
DA:57,8
DA:63,5
DA:67,5
DA:70,2
DA:76,2
DA:82,0
DA:88,13
DA:94,13
DA:100,2
LF:32
LH:31
BRDA:22,0,0,0
BRDA:22,0,1,32
BRDA:38,1,0,1
BRDA:38,1,1,3
BRDA:42,2,0,3
BRDA:42,2,1,1
BRDA:46,3,0,0
BRDA:46,3,1,4
BRF:8
BRH:6
end_of_record
