TN:
SF:app.js
FN:11,isAnomalousLogin
FN:34,(anonymous_1)
FN:38,(anonymous_2)
FN:62,(anonymous_3)
FN:100,(anonymous_4)
FN:126,(anonymous_5)
FN:139,(anonymous_6)
FN:172,(anonymous_7)
FN:196,(anonymous_8)
FN:218,(anonymous_9)
FNF:10
FNH:9
FNDA:17,isAnomalousLogin
FNDA:0,(anonymous_1)
FNDA:38,(anonymous_2)
FNDA:18,(anonymous_3)
FNDA:6,(anonymous_4)
FNDA:6,(anonymous_5)
FNDA:4,(anonymous_6)
FNDA:4,(anonymous_7)
FNDA:6,(anonymous_8)
FNDA:2,(anonymous_9)
DA:1,2
DA:2,2
DA:3,2
DA:4,2
DA:5,2
DA:6,2
DA:8,2
DA:9,2
DA:12,17
DA:13,5
DA:15,12
DA:16,12
DA:17,12
DA:20,2
DA:31,2
DA:32,2
DA:34,2
DA:35,0
DA:38,2
DA:39,38
DA:41,38
DA:42,1
DA:44,37
DA:45,2
DA:47,35
DA:48,1
DA:50,34
DA:51,1
DA:54,33
DA:55,33
DA:57,32
DA:62,2
DA:63,18
DA:65,18
DA:66,1
DA:68,17
DA:69,0
DA:72,17
DA:73,16
DA:74,1
DA:77,15
DA:78,15
DA:79,2
DA:82,13
DA:83,13
DA:84,13
DA:85,0
DA:93,13
DA:95,13
DA:100,2
DA:101,6
DA:103,6
DA:104,1
DA:106,5
DA:107,1
DA:110,4
DA:111,4
DA:112,1
DA:115,3
DA:116,3
DA:117,1
DA:119,2
DA:120,1
DA:123,1
DA:126,2
DA:127,6
DA:128,6
DA:129,6
DA:130,0
DA:132,6
DA:133,6
DA:139,2
DA:140,4
DA:141,4
DA:142,0
DA:145,4
DA:146,4
DA:147,0
DA:150,4
DA:151,4
DA:152,1
DA:155,3
DA:156,3
DA:157,1
DA:160,3
DA:161,2
DA:162,1
DA:164,1
DA:167,2
DA:169,2
DA:172,2
DA:173,4
DA:174,4
DA:175,1
DA:178,3
DA:179,3
DA:180,2
DA:181,2
DA:182,2
DA:184,2
DA:186,2
DA:193,3
DA:196,2
DA:197,6
DA:198,6
DA:199,1
DA:202,5
DA:203,0
DA:206,5
DA:207,5
DA:208,3
DA:211,2
DA:212,2
DA:213,2
DA:215,2
DA:218,2
DA:219,2
DA:220,2
DA:223,2
DA:224,2
LF:120
LH:113
BRDA:12,0,0,5
BRDA:12,0,1,12
BRDA:12,1,0,17
BRDA:12,1,1,12
BRDA:17,2,0,12
BRDA:17,2,1,2
BRDA:41,3,0,1
BRDA:41,3,1,37
BRDA:41,4,0,38
BRDA:41,4,1,37
BRDA:41,4,2,37
BRDA:44,5,0,2
BRDA:44,5,1,35
BRDA:44,6,0,37
BRDA:44,6,1,36
BRDA:47,7,0,1
BRDA:47,7,1,34
BRDA:50,8,0,1
BRDA:50,8,1,33
BRDA:65,9,0,1
BRDA:65,9,1,17
BRDA:65,10,0,18
BRDA:65,10,1,18
BRDA:68,11,0,0
BRDA:68,11,1,17
BRDA:73,12,0,1
BRDA:73,12,1,15
BRDA:78,13,0,2
BRDA:78,13,1,13
BRDA:84,14,0,0
BRDA:84,14,1,13
BRDA:96,15,0,0
BRDA:96,15,1,13
BRDA:103,16,0,1
BRDA:103,16,1,5
BRDA:103,17,0,6
BRDA:103,17,1,6
BRDA:106,18,0,1
BRDA:106,18,1,4
BRDA:111,19,0,1
BRDA:111,19,1,3
BRDA:116,20,0,1
BRDA:116,20,1,2
BRDA:119,21,0,1
BRDA:119,21,1,1
BRDA:129,22,0,0
BRDA:129,22,1,6
BRDA:141,23,0,0
BRDA:141,23,1,4
BRDA:141,24,0,4
BRDA:141,24,1,4
BRDA:146,25,0,0
BRDA:146,25,1,4
BRDA:151,26,0,1
BRDA:151,26,1,3
BRDA:156,27,0,1
BRDA:156,27,1,2
BRDA:160,28,0,2
BRDA:160,28,1,1
BRDA:161,29,0,1
BRDA:161,29,1,1
BRDA:161,30,0,2
BRDA:161,30,1,1
BRDA:174,31,0,1
BRDA:174,31,1,3
BRDA:179,32,0,2
BRDA:179,32,1,1
BRDA:198,33,0,1
BRDA:198,33,1,5
BRDA:198,34,0,6
BRDA:198,34,1,5
BRDA:202,35,0,0
BRDA:202,35,1,5
BRDA:202,36,0,5
BRDA:202,36,1,5
BRDA:207,37,0,3
BRDA:207,37,1,2
BRDA:207,38,0,5
BRDA:207,38,1,3
BRDA:207,38,2,3
BRF:80
BRH:73
end_of_record
TN:
SF:db.js
FN:14,(anonymous_0)
FN:20,(anonymous_1)
FN:29,(anonymous_2)
FN:35,(anonymous_3)
FN:53,(anonymous_4)
FN:56,(anonymous_5)
FN:62,(anonymous_6)
FN:69,(anonymous_7)
FN:75,(anonymous_8)
FN:81,(anonymous_9)
FNF:10
FNH:10
FNDA:74,(anonymous_0)
FNDA:32,(anonymous_1)
FNDA:6,(anonymous_2)
FNDA:4,(anonymous_3)
FNDA:81,(anonymous_4)
FNDA:8,(anonymous_5)
FNDA:5,(anonymous_6)
FNDA:2,(anonymous_7)
FNDA:13,(anonymous_8)
FNDA:2,(anonymous_9)
DA:2,2
DA:3,2
DA:5,2
DA:13,2
DA:15,74
DA:18,74
DA:21,32
DA:22,32
DA:23,32
DA:27,32
DA:30,6
DA:36,4
DA:37,4
DA:38,4
DA:39,1
DA:40,1
DA:42,4
DA:43,3
DA:44,3
DA:46,4
DA:47,4
DA:48,4
DA:54,81
DA:57,8
DA:63,5
DA:67,5
DA:70,2
DA:76,13
DA:82,2
LF:29
LH:29
BRDA:22,0,0,0
BRDA:22,0,1,32
BRDA:38,1,0,1
BRDA:38,1,1,3
BRDA:42,2,0,3
BRDA:42,2,1,1
BRDA:46,3,0,0
BRDA:46,3,1,4
BRF:8
BRH:6
end_of_record
