{"C:\\Users\\patri\\Documents\\GitHub\\COSC4353_SoftwareDesignGroup1_Summer2026\\Assignment_4_Group_1\\QSLoginBackend\\app.js": {"path":"C:\\Users\\patri\\Documents\\GitHub\\COSC4353_SoftwareDesignGroup1_Summer2026\\Assignment_4_Group_1\\QSLoginBackend\\app.js","statementMap":{"0":{"start":{"line":1,"column":16},"end":{"line":1,"column":34}},"1":{"start":{"line":2,"column":13},"end":{"line":2,"column":28}},"2":{"start":{"line":3,"column":15},"end":{"line":3,"column":32}},"3":{"start":{"line":4,"column":11},"end":{"line":4,"column":26}},"4":{"start":{"line":5,"column":15},"end":{"line":5,"column":32}},"5":{"start":{"line":6,"column":19},"end":{"line":6,"column":40}},"6":{"start":{"line":8,"column":12},"end":{"line":8,"column":21}},"7":{"start":{"line":9,"column":19},"end":{"line":9,"column":47}},"8":{"start":{"line":11,"column":20},"end":{"line":20,"column":2}},"9":{"start":{"line":22,"column":0},"end":{"line":22,"column":16}},"10":{"start":{"line":23,"column":0},"end":{"line":23,"column":24}},"11":{"start":{"line":25,"column":0},"end":{"line":27,"column":3}},"12":{"start":{"line":26,"column":2},"end":{"line":26,"column":44}},"13":{"start":{"line":29,"column":0},"end":{"line":51,"column":3}},"14":{"start":{"line":30,"column":34},"end":{"line":30,"column":42}},"15":{"start":{"line":32,"column":2},"end":{"line":34,"column":3}},"16":{"start":{"line":33,"column":4},"end":{"line":33,"column":84}},"17":{"start":{"line":35,"column":2},"end":{"line":37,"column":3}},"18":{"start":{"line":36,"column":4},"end":{"line":36,"column":90}},"19":{"start":{"line":38,"column":2},"end":{"line":40,"column":3}},"20":{"start":{"line":39,"column":4},"end":{"line":39,"column":82}},"21":{"start":{"line":41,"column":2},"end":{"line":43,"column":3}},"22":{"start":{"line":42,"column":4},"end":{"line":42,"column":87}},"23":{"start":{"line":45,"column":25},"end":{"line":45,"column":56}},"24":{"start":{"line":46,"column":18},"end":{"line":46,"column":94}},"25":{"start":{"line":48,"column":2},"end":{"line":50,"column":5}},"26":{"start":{"line":53,"column":0},"end":{"line":74,"column":3}},"27":{"start":{"line":54,"column":28},"end":{"line":54,"column":36}},"28":{"start":{"line":56,"column":2},"end":{"line":58,"column":3}},"29":{"start":{"line":57,"column":4},"end":{"line":57,"column":77}},"30":{"start":{"line":59,"column":2},"end":{"line":61,"column":3}},"31":{"start":{"line":60,"column":4},"end":{"line":60,"column":82}},"32":{"start":{"line":63,"column":15},"end":{"line":63,"column":46}},"33":{"start":{"line":64,"column":2},"end":{"line":66,"column":3}},"34":{"start":{"line":65,"column":4},"end":{"line":65,"column":71}},"35":{"start":{"line":68,"column":26},"end":{"line":68,"column":76}},"36":{"start":{"line":69,"column":2},"end":{"line":71,"column":3}},"37":{"start":{"line":70,"column":4},"end":{"line":70,"column":70}},"38":{"start":{"line":73,"column":2},"end":{"line":73,"column":98}},"39":{"start":{"line":76,"column":0},"end":{"line":100,"column":3}},"40":{"start":{"line":77,"column":28},"end":{"line":77,"column":36}},"41":{"start":{"line":79,"column":2},"end":{"line":81,"column":3}},"42":{"start":{"line":80,"column":4},"end":{"line":80,"column":77}},"43":{"start":{"line":82,"column":2},"end":{"line":84,"column":3}},"44":{"start":{"line":83,"column":4},"end":{"line":83,"column":82}},"45":{"start":{"line":86,"column":15},"end":{"line":86,"column":46}},"46":{"start":{"line":87,"column":2},"end":{"line":89,"column":3}},"47":{"start":{"line":88,"column":4},"end":{"line":88,"column":71}},"48":{"start":{"line":91,"column":26},"end":{"line":91,"column":76}},"49":{"start":{"line":92,"column":2},"end":{"line":94,"column":3}},"50":{"start":{"line":93,"column":4},"end":{"line":93,"column":71}},"51":{"start":{"line":95,"column":2},"end":{"line":97,"column":3}},"52":{"start":{"line":96,"column":4},"end":{"line":96,"column":81}},"53":{"start":{"line":99,"column":2},"end":{"line":99,"column":98}},"54":{"start":{"line":102,"column":0},"end":{"line":113,"column":3}},"55":{"start":{"line":103,"column":18},"end":{"line":103,"column":26}},"56":{"start":{"line":104,"column":15},"end":{"line":104,"column":46}},"57":{"start":{"line":105,"column":2},"end":{"line":107,"column":3}},"58":{"start":{"line":106,"column":4},"end":{"line":106,"column":69}},"59":{"start":{"line":108,"column":2},"end":{"line":108,"column":50}},"60":{"start":{"line":109,"column":2},"end":{"line":112,"column":5}},"61":{"start":{"line":115,"column":0},"end":{"line":146,"column":3}},"62":{"start":{"line":116,"column":57},"end":{"line":116,"column":65}},"63":{"start":{"line":117,"column":2},"end":{"line":119,"column":3}},"64":{"start":{"line":118,"column":4},"end":{"line":118,"column":85}},"65":{"start":{"line":121,"column":15},"end":{"line":121,"column":46}},"66":{"start":{"line":122,"column":2},"end":{"line":124,"column":3}},"67":{"start":{"line":123,"column":4},"end":{"line":123,"column":65}},"68":{"start":{"line":126,"column":26},"end":{"line":126,"column":83}},"69":{"start":{"line":127,"column":2},"end":{"line":129,"column":3}},"70":{"start":{"line":128,"column":4},"end":{"line":128,"column":75}},"71":{"start":{"line":131,"column":18},"end":{"line":131,"column":20}},"72":{"start":{"line":132,"column":2},"end":{"line":134,"column":3}},"73":{"start":{"line":133,"column":4},"end":{"line":133,"column":27}},"74":{"start":{"line":136,"column":2},"end":{"line":141,"column":3}},"75":{"start":{"line":137,"column":4},"end":{"line":139,"column":5}},"76":{"start":{"line":138,"column":6},"end":{"line":138,"column":106}},"77":{"start":{"line":140,"column":4},"end":{"line":140,"column":63}},"78":{"start":{"line":143,"column":2},"end":{"line":143,"column":45}},"79":{"start":{"line":145,"column":2},"end":{"line":145,"column":67}},"80":{"start":{"line":148,"column":0},"end":{"line":170,"column":3}},"81":{"start":{"line":149,"column":18},"end":{"line":149,"column":26}},"82":{"start":{"line":150,"column":2},"end":{"line":152,"column":3}},"83":{"start":{"line":151,"column":4},"end":{"line":151,"column":63}},"84":{"start":{"line":154,"column":15},"end":{"line":154,"column":46}},"85":{"start":{"line":155,"column":2},"end":{"line":168,"column":3}},"86":{"start":{"line":156,"column":18},"end":{"line":156,"column":56}},"87":{"start":{"line":157,"column":20},"end":{"line":157,"column":50}},"88":{"start":{"line":158,"column":4},"end":{"line":158,"column":57}},"89":{"start":{"line":160,"column":22},"end":{"line":160,"column":116}},"90":{"start":{"line":162,"column":4},"end":{"line":167,"column":7}},"91":{"start":{"line":169,"column":2},"end":{"line":169,"column":75}},"92":{"start":{"line":172,"column":0},"end":{"line":192,"column":3}},"93":{"start":{"line":173,"column":31},"end":{"line":173,"column":39}},"94":{"start":{"line":174,"column":2},"end":{"line":176,"column":3}},"95":{"start":{"line":175,"column":4},"end":{"line":175,"column":81}},"96":{"start":{"line":178,"column":2},"end":{"line":180,"column":3}},"97":{"start":{"line":179,"column":4},"end":{"line":179,"column":100}},"98":{"start":{"line":182,"column":15},"end":{"line":182,"column":51}},"99":{"start":{"line":183,"column":2},"end":{"line":185,"column":3}},"100":{"start":{"line":184,"column":4},"end":{"line":184,"column":82}},"101":{"start":{"line":187,"column":25},"end":{"line":187,"column":59}},"102":{"start":{"line":188,"column":2},"end":{"line":188,"column":69}},"103":{"start":{"line":189,"column":2},"end":{"line":189,"column":41}},"104":{"start":{"line":191,"column":2},"end":{"line":191,"column":63}},"105":{"start":{"line":194,"column":0},"end":{"line":197,"column":3}},"106":{"start":{"line":195,"column":2},"end":{"line":195,"column":49}},"107":{"start":{"line":196,"column":2},"end":{"line":196,"column":81}},"108":{"start":{"line":199,"column":0},"end":{"line":199,"column":21}}},"fnMap":{"0":{"name":"(anonymous_0)","decl":{"start":{"line":25,"column":23},"end":{"line":25,"column":24}},"loc":{"start":{"line":25,"column":37},"end":{"line":27,"column":1}},"line":25},"1":{"name":"(anonymous_1)","decl":{"start":{"line":29,"column":24},"end":{"line":29,"column":25}},"loc":{"start":{"line":29,"column":44},"end":{"line":51,"column":1}},"line":29},"2":{"name":"(anonymous_2)","decl":{"start":{"line":53,"column":23},"end":{"line":53,"column":24}},"loc":{"start":{"line":53,"column":43},"end":{"line":74,"column":1}},"line":53},"3":{"name":"(anonymous_3)","decl":{"start":{"line":76,"column":29},"end":{"line":76,"column":30}},"loc":{"start":{"line":76,"column":49},"end":{"line":100,"column":1}},"line":76},"4":{"name":"(anonymous_4)","decl":{"start":{"line":102,"column":34},"end":{"line":102,"column":35}},"loc":{"start":{"line":102,"column":54},"end":{"line":113,"column":1}},"line":102},"5":{"name":"(anonymous_5)","decl":{"start":{"line":115,"column":28},"end":{"line":115,"column":29}},"loc":{"start":{"line":115,"column":48},"end":{"line":146,"column":1}},"line":115},"6":{"name":"(anonymous_6)","decl":{"start":{"line":148,"column":33},"end":{"line":148,"column":34}},"loc":{"start":{"line":148,"column":53},"end":{"line":170,"column":1}},"line":148},"7":{"name":"(anonymous_7)","decl":{"start":{"line":172,"column":32},"end":{"line":172,"column":33}},"loc":{"start":{"line":172,"column":52},"end":{"line":192,"column":1}},"line":172},"8":{"name":"(anonymous_8)","decl":{"start":{"line":194,"column":8},"end":{"line":194,"column":9}},"loc":{"start":{"line":194,"column":33},"end":{"line":197,"column":1}},"line":194}},"branchMap":{"0":{"loc":{"start":{"line":32,"column":2},"end":{"line":34,"column":3}},"type":"if","locations":[{"start":{"line":32,"column":2},"end":{"line":34,"column":3}},{"start":{},"end":{}}],"line":32},"1":{"loc":{"start":{"line":32,"column":5},"end":{"line":32,"column":33}},"type":"binary-expr","locations":[{"start":{"line":32,"column":5},"end":{"line":32,"column":10}},{"start":{"line":32,"column":14},"end":{"line":32,"column":20}},{"start":{"line":32,"column":24},"end":{"line":32,"column":33}}],"line":32},"2":{"loc":{"start":{"line":35,"column":2},"end":{"line":37,"column":3}},"type":"if","locations":[{"start":{"line":35,"column":2},"end":{"line":37,"column":3}},{"start":{},"end":{}}],"line":35},"3":{"loc":{"start":{"line":35,"column":5},"end":{"line":35,"column":48}},"type":"binary-expr","locations":[{"start":{"line":35,"column":5},"end":{"line":35,"column":24}},{"start":{"line":35,"column":28},"end":{"line":35,"column":48}}],"line":35},"4":{"loc":{"start":{"line":38,"column":2},"end":{"line":40,"column":3}},"type":"if","locations":[{"start":{"line":38,"column":2},"end":{"line":40,"column":3}},{"start":{},"end":{}}],"line":38},"5":{"loc":{"start":{"line":41,"column":2},"end":{"line":43,"column":3}},"type":"if","locations":[{"start":{"line":41,"column":2},"end":{"line":43,"column":3}},{"start":{},"end":{}}],"line":41},"6":{"loc":{"start":{"line":56,"column":2},"end":{"line":58,"column":3}},"type":"if","locations":[{"start":{"line":56,"column":2},"end":{"line":58,"column":3}},{"start":{},"end":{}}],"line":56},"7":{"loc":{"start":{"line":56,"column":5},"end":{"line":56,"column":24}},"type":"binary-expr","locations":[{"start":{"line":56,"column":5},"end":{"line":56,"column":11}},{"start":{"line":56,"column":15},"end":{"line":56,"column":24}}],"line":56},"8":{"loc":{"start":{"line":59,"column":2},"end":{"line":61,"column":3}},"type":"if","locations":[{"start":{"line":59,"column":2},"end":{"line":61,"column":3}},{"start":{},"end":{}}],"line":59},"9":{"loc":{"start":{"line":64,"column":2},"end":{"line":66,"column":3}},"type":"if","locations":[{"start":{"line":64,"column":2},"end":{"line":66,"column":3}},{"start":{},"end":{}}],"line":64},"10":{"loc":{"start":{"line":69,"column":2},"end":{"line":71,"column":3}},"type":"if","locations":[{"start":{"line":69,"column":2},"end":{"line":71,"column":3}},{"start":{},"end":{}}],"line":69},"11":{"loc":{"start":{"line":79,"column":2},"end":{"line":81,"column":3}},"type":"if","locations":[{"start":{"line":79,"column":2},"end":{"line":81,"column":3}},{"start":{},"end":{}}],"line":79},"12":{"loc":{"start":{"line":79,"column":5},"end":{"line":79,"column":24}},"type":"binary-expr","locations":[{"start":{"line":79,"column":5},"end":{"line":79,"column":11}},{"start":{"line":79,"column":15},"end":{"line":79,"column":24}}],"line":79},"13":{"loc":{"start":{"line":82,"column":2},"end":{"line":84,"column":3}},"type":"if","locations":[{"start":{"line":82,"column":2},"end":{"line":84,"column":3}},{"start":{},"end":{}}],"line":82},"14":{"loc":{"start":{"line":87,"column":2},"end":{"line":89,"column":3}},"type":"if","locations":[{"start":{"line":87,"column":2},"end":{"line":89,"column":3}},{"start":{},"end":{}}],"line":87},"15":{"loc":{"start":{"line":92,"column":2},"end":{"line":94,"column":3}},"type":"if","locations":[{"start":{"line":92,"column":2},"end":{"line":94,"column":3}},{"start":{},"end":{}}],"line":92},"16":{"loc":{"start":{"line":95,"column":2},"end":{"line":97,"column":3}},"type":"if","locations":[{"start":{"line":95,"column":2},"end":{"line":97,"column":3}},{"start":{},"end":{}}],"line":95},"17":{"loc":{"start":{"line":105,"column":2},"end":{"line":107,"column":3}},"type":"if","locations":[{"start":{"line":105,"column":2},"end":{"line":107,"column":3}},{"start":{},"end":{}}],"line":105},"18":{"loc":{"start":{"line":117,"column":2},"end":{"line":119,"column":3}},"type":"if","locations":[{"start":{"line":117,"column":2},"end":{"line":119,"column":3}},{"start":{},"end":{}}],"line":117},"19":{"loc":{"start":{"line":117,"column":5},"end":{"line":117,"column":31}},"type":"binary-expr","locations":[{"start":{"line":117,"column":5},"end":{"line":117,"column":11}},{"start":{"line":117,"column":15},"end":{"line":117,"column":31}}],"line":117},"20":{"loc":{"start":{"line":122,"column":2},"end":{"line":124,"column":3}},"type":"if","locations":[{"start":{"line":122,"column":2},"end":{"line":124,"column":3}},{"start":{},"end":{}}],"line":122},"21":{"loc":{"start":{"line":127,"column":2},"end":{"line":129,"column":3}},"type":"if","locations":[{"start":{"line":127,"column":2},"end":{"line":129,"column":3}},{"start":{},"end":{}}],"line":127},"22":{"loc":{"start":{"line":132,"column":2},"end":{"line":134,"column":3}},"type":"if","locations":[{"start":{"line":132,"column":2},"end":{"line":134,"column":3}},{"start":{},"end":{}}],"line":132},"23":{"loc":{"start":{"line":136,"column":2},"end":{"line":141,"column":3}},"type":"if","locations":[{"start":{"line":136,"column":2},"end":{"line":141,"column":3}},{"start":{},"end":{}}],"line":136},"24":{"loc":{"start":{"line":137,"column":4},"end":{"line":139,"column":5}},"type":"if","locations":[{"start":{"line":137,"column":4},"end":{"line":139,"column":5}},{"start":{},"end":{}}],"line":137},"25":{"loc":{"start":{"line":137,"column":7},"end":{"line":137,"column":56}},"type":"binary-expr","locations":[{"start":{"line":137,"column":7},"end":{"line":137,"column":29}},{"start":{"line":137,"column":33},"end":{"line":137,"column":56}}],"line":137},"26":{"loc":{"start":{"line":150,"column":2},"end":{"line":152,"column":3}},"type":"if","locations":[{"start":{"line":150,"column":2},"end":{"line":152,"column":3}},{"start":{},"end":{}}],"line":150},"27":{"loc":{"start":{"line":155,"column":2},"end":{"line":168,"column":3}},"type":"if","locations":[{"start":{"line":155,"column":2},"end":{"line":168,"column":3}},{"start":{},"end":{}}],"line":155},"28":{"loc":{"start":{"line":174,"column":2},"end":{"line":176,"column":3}},"type":"if","locations":[{"start":{"line":174,"column":2},"end":{"line":176,"column":3}},{"start":{},"end":{}}],"line":174},"29":{"loc":{"start":{"line":174,"column":5},"end":{"line":174,"column":27}},"type":"binary-expr","locations":[{"start":{"line":174,"column":5},"end":{"line":174,"column":11}},{"start":{"line":174,"column":15},"end":{"line":174,"column":27}}],"line":174},"30":{"loc":{"start":{"line":178,"column":2},"end":{"line":180,"column":3}},"type":"if","locations":[{"start":{"line":178,"column":2},"end":{"line":180,"column":3}},{"start":{},"end":{}}],"line":178},"31":{"loc":{"start":{"line":178,"column":5},"end":{"line":178,"column":54}},"type":"binary-expr","locations":[{"start":{"line":178,"column":5},"end":{"line":178,"column":27}},{"start":{"line":178,"column":31},"end":{"line":178,"column":54}}],"line":178},"32":{"loc":{"start":{"line":183,"column":2},"end":{"line":185,"column":3}},"type":"if","locations":[{"start":{"line":183,"column":2},"end":{"line":185,"column":3}},{"start":{},"end":{}}],"line":183},"33":{"loc":{"start":{"line":183,"column":5},"end":{"line":183,"column":90}},"type":"binary-expr","locations":[{"start":{"line":183,"column":5},"end":{"line":183,"column":10}},{"start":{"line":183,"column":14},"end":{"line":183,"column":39}},{"start":{"line":183,"column":43},"end":{"line":183,"column":90}}],"line":183}},"s":{"0":2,"1":2,"2":2,"3":2,"4":2,"5":2,"6":2,"7":2,"8":2,"9":2,"10":2,"11":2,"12":0,"13":2,"14":23,"15":23,"16":1,"17":22,"18":2,"19":20,"20":1,"21":19,"22":1,"23":18,"24":18,"25":17,"26":2,"27":17,"28":17,"29":1,"30":16,"31":0,"32":16,"33":15,"34":1,"35":14,"36":14,"37":2,"38":12,"39":2,"40":3,"41":3,"42":0,"43":3,"44":0,"45":3,"46":3,"47":0,"48":3,"49":3,"50":1,"51":2,"52":1,"53":1,"54":2,"55":3,"56":3,"57":3,"58":0,"59":3,"60":3,"61":2,"62":4,"63":4,"64":0,"65":4,"66":4,"67":0,"68":4,"69":4,"70":1,"71":3,"72":3,"73":1,"74":3,"75":2,"76":1,"77":1,"78":2,"79":2,"80":2,"81":0,"82":0,"83":0,"84":0,"85":0,"86":0,"87":0,"88":0,"89":0,"90":0,"91":0,"92":2,"93":0,"94":0,"95":0,"96":0,"97":0,"98":0,"99":0,"100":0,"101":0,"102":0,"103":0,"104":0,"105":2,"106":2,"107":2,"108":2},"f":{"0":0,"1":23,"2":17,"3":3,"4":3,"5":4,"6":0,"7":0,"8":2},"b":{"0":[1,22],"1":[23,22,22],"2":[2,20],"3":[22,21],"4":[1,19],"5":[1,18],"6":[1,16],"7":[17,17],"8":[0,16],"9":[1,14],"10":[2,12],"11":[0,3],"12":[3,3],"13":[0,3],"14":[0,3],"15":[1,2],"16":[1,1],"17":[0,3],"18":[0,4],"19":[4,4],"20":[0,4],"21":[1,3],"22":[1,2],"23":[2,1],"24":[1,1],"25":[2,1],"26":[0,0],"27":[0,0],"28":[0,0],"29":[0,0],"30":[0,0],"31":[0,0],"32":[0,0],"33":[0,0,0]},"_coverageSchema":"1a1c01bbd47fc00a2c39e90264f33305004495a9","hash":"8e02a93ae385d0d4c41fbeb0b43ea6a11f14f7bd"}
,"C:\\Users\\patri\\Documents\\GitHub\\COSC4353_SoftwareDesignGroup1_Summer2026\\Assignment_4_Group_1\\QSLoginBackend\\db.js": {"path":"C:\\Users\\patri\\Documents\\GitHub\\COSC4353_SoftwareDesignGroup1_Summer2026\\Assignment_4_Group_1\\QSLoginBackend\\db.js","statementMap":{"0":{"start":{"line":2,"column":0},"end":{"line":2,"column":27}},"1":{"start":{"line":3,"column":14},"end":{"line":3,"column":39}},"2":{"start":{"line":5,"column":13},"end":{"line":10,"column":2}},"3":{"start":{"line":12,"column":0},"end":{"line":77,"column":2}},"4":{"start":{"line":14,"column":19},"end":{"line":16,"column":5}},"5":{"start":{"line":17,"column":4},"end":{"line":17,"column":19}},"6":{"start":{"line":20,"column":44},"end":{"line":20,"column":52}},"7":{"start":{"line":21,"column":19},"end":{"line":21,"column":62}},"8":{"start":{"line":22,"column":21},"end":{"line":25,"column":5}},"9":{"start":{"line":26,"column":4},"end":{"line":26,"column":62}},"10":{"start":{"line":29,"column":4},"end":{"line":32,"column":6}},"11":{"start":{"line":35,"column":19},"end":{"line":35,"column":21}},"12":{"start":{"line":36,"column":19},"end":{"line":36,"column":21}},"13":{"start":{"line":37,"column":4},"end":{"line":40,"column":5}},"14":{"start":{"line":38,"column":6},"end":{"line":38,"column":30}},"15":{"start":{"line":39,"column":6},"end":{"line":39,"column":32}},"16":{"start":{"line":41,"column":4},"end":{"line":44,"column":5}},"17":{"start":{"line":42,"column":6},"end":{"line":42,"column":39}},"18":{"start":{"line":43,"column":6},"end":{"line":43,"column":41}},"19":{"start":{"line":45,"column":4},"end":{"line":45,"column":35}},"20":{"start":{"line":45,"column":28},"end":{"line":45,"column":35}},"21":{"start":{"line":46,"column":4},"end":{"line":46,"column":25}},"22":{"start":{"line":47,"column":4},"end":{"line":50,"column":6}},"23":{"start":{"line":53,"column":4},"end":{"line":53,"column":79}},"24":{"start":{"line":56,"column":4},"end":{"line":59,"column":6}},"25":{"start":{"line":62,"column":19},"end":{"line":65,"column":5}},"26":{"start":{"line":66,"column":4},"end":{"line":66,"column":19}},"27":{"start":{"line":69,"column":4},"end":{"line":72,"column":6}},"28":{"start":{"line":75,"column":4},"end":{"line":75,"column":21}}},"fnMap":{"0":{"name":"(anonymous_0)","decl":{"start":{"line":13,"column":19},"end":{"line":13,"column":20}},"loc":{"start":{"line":13,"column":36},"end":{"line":18,"column":3}},"line":13},"1":{"name":"(anonymous_1)","decl":{"start":{"line":19,"column":14},"end":{"line":19,"column":15}},"loc":{"start":{"line":19,"column":34},"end":{"line":27,"column":3}},"line":19},"2":{"name":"(anonymous_2)","decl":{"start":{"line":28,"column":18},"end":{"line":28,"column":19}},"loc":{"start":{"line":28,"column":41},"end":{"line":33,"column":3}},"line":28},"3":{"name":"(anonymous_3)","decl":{"start":{"line":34,"column":14},"end":{"line":34,"column":15}},"loc":{"start":{"line":34,"column":42},"end":{"line":51,"column":3}},"line":34},"4":{"name":"(anonymous_4)","decl":{"start":{"line":52,"column":21},"end":{"line":52,"column":22}},"loc":{"start":{"line":52,"column":38},"end":{"line":54,"column":3}},"line":52},"5":{"name":"(anonymous_5)","decl":{"start":{"line":55,"column":17},"end":{"line":55,"column":18}},"loc":{"start":{"line":55,"column":52},"end":{"line":60,"column":3}},"line":55},"6":{"name":"(anonymous_6)","decl":{"start":{"line":61,"column":24},"end":{"line":61,"column":25}},"loc":{"start":{"line":61,"column":41},"end":{"line":67,"column":3}},"line":61},"7":{"name":"(anonymous_7)","decl":{"start":{"line":68,"column":19},"end":{"line":68,"column":20}},"loc":{"start":{"line":68,"column":38},"end":{"line":73,"column":3}},"line":68},"8":{"name":"(anonymous_8)","decl":{"start":{"line":74,"column":13},"end":{"line":74,"column":14}},"loc":{"start":{"line":74,"column":25},"end":{"line":76,"column":3}},"line":74}},"branchMap":{"0":{"loc":{"start":{"line":21,"column":19},"end":{"line":21,"column":62}},"type":"cond-expr","locations":[{"start":{"line":21,"column":38},"end":{"line":21,"column":53}},{"start":{"line":21,"column":56},"end":{"line":21,"column":62}}],"line":21},"1":{"loc":{"start":{"line":37,"column":4},"end":{"line":40,"column":5}},"type":"if","locations":[{"start":{"line":37,"column":4},"end":{"line":40,"column":5}},{"start":{},"end":{}}],"line":37},"2":{"loc":{"start":{"line":41,"column":4},"end":{"line":44,"column":5}},"type":"if","locations":[{"start":{"line":41,"column":4},"end":{"line":44,"column":5}},{"start":{},"end":{}}],"line":41},"3":{"loc":{"start":{"line":45,"column":4},"end":{"line":45,"column":35}},"type":"if","locations":[{"start":{"line":45,"column":4},"end":{"line":45,"column":35}},{"start":{},"end":{}}],"line":45}},"s":{"0":2,"1":2,"2":2,"3":2,"4":44,"5":44,"6":17,"7":17,"8":17,"9":17,"10":3,"11":2,"12":2,"13":2,"14":1,"15":1,"16":2,"17":1,"18":1,"19":2,"20":0,"21":2,"22":2,"23":40,"24":0,"25":0,"26":0,"27":0,"28":2},"f":{"0":44,"1":17,"2":3,"3":2,"4":40,"5":0,"6":0,"7":0,"8":2},"b":{"0":[0,17],"1":[1,1],"2":[1,1],"3":[0,2]},"_coverageSchema":"1a1c01bbd47fc00a2c39e90264f33305004495a9","hash":"b107609f029f25dea9081a11676a433b6196624f"}
}
