TN:
SF:app.js
FN:25,(anonymous_0)
FN:29,(anonymous_1)
FN:53,(anonymous_2)
FN:76,(anonymous_3)
FN:102,(anonymous_4)
FN:115,(anonymous_5)
FN:148,(anonymous_6)
FN:172,(anonymous_7)
FN:194,(anonymous_8)
FNF:9
FNH:5
FNDA:0,(anonymous_0)
FNDA:19,(anonymous_1)
FNDA:15,(anonymous_2)
FNDA:3,(anonymous_3)
FNDA:3,(anonymous_4)
FNDA:0,(anonymous_5)
FNDA:0,(anonymous_6)
FNDA:0,(anonymous_7)
FNDA:2,(anonymous_8)
DA:1,2
DA:2,2
DA:3,2
DA:4,2
DA:5,2
DA:6,2
DA:8,2
DA:9,2
DA:11,2
DA:22,2
DA:23,2
DA:25,2
DA:26,0
DA:29,2
DA:30,19
DA:32,19
DA:33,1
DA:35,18
DA:36,2
DA:38,16
DA:39,1
DA:41,15
DA:42,1
DA:45,14
DA:46,14
DA:48,13
DA:53,2
DA:54,15
DA:56,15
DA:57,1
DA:59,14
DA:60,0
DA:63,14
DA:64,13
DA:65,1
DA:68,12
DA:69,12
DA:70,1
DA:73,11
DA:76,2
DA:77,3
DA:79,3
DA:80,0
DA:82,3
DA:83,0
DA:86,3
DA:87,3
DA:88,0
DA:91,3
DA:92,3
DA:93,1
DA:95,2
DA:96,1
DA:99,1
DA:102,2
DA:103,3
DA:104,3
DA:105,3
DA:106,0
DA:108,3
DA:109,3
DA:115,2
DA:116,0
DA:117,0
DA:118,0
DA:121,0
DA:122,0
DA:123,0
DA:126,0
DA:127,0
DA:128,0
DA:131,0
DA:132,0
DA:133,0
DA:136,0
DA:137,0
DA:138,0
DA:140,0
DA:143,0
DA:145,0
DA:148,2
DA:149,0
DA:150,0
DA:151,0
DA:154,0
DA:155,0
DA:156,0
DA:157,0
DA:158,0
DA:160,0
DA:162,0
DA:169,0
DA:172,2
DA:173,0
DA:174,0
DA:175,0
DA:178,0
DA:179,0
DA:182,0
DA:183,0
DA:184,0
DA:187,0
DA:188,0
DA:189,0
DA:191,0
DA:194,2
DA:195,2
DA:196,2
DA:199,2
LF:109
LH:62
BRDA:32,0,0,1
BRDA:32,0,1,18
BRDA:32,1,0,19
BRDA:32,1,1,18
BRDA:32,1,2,18
BRDA:35,2,0,2
BRDA:35,2,1,16
BRDA:35,3,0,18
BRDA:35,3,1,17
BRDA:38,4,0,1
BRDA:38,4,1,15
BRDA:41,5,0,1
BRDA:41,5,1,14
BRDA:56,6,0,1
BRDA:56,6,1,14
BRDA:56,7,0,15
BRDA:56,7,1,15
BRDA:59,8,0,0
BRDA:59,8,1,14
BRDA:64,9,0,1
BRDA:64,9,1,12
BRDA:69,10,0,1
BRDA:69,10,1,11
BRDA:79,11,0,0
BRDA:79,11,1,3
BRDA:79,12,0,3
BRDA:79,12,1,3
BRDA:82,13,0,0
BRDA:82,13,1,3
BRDA:87,14,0,0
BRDA:87,14,1,3
BRDA:92,15,0,1
BRDA:92,15,1,2
BRDA:95,16,0,1
BRDA:95,16,1,1
BRDA:105,17,0,0
BRDA:105,17,1,3
BRDA:117,18,0,0
BRDA:117,18,1,0
BRDA:117,19,0,0
BRDA:117,19,1,0
BRDA:122,20,0,0
BRDA:122,20,1,0
BRDA:127,21,0,0
BRDA:127,21,1,0
BRDA:132,22,0,0
BRDA:132,22,1,0
BRDA:136,23,0,0
BRDA:136,23,1,0
BRDA:137,24,0,0
BRDA:137,24,1,0
BRDA:137,25,0,0
BRDA:137,25,1,0
BRDA:150,26,0,0
BRDA:150,26,1,0
BRDA:155,27,0,0
BRDA:155,27,1,0
BRDA:174,28,0,0
BRDA:174,28,1,0
BRDA:174,29,0,0
BRDA:174,29,1,0
BRDA:178,30,0,0
BRDA:178,30,1,0
BRDA:178,31,0,0
BRDA:178,31,1,0
BRDA:183,32,0,0
BRDA:183,32,1,0
BRDA:183,33,0,0
BRDA:183,33,1,0
BRDA:183,33,2,0
BRF:70
BRH:32
end_of_record
TN:
SF:db.js
FN:13,(anonymous_0)
FN:19,(anonymous_1)
FN:28,(anonymous_2)
FN:34,(anonymous_3)
FN:52,(anonymous_4)
FN:55,(anonymous_5)
FN:61,(anonymous_6)
FN:68,(anonymous_7)
FN:74,(anonymous_8)
FNF:9
FNH:5
FNDA:34,(anonymous_0)
FNDA:13,(anonymous_1)
FNDA:3,(anonymous_2)
FNDA:0,(anonymous_3)
FNDA:28,(anonymous_4)
FNDA:0,(anonymous_5)
FNDA:0,(anonymous_6)
FNDA:0,(anonymous_7)
FNDA:2,(anonymous_8)
DA:2,2
DA:3,2
DA:5,2
DA:12,2
DA:14,34
DA:17,34
DA:20,13
DA:21,13
DA:22,13
DA:26,13
DA:29,3
DA:35,0
DA:36,0
DA:37,0
DA:38,0
DA:39,0
DA:41,0
DA:42,0
DA:43,0
DA:45,0
DA:46,0
DA:47,0
DA:53,28
DA:56,0
DA:62,0
DA:66,0
DA:69,0
DA:75,2
LF:28
LH:13
BRDA:21,0,0,0
BRDA:21,0,1,13
BRDA:37,1,0,0
BRDA:37,1,1,0
BRDA:41,2,0,0
BRDA:41,2,1,0
BRDA:45,3,0,0
BRDA:45,3,1,0
BRF:8
BRH:1
end_of_record
