TN:
SF:app.js
FN:25,(anonymous_0)
FN:29,(anonymous_1)
FN:53,(anonymous_2)
FN:76,(anonymous_3)
FN:102,(anonymous_4)
FN:115,(anonymous_5)
FN:148,(anonymous_6)
FN:172,(anonymous_7)
FN:194,(anonymous_8)
FNF:9
FNH:8
FNDA:0,(anonymous_0)
FNDA:38,(anonymous_1)
FNDA:18,(anonymous_2)
FNDA:6,(anonymous_3)
FNDA:6,(anonymous_4)
FNDA:4,(anonymous_5)
FNDA:4,(anonymous_6)
FNDA:6,(anonymous_7)
FNDA:2,(anonymous_8)
DA:1,2
DA:2,2
DA:3,2
DA:4,2
DA:5,2
DA:6,2
DA:8,2
DA:9,2
DA:11,2
DA:22,2
DA:23,2
DA:25,2
DA:26,0
DA:29,2
DA:30,38
DA:32,38
DA:33,1
DA:35,37
DA:36,2
DA:38,35
DA:39,1
DA:41,34
DA:42,1
DA:45,33
DA:46,33
DA:48,32
DA:53,2
DA:54,18
DA:56,18
DA:57,1
DA:59,17
DA:60,0
DA:63,17
DA:64,16
DA:65,1
DA:68,15
DA:69,15
DA:70,2
DA:73,13
DA:76,2
DA:77,6
DA:79,6
DA:80,1
DA:82,5
DA:83,1
DA:86,4
DA:87,4
DA:88,1
DA:91,3
DA:92,3
DA:93,1
DA:95,2
DA:96,1
DA:99,1
DA:102,2
DA:103,6
DA:104,6
DA:105,6
DA:106,0
DA:108,6
DA:109,6
DA:115,2
DA:116,4
DA:117,4
DA:118,0
DA:121,4
DA:122,4
DA:123,0
DA:126,4
DA:127,4
DA:128,1
DA:131,3
DA:132,3
DA:133,1
DA:136,3
DA:137,2
DA:138,1
DA:140,1
DA:143,2
DA:145,2
DA:148,2
DA:149,4
DA:150,4
DA:151,1
DA:154,3
DA:155,3
DA:156,2
DA:157,2
DA:158,2
DA:160,2
DA:162,2
DA:169,3
DA:172,2
DA:173,6
DA:174,6
DA:175,1
DA:178,5
DA:179,0
DA:182,5
DA:183,5
DA:184,3
DA:187,2
DA:188,2
DA:189,2
DA:191,2
DA:194,2
DA:195,2
DA:196,2
DA:199,2
LF:109
LH:103
BRDA:32,0,0,1
BRDA:32,0,1,37
BRDA:32,1,0,38
BRDA:32,1,1,37
BRDA:32,1,2,37
BRDA:35,2,0,2
BRDA:35,2,1,35
BRDA:35,3,0,37
BRDA:35,3,1,36
BRDA:38,4,0,1
BRDA:38,4,1,34
BRDA:41,5,0,1
BRDA:41,5,1,33
BRDA:56,6,0,1
BRDA:56,6,1,17
BRDA:56,7,0,18
BRDA:56,7,1,18
BRDA:59,8,0,0
BRDA:59,8,1,17
BRDA:64,9,0,1
BRDA:64,9,1,15
BRDA:69,10,0,2
BRDA:69,10,1,13
BRDA:79,11,0,1
BRDA:79,11,1,5
BRDA:79,12,0,6
BRDA:79,12,1,6
BRDA:82,13,0,1
BRDA:82,13,1,4
BRDA:87,14,0,1
BRDA:87,14,1,3
BRDA:92,15,0,1
BRDA:92,15,1,2
BRDA:95,16,0,1
BRDA:95,16,1,1
BRDA:105,17,0,0
BRDA:105,17,1,6
BRDA:117,18,0,0
BRDA:117,18,1,4
BRDA:117,19,0,4
BRDA:117,19,1,4
BRDA:122,20,0,0
BRDA:122,20,1,4
BRDA:127,21,0,1
BRDA:127,21,1,3
BRDA:132,22,0,1
BRDA:132,22,1,2
BRDA:136,23,0,2
BRDA:136,23,1,1
BRDA:137,24,0,1
BRDA:137,24,1,1
BRDA:137,25,0,2
BRDA:137,25,1,1
BRDA:150,26,0,1
BRDA:150,26,1,3
BRDA:155,27,0,2
BRDA:155,27,1,1
BRDA:174,28,0,1
BRDA:174,28,1,5
BRDA:174,29,0,6
BRDA:174,29,1,5
BRDA:178,30,0,0
BRDA:178,30,1,5
BRDA:178,31,0,5
BRDA:178,31,1,5
BRDA:183,32,0,3
BRDA:183,32,1,2
BRDA:183,33,0,5
BRDA:183,33,1,3
BRDA:183,33,2,3
BRF:70
BRH:65
end_of_record
TN:
SF:db.js
FN:14,(anonymous_0)
FN:20,(anonymous_1)
FN:29,(anonymous_2)
FN:35,(anonymous_3)
FN:53,(anonymous_4)
FN:56,(anonymous_5)
FN:62,(anonymous_6)
FN:69,(anonymous_7)
FN:75,(anonymous_8)
FNF:9
FNH:9
FNDA:74,(anonymous_0)
FNDA:32,(anonymous_1)
FNDA:6,(anonymous_2)
FNDA:4,(anonymous_3)
FNDA:73,(anonymous_4)
FNDA:8,(anonymous_5)
FNDA:5,(anonymous_6)
FNDA:2,(anonymous_7)
FNDA:2,(anonymous_8)
DA:2,2
DA:3,2
DA:5,2
DA:13,2
DA:15,74
DA:18,74
DA:21,32
DA:22,32
DA:23,32
DA:27,32
DA:30,6
DA:36,4
DA:37,4
DA:38,4
DA:39,1
DA:40,1
DA:42,4
DA:43,3
DA:44,3
DA:46,4
DA:47,4
DA:48,4
DA:54,73
DA:57,8
DA:63,5
DA:67,5
DA:70,2
DA:76,2
LF:28
LH:28
BRDA:22,0,0,0
BRDA:22,0,1,32
BRDA:38,1,0,1
BRDA:38,1,1,3
BRDA:42,2,0,3
BRDA:42,2,1,1
BRDA:46,3,0,0
BRDA:46,3,1,4
BRF:8
BRH:6
end_of_record
